/Storage/bacterjobs/2550/2550.cache exists? 0
Building mesh files (.face and .vert) for file: "/Storage/bacterjobs/2550/2550.pdb"
 PDB file /Storage/bacterjobs/2550/2550.pdb has been read in.
NUM CHAINS: 2
A: 329
B: 329
Now with 2 chains.
baseDir: /Storage/bacterjobs/2550
baseFilename: 2550
Building atom type table!
chain 0 of 2: '/Storage/bacterjobs/2550/2550_00_0_A.xyzr'
chain 1 of 2: '/Storage/bacterjobs/2550/2550_01_328_B.xyzr'
MSMS 2.6.1 started on octo.mitchell-lab.internal
Copyright M.F. Sanner (1994)
Compilation flags -O3 -DVERBOSE -DTIMING -DFUNCPROTO -force_cpusubtype_ALL
INPUT  /Storage/bacterjobs/2550/2550_00_0_A.xyzr 2313 spheres 0 collision only, radii  1.400 to  1.800
PARAM  Probe_radius  1.500 density  3.000 hdensity  3.000
REDUCED SURFACE ...
    0 free vertex (vertices) found
    RS component 0 identified 1602 1600 1566
    4 free edge(s) found in component 0
    RS component 1 identified 319 718 717
    RS component 2 identified 330 538 331
    RS component 3 identified 342 331 429
    RS component 4 identified 741 925 757
    RS component 5 identified 1062 1989 1867
    RS component 6 identified 1098 1386 1346
    RS component 7 identified 1116 1853 1852
    RS component 8 identified 1191 1577 1649
    RS component 9 identified 1196 1212 1299
    RS component 10 identified 1206 1540 1542
    RS component 11 identified 1260 1285 1669
    RS component 12 identified 1553 1585 1584
    RS component 13 identified 1686 1677 1693
    RS component  #faces  #edges #free_edges  #vertices   genus
         0        2996     4494          4       1363      70.5
         1          16       24          0      -1353      681.5
         2          20       30          0          2      5
         3          12       18          0         -4      6
         4           6        9          0         -3      4
         5          28       42          0         11      2.5
         6           4        6          0        -12      8
         7           8       12          0          2      2
         8          10       15          0          1      3
         9           4        6          0         -3      3.5
        10          18       27          0          7      2
        11           6        9          0         -6      5.5
        12          10       15          0          2      2.5
        13           6        9          0         -2      3.5
    Time Reduced Surface real: 1.14 user: 1.14 sys: 0.00
ANALYTICAL SOLVENT EXCLUDED SURFACE...
    Component   0
        Time Surface real: 0.06 user: 0.05 sys: 0.01
ordonne_arete: warning hole in a reentrant face 6903
        Time Singularities real: 0.02 user: 0.02 sys: 0.00
    Component   1
        Time Surface real: 0.00 user: 0.00 sys: 0.00
        Time Singularities real: 0.00 user: 0.00 sys: 0.00
    Component   2
        Time Surface real: 0.00 user: 0.00 sys: 0.00
        Time Singularities real: 0.00 user: 0.00 sys: 0.00
    Component   3
        Time Surface real: 0.00 user: 0.00 sys: 0.00
        Time Singularities real: 0.00 user: 0.00 sys: 0.00
    Component   4
        Time Surface real: 0.00 user: 0.00 sys: 0.00
        Time Singularities real: 0.00 user: 0.00 sys: 0.00
    Component   5
        Time Surface real: 0.00 user: 0.00 sys: 0.00
        Time Singularities real: 0.00 user: 0.00 sys: 0.00
    Component   6
        Time Surface real: 0.00 user: 0.00 sys: 0.00
        Time Singularities real: 0.00 user: 0.00 sys: 0.00
    Component   7
        Time Surface real: 0.00 user: 0.00 sys: 0.00
        Time Singularities real: 0.00 user: 0.00 sys: 0.00
    Component   8
        Time Surface real: 0.00 user: 0.00 sys: 0.00
        Time Singularities real: 0.00 user: 0.00 sys: 0.00
    Component   9
        Time Surface real: 0.00 user: 0.00 sys: 0.00
        Time Singularities real: 0.00 user: 0.00 sys: 0.00
    Component  10
        Time Surface real: 0.00 user: 0.00 sys: 0.00
        Time Singularities real: 0.00 user: 0.00 sys: 0.00
    Component  11
        Time Surface real: 0.00 user: 0.01 sys: 0.00
        Time Singularities real: 0.00 user: 0.00 sys: 0.00
    Component  12
        Time Surface real: 0.00 user: 0.00 sys: 0.00
        Time Singularities real: 0.00 user: 0.00 sys: 0.00
    Component  13
        Time Surface real: 0.00 user: 0.00 sys: 0.00
        Time Singularities real: 0.00 user: 0.00 sys: 0.00
    SES comp.  #fac.  #edg. #s_edg. #vert. #s_vert. R_h C_h genus
         0     9207  18610    248    9404      402   1   8    5
         1       54    108      4      56        8   0   0    0
         2       64    126      2      64        4   0   0    0
         3       40     78      2      40        4   0   0    0
         4       22     42      2      22        4   0   0    0
         5       87    171      1      86        2   0   0    0
         6       15     27      1      14        2   0   0    0
         7       28     54      2      28        4   0   0    0
         8       34     66      2      34        4   0   0    0
         9       16     30      2      16        4   0   0    0
        10       58    114      2      58        4   0   0    0
        11       22     42      2      22        4   0   0    0
        12       33     63      1      32        2   0   0    0
        13       22     42      2      22        4   0   0    0
ANALYTICAL SURFACE AREA :
    Comp. probe_radius,   reent,    toric,   contact    SES       SAS
      0       1.500    3919.288  5178.489  4174.089 13271.866 15513.576
      1       1.500      63.427    16.086     2.539    82.053     9.283
      2       1.500      45.927    11.762     1.210    58.899     4.196
      3       1.500      46.501     9.423     0.986    56.909     3.460
      4       1.500      29.907     0.782     0.009    30.698     0.033
      5       1.500      70.370    27.239     5.090   102.698    18.545
      6       1.500      31.012     0.874     0.013    31.899     0.049
      7       1.500      32.738     2.783     0.081    35.602     0.280
      8       1.500      44.897     7.238     0.551    52.686     1.929
      9       1.500      29.152     0.305     0.002    29.459     0.007
     10       1.500      48.190     9.197     0.951    58.338     3.311
     11       1.500      32.325     1.840     0.055    34.220     0.201
     12       1.500      32.635     1.414     0.034    34.083     0.118
     13       1.500      36.527     2.094     0.095    38.716     0.384
TRIANGULATION...
    Component 0
WARNING: geodesic which intersects odd number of edges
    component#, vertices,  edges,  faces, genus, density
        0          37402  112230   74820    5     2.818
        Time Triangulation real: 0.32 user: 0.32 sys: 0.01
    Component 1
    component#, vertices,  edges,  faces, genus, density
        1            266     792     528    0     3.242
        Time Triangulation real: 0.01 user: 0.01 sys: 0.01
    Component 2
    component#, vertices,  edges,  faces, genus, density
        2            225     669     446    0     3.820
        Time Triangulation real: 0.01 user: 0.00 sys: 0.00
    Component 3
    component#, vertices,  edges,  faces, genus, density
        3            189     561     374    0     3.321
        Time Triangulation real: 0.01 user: 0.00 sys: 0.00
    Component 4
    component#, vertices,  edges,  faces, genus, density
        4            110     324     216    0     3.583
        Time Triangulation real: 0.00 user: 0.00 sys: 0.00
    Component 5
    component#, vertices,  edges,  faces, genus, density
        5            345    1029     686    0     3.359
        Time Triangulation real: 0.00 user: 0.00 sys: 0.00
    Component 6
    component#, vertices,  edges,  faces, genus, density
        6            105     309     206    0     3.292
        Time Triangulation real: 0.00 user: 0.00 sys: 0.00
    Component 7
    component#, vertices,  edges,  faces, genus, density
        7            134     396     264    0     3.764
        Time Triangulation real: 0.00 user: 0.01 sys: 0.00
    Component 8
    component#, vertices,  edges,  faces, genus, density
        8            190     564     376    0     3.606
        Time Triangulation real: 0.00 user: 0.00 sys: 0.00
    Component 9
    component#, vertices,  edges,  faces, genus, density
        9             97     285     190    0     3.293
        Time Triangulation real: 0.00 user: 0.00 sys: 0.00
    Component 10
    component#, vertices,  edges,  faces, genus, density
       10            236     702     468    0     4.045
        Time Triangulation real: 0.00 user: 0.01 sys: 0.00
    Component 11
    component#, vertices,  edges,  faces, genus, density
       11            123     363     242    0     3.594
        Time Triangulation real: 0.00 user: 0.00 sys: 0.00
    Component 12
    component#, vertices,  edges,  faces, genus, density
       12            147     435     290    0     4.313
        Time Triangulation real: 0.00 user: 0.00 sys: 0.00
    Component 13
    component#, vertices,  edges,  faces, genus, density
       13            133     393     262    0     3.435
        Time Triangulation real: 0.01 user: 0.01 sys: 0.00
NUMERICAL VOLUMES AND AREA
    Comp. probe_radius SES_volume SES_area)
       0      1.50    35702.641  13051.695
       1      1.50      -60.369     79.869
       2      1.50      -38.563     57.099
       3      1.50      -36.517     55.157
       4      1.50      -14.700     29.372
       5      1.50      -85.156    100.090
       6      1.50      -15.646     30.632
       7      1.50      -18.439     34.216
       8      1.50      -32.266     51.106
       9      1.50      -13.814     28.189
      10      1.50      -37.579     56.592
      11      1.50      -17.427     32.899
      12      1.50      -17.284     32.781
      13      1.50      -20.802     37.316
    Total ses_volume: 35294.090
MSMS terminated normally
Total Time real: 2.13 user: 2.09 sys: 0.04
MSMS 2.6.1 started on octo.mitchell-lab.internal
Copyright M.F. Sanner (1994)
Compilation flags -O3 -DVERBOSE -DTIMING -DFUNCPROTO -force_cpusubtype_ALL
INPUT  /Storage/bacterjobs/2550/2550_01_328_B.xyzr 2313 spheres 0 collision only, radii  1.400 to  1.800
PARAM  Probe_radius  1.500 density  3.000 hdensity  3.000
REDUCED SURFACE ...
    0 free vertex (vertices) found
    RS component 0 identified 153 150 142
    4 free edge(s) found in component 0
    RS component 1 identified 330 331 332
    RS component 2 identified 342 752 750
    RS component 3 identified 741 913 938
    RS component 4 identified 1062 1867 1064
    RS component 5 identified 1098 1105 1386
    RS component 6 identified 1116 2253 1113
    RS component 7 identified 1191 1195 1431
    RS component 8 identified 1194 1439 1208
    RS component 9 identified 1204 1195 1194
    RS component 10 identified 1260 1285 1669
    RS component 11 identified 1297 1439 1299
    RS component 12 identified 1553 1578 1648
    RS component 13 identified 1686 1892 1877
    RS component  #faces  #edges #free_edges  #vertices   genus
         0        3002     4503          4       1372      67.5
         1          20       30          0      -1360      686
         2          12       18          0         -4      6
         3           6        9          0         -3      4
         4          28       42          0         11      2.5
         5           4        6          0        -12      8
         6           8       12          0          2      2
         7           4        6          0         -2      3
         8           6        9          0          1      2
         9          26       39          0          9      3
        10           6        9          0         -9      7
        11           6        9          0          0      2.5
        12          12       18          0          3      2.5
        13           6        9          0         -3      4
    Time Reduced Surface real: 1.15 user: 1.14 sys: 0.00
ANALYTICAL SOLVENT EXCLUDED SURFACE...
    Component   0
        Time Surface real: 0.05 user: 0.04 sys: 0.01
ordonne_arete: warning hole in a reentrant face 263
        Time Singularities real: 0.02 user: 0.02 sys: 0.00
    Component   1
        Time Surface real: 0.00 user: 0.00 sys: 0.00
        Time Singularities real: 0.00 user: 0.00 sys: 0.00
    Component   2
        Time Surface real: 0.00 user: 0.00 sys: 0.00
        Time Singularities real: 0.00 user: 0.00 sys: 0.00
    Component   3
        Time Surface real: 0.00 user: 0.00 sys: 0.00
        Time Singularities real: 0.00 user: 0.00 sys: 0.00
    Component   4
        Time Surface real: 0.00 user: 0.00 sys: 0.00
        Time Singularities real: 0.00 user: 0.00 sys: 0.00
    Component   5
        Time Surface real: 0.00 user: 0.00 sys: 0.00
        Time Singularities real: 0.00 user: 0.00 sys: 0.00
    Component   6
        Time Surface real: 0.00 user: 0.00 sys: 0.00
        Time Singularities real: 0.00 user: 0.00 sys: 0.00
    Component   7
        Time Surface real: 0.00 user: 0.00 sys: 0.00
        Time Singularities real: 0.00 user: 0.00 sys: 0.00
    Component   8
        Time Surface real: 0.00 user: 0.00 sys: 0.00
        Time Singularities real: 0.00 user: 0.00 sys: 0.00
    Component   9
        Time Surface real: 0.00 user: 0.00 sys: 0.00
        Time Singularities real: 0.00 user: 0.00 sys: 0.00
    Component  10
        Time Surface real: 0.00 user: 0.00 sys: 0.00
        Time Singularities real: 0.00 user: 0.00 sys: 0.00
    Component  11
        Time Surface real: 0.00 user: 0.00 sys: 0.00
        Time Singularities real: 0.00 user: 0.00 sys: 0.00
    Component  12
        Time Surface real: 0.00 user: 0.00 sys: 0.00
        Time Singularities real: 0.00 user: 0.01 sys: 0.00
    Component  13
        Time Surface real: 0.00 user: 0.00 sys: 0.00
        Time Singularities real: 0.00 user: 0.00 sys: 0.00
    SES comp.  #fac.  #edg. #s_edg. #vert. #s_vert. R_h C_h genus
         0     9224  18649    240    9426      406   1   8    5
         1       64    126      2      64        4   0   0    0
         2       40     78      2      40        4   0   0    0
         3       22     42      2      22        4   0   0    0
         4       87    171      1      86        2   0   0    0
         5       15     27      1      14        2   0   0    0
         6       28     54      2      28        4   0   0    0
         7       15     27      1      14        2   0   0    0
         8       23     45      3      24        6   0   0    0
         9       83    165      3      84        6   0   0    0
        10       22     42      2      22        4   0   0    0
        11       22     42      2      22        4   0   0    0
        12       39     75      1      38        2   0   0    0
        13       22     42      2      22        4   0   0    0
ANALYTICAL SURFACE AREA :
    Comp. probe_radius,   reent,    toric,   contact    SES       SAS
      0       1.500    3954.187  5201.849  4192.151 13348.188 15580.732
      1       1.500      45.953    12.232     1.234    59.419     4.278
      2       1.500      47.656    10.045     1.079    58.780     3.787
      3       1.500      29.997     0.805     0.010    30.811     0.037
      4       1.500      70.382    27.369     5.090   102.842    18.547
      5       1.500      30.410     0.674     0.008    31.092     0.028
      6       1.500      33.326     3.087     0.101    36.514     0.350
      7       1.500      29.693     0.411     0.003    30.107     0.011
      8       1.500      30.208     0.622     0.008    30.838     0.028
      9       1.500      63.423    17.083     1.643    82.149     5.759
     10       1.500      31.900     1.571     0.045    33.515     0.164
     11       1.500      29.959     0.595     0.007    30.561     0.025
     12       1.500      33.462     1.815     0.056    35.333     0.194
     13       1.500      36.982     2.224     0.111    39.317     0.450
TRIANGULATION...
    Component 0
    component#, vertices,  edges,  faces, genus, density
        0          37483  112473   74982    5     2.808
        Time Triangulation real: 0.32 user: 0.32 sys: 0.01
    Component 1
    component#, vertices,  edges,  faces, genus, density
        1            227     675     450    0     3.820
        Time Triangulation real: 0.00 user: 0.01 sys: 0.00
    Component 2
    component#, vertices,  edges,  faces, genus, density
        2            196     582     388    0     3.334
        Time Triangulation real: 0.00 user: 0.01 sys: 0.00
    Component 3
    component#, vertices,  edges,  faces, genus, density
        3            111     327     218    0     3.603
        Time Triangulation real: 0.00 user: 0.00 sys: 0.00
    Component 4
    component#, vertices,  edges,  faces, genus, density
        4            342    1020     680    0     3.326
        Time Triangulation real: 0.01 user: 0.00 sys: 0.00
    Component 5
    component#, vertices,  edges,  faces, genus, density
        5            103     303     202    0     3.313
        Time Triangulation real: 0.01 user: 0.00 sys: 0.00
    Component 6
    component#, vertices,  edges,  faces, genus, density
        6            133     393     262    0     3.642
        Time Triangulation real: 0.00 user: 0.00 sys: 0.00
    Component 7
    component#, vertices,  edges,  faces, genus, density
        7            103     303     202    0     3.421
        Time Triangulation real: 0.00 user: 0.00 sys: 0.00
    Component 8
WARNING: geodesic which intersects odd number of edges
    component#, vertices,  edges,  faces, genus, density
        8            112     330     220    0     3.632
        Time Triangulation real: 0.00 user: 0.00 sys: 0.00
    Component 9
    component#, vertices,  edges,  faces, genus, density
        9            334     996     664    0     4.066
        Time Triangulation real: 0.00 user: 0.00 sys: 0.00
    Component 10
    component#, vertices,  edges,  faces, genus, density
       10            117     345     230    0     3.491
        Time Triangulation real: 0.00 user: 0.00 sys: 0.00
    Component 11
    component#, vertices,  edges,  faces, genus, density
       11            112     330     220    0     3.665
        Time Triangulation real: 0.01 user: 0.01 sys: 0.00
    Component 12
    component#, vertices,  edges,  faces, genus, density
       12            159     471     314    0     4.500
        Time Triangulation real: 0.00 user: 0.00 sys: 0.00
    Component 13
    component#, vertices,  edges,  faces, genus, density
       13            130     384     256    0     3.306
        Time Triangulation real: 0.00 user: 0.00 sys: 0.00
NUMERICAL VOLUMES AND AREA
    Comp. probe_radius SES_volume SES_area)
       0      1.50    35645.707  13124.336
       1      1.50      -39.062     57.659
       2      1.50      -38.232     57.068
       3      1.50      -14.782     29.485
       4      1.50      -85.147    100.235
       5      1.50      -15.035     29.814
       6      1.50      -19.126     35.092
       7      1.50      -14.344     28.878
       8      1.50      -14.881     29.618
       9      1.50      -57.607     80.152
      10      1.50      -16.848     32.151
      11      1.50      -14.612     29.267
      12      1.50      -18.195     33.962
      13      1.50      -21.229     37.837
    Total ses_volume: 35276.605
MSMS terminated normally
Total Time real: 2.14 user: 2.09 sys: 0.05
37402 vertices 74820 faces
266 vertices 528 faces
236 vertices 468 faces
123 vertices 242 faces
147 vertices 290 faces
133 vertices 262 faces
225 vertices 446 faces
189 vertices 374 faces
110 vertices 216 faces
345 vertices 686 faces
105 vertices 206 faces
134 vertices 264 faces
190 vertices 376 faces
97 vertices 190 faces
37483 vertices 74982 faces
227 vertices 450 faces
117 vertices 230 faces
112 vertices 220 faces
159 vertices 314 faces
130 vertices 256 faces
196 vertices 388 faces
111 vertices 218 faces
342 vertices 680 faces
103 vertices 202 faces
133 vertices 262 faces
103 vertices 202 faces
112 vertices 220 faces
334 vertices 664 faces
 PDB file /Storage/bacterjobs/2550/2550.pdb has been read in.
NUM CHAINS: 2
A: 329
B: 329
Now with 2 chains.
IN STRUCTURE: 2 CHAINS.
0 = 'A':329
1 = 'B':329
Num Visibility Samples Built: 258
BBOX SIZE: 50.347 x 82.465 x 62.209
FEATURE SIZE: 0.676444
Computing Visibility. GPU? 0  Finished? 0
Computing visibility (CPU)... 37402 verts. 
Sample: 20/258
Sample: 40/258
Sample: 60/258
Sample: 80/258
Sample: 100/258
Sample: 120/258
Sample: 140/258
Sample: 160/258
Sample: 180/258
Sample: 200/258
Sample: 220/258
Sample: 240/258
Finished computing visibility.
Comps: 9649716   Ray-casts: 4830283
0, 0 -> (0) 0

--------------------------
PDB2PQR - a Python-based structural conversion utility
--------------------------
Please cite your use of PDB2PQR as:
  Dolinsky TJ, Nielsen JE, McCammon JA, Baker NA.
  PDB2PQR: an automated pipeline for the setup, execution,
  and analysis of Poisson-Boltzmann electrostatics calculations.
  Nucleic Acids Research 32 W665-W667 (2004).

/Storage/bacterjobs/2550/2550.pqr
29


----------------------------------------------------------------------
	APBS -- Adaptive Poisson-Boltzmann Solver
	Version 1.1.0
	
	Nathan A. Baker (baker@biochem.wustl.edu)
	Dept. Biochemistry and Molecular Biophysics
	Center for Computational Biology
	Washington University in St. Louis
	
	Additional contributing authors listed in the code documentation.
	
	Copyright (c) 2002-2009, Washington University in St. Louis.
	Portions Copyright (c) 2002-2009.  Nathan A. Baker
	Portions Copyright (c) 1999-2002.  The Regents of the University of California.
	Portions Copyright (c) 1995.  Michael Holst
	
	All rights reserved.
	
	Redistribution and use in source and binary forms, with or without
	modification, are permitted provided that the following conditions are met: 
	
	* Redistributions of source code must retain the above copyright notice, this
	list of conditions and the following disclaimer.  
	
	* Redistributions in binary form must reproduce the above copyright notice,
	this list of conditions and the following disclaimer in the documentation
	and/or other materials provided with the distribution.
	
	* Neither the name of Washington University in St. Louis nor the names of its
	contributors may be used to endorse or promote products derived from this
	software without specific prior written permission.
	
	THIS SOFTWARE IS PROVIDED BY THE COPYRIGHT HOLDERS AND CONTRIBUTORS
	"AS IS" AND ANY EXPRESS OR IMPLIED WARRANTIES, INCLUDING, BUT NOT
	LIMITED TO, THE IMPLIED WARRANTIES OF MERCHANTABILITY AND FITNESS FOR
	A PARTICULAR PURPOSE ARE DISCLAIMED. IN NO EVENT SHALL THE COPYRIGHT OWNER OR
	CONTRIBUTORS BE LIABLE FOR ANY DIRECT, INDIRECT, INCIDENTAL, SPECIAL,
	EXEMPLARY, OR CONSEQUENTIAL DAMAGES (INCLUDING, BUT NOT LIMITED TO,
	PROCUREMENT OF SUBSTITUTE GOODS OR SERVICES; LOSS OF USE, DATA, OR
	PROFITS; OR BUSINESS INTERRUPTION) HOWEVER CAUSED AND ON ANY THEORY OF
	LIABILITY, WHETHER IN CONTRACT, STRICT LIABILITY, OR TORT (INCLUDING
	NEGLIGENCE OR OTHERWISE) ARISING IN ANY WAY OUT OF THE USE OF THIS
	SOFTWARE, EVEN IF ADVISED OF THE POSSIBILITY OF SUCH DAMAGE.
----------------------------------------------------------------------
	APBS uses FETK (the Finite Element ToolKit) to solve the
	Poisson-Boltzmann equation numerically.  FETK is a portable collection
	of finite element modeling class libraries developed by the Michael Holst
	research group and written in an object-oriented form of C.  FEtk is
	designed to solve general coupled systems of nonlinear partial differential
	equations using adaptive finite element methods, inexact Newton methods,
	and algebraic multilevel methods.  More information about FEtk may be found
	at <http://www.FEtk.ORG>.
----------------------------------------------------------------------
	APBS also uses Aqua to solve the Poisson-Boltzmann equation numerically.  
	Aqua is a modified form of the Holst group PMG library <http://www.FEtk.ORG>
	which has been modified by Patrice Koehl
	<http://koehllab.genomecenter.ucdavis.edu/> for improved efficiency and
	memory usage when solving the Poisson-Boltzmann equation.
----------------------------------------------------------------------
	Please cite your use of APBS as:

	Baker NA, Sept D, Joseph S, Holst MJ, McCammon JA. Electrostatics of
	nanosystems: application to microtubules and the ribosome. Proc.
	Natl. Acad. Sci. USA 98, 10037-10041 2001.
	

This executable compiled on Mar  5 2009 at 14:58:47

Parsing input file 2550.in...
Parsed input file.
Got paths for 1 molecules
Reading PQR-format atom data from 2550.pqr.
  10010 atoms
  Centered at (8.850e-02, -2.226e+00, 5.890e-01)
  Net charge -6.00e+00 e
Preparing to run 2 PBE calculations.
----------------------------------------
CALCULATION #1: MULTIGRID
  Setting up problem...
  Vpbe_ctor:  Using max ion radius (0 A) for exclusion function
  Debye length:  0 A
  Current memory usage:  267.693 MB total, 267.693 MB high water
  Using cubic spline charge discretization.
  Grid dimensions: 97 x 97 x 97
  Grid spacings: 1.216 x 1.499 x 1.315
  Grid lengths: 116.759 x 143.859 x 126.286
  Grid center: (0.089, -2.226, 0.589)
  Multigrid levels: 4
  Molecule ID: 1
  Nonlinear traditional PBE
  Single Debye-Huckel sphere boundary conditions
  0 ion species (0.000 M ionic strength):
  Solute dielectric: 2.000
  Solvent dielectric: 78.540
  Using "molecular" surface definition;harmonic average smoothing
  Solvent probe radius: 1.400 A
  Temperature:  298.150 K
  Electrostatic energies will be calculated
  Solving PDE (see io.mc* for details)...
  Calculating energy (see io.mc* for details)...
  Total electrostatic energy = 3.768631121078E+04 kJ/mol
  Calculating forces...
----------------------------------------
CALCULATION #2: MULTIGRID
  Setting up problem...
  Vpbe_ctor:  Using max ion radius (0 A) for exclusion function
  Debye length:  0 A
  Current memory usage:  278.004 MB total, 306.502 MB high water
  Using cubic spline charge discretization.
  Grid dimensions: 97 x 97 x 97
  Grid spacings: 0.924 x 1.090 x 0.982
  Grid lengths: 88.682 x 104.623 x 94.286
  Grid center: (0.089, -2.226, 0.589)
  Multigrid levels: 4
  Molecule ID: 1
  Nonlinear traditional PBE
  Boundary conditions from focusing
  0 ion species (0.000 M ionic strength):
  Solute dielectric: 2.000
  Solvent dielectric: 78.540
  Using "molecular" surface definition;harmonic average smoothing
  Solvent probe radius: 1.400 A
  Temperature:  298.150 K
  Electrostatic energies will be calculated
  Potential to be written to 2550.dx
  Solving PDE (see io.mc* for details)...
  Calculating energy (see io.mc* for details)...
  Total electrostatic energy = 9.599889491752E+04 kJ/mol
  Calculating forces...
  Writing potential to 2550.dx
----------------------------------------
PRINT STATEMENTS
print energy 2 - 1 end
  Local net energy (PE 0) = -5.831258370674E+04 kJ/mol
  Global net ELEC energy = -5.831258370674E+04 kJ/mol
----------------------------------------
CLEANING UP AND SHUTTING DOWN...
Destroying force arrays.
No energy arrays to destroy.
Destroying multigrid structures.
Destroying 1 molecules
Final memory usage:  20.623 MB total, 306.502 MB high water


Thanks for using APBS!

DELTA:(0.923771,1.08982,0.982146)
ORIGIN: (-44.2525,-54.5375,-46.554)
DIMENSIONS:97 X 97 X 97
912673 elements
MEAN CHARGE: 1.70242  STDDEV: 16.7914
Relaxing... avg. delta change: 1.45644
MEAN CHARGE: 1.6934  STDDEV: 15.879
Relaxing... avg. delta change: 0.84323
MEAN CHARGE: 1.69034  STDDEV: 15.2621
Relaxing... avg. delta change: 0.639952
MEAN CHARGE: 1.69013  STDDEV: 14.7812
Relaxing... avg. delta change: 0.523184
MEAN CHARGE: 1.69108  STDDEV: 14.3852
Relaxing... avg. delta change: 0.444187
MEAN CHARGE: 1.69263  STDDEV: 14.0482
Relaxing... avg. delta change: 0.386304
MEAN CHARGE: 1.69442  STDDEV: 13.7545
Relaxing... avg. delta change: 0.342036
MEAN CHARGE: 1.69624  STDDEV: 13.4939
Relaxing... avg. delta change: 0.306975
MEAN CHARGE: 1.69802  STDDEV: 13.26
Relaxing... avg. delta change: 0.278416
MEAN CHARGE: 1.69971  STDDEV: 13.0479
Relaxing... avg. delta change: 0.254562
MEAN CHARGE: 1.7013  STDDEV: 12.8541
Relaxing... avg. delta change: 0.234283
MEAN CHARGE: 1.70281  STDDEV: 12.676
Relaxing... avg. delta change: 0.216862
MEAN CHARGE: 1.70422  STDDEV: 12.5113
Relaxing... avg. delta change: 0.201669
MEAN CHARGE: 1.70554  STDDEV: 12.3584
Relaxing... avg. delta change: 0.188301
MEAN CHARGE: 1.70677  STDDEV: 12.2158
Relaxing... avg. delta change: 0.176446
MEAN CHARGE: 1.70792  STDDEV: 12.0821
Relaxing... avg. delta change: 0.165876
MEAN CHARGE: 1.70897  STDDEV: 11.9566
Relaxing... avg. delta change: 0.156374
MEAN CHARGE: 1.70996  STDDEV: 11.8382
Relaxing... avg. delta change: 0.147843
MEAN CHARGE: 1.71089  STDDEV: 11.7261
Relaxing... avg. delta change: 0.140123
MEAN CHARGE: 1.71176  STDDEV: 11.6198
Relaxing... avg. delta change: 0.133112
MEAN CHARGE: 1.7126  STDDEV: 11.5186
Relaxing... avg. delta change: 0.126722
MEAN CHARGE: 1.71338  STDDEV: 11.422
Relaxing... avg. delta change: 0.120877
MEAN CHARGE: 1.71412  STDDEV: 11.3298
Relaxing... avg. delta change: 0.115519
MEAN CHARGE: 1.71484  STDDEV: 11.2414
Relaxing... avg. delta change: 0.110575
Building ligand binding sites...vertex: 1000/37402
vertex: 2000/37402
vertex: 3000/37402
vertex: 4000/37402
vertex: 5000/37402
vertex: 6000/37402
vertex: 7000/37402
vertex: 8000/37402
vertex: 9000/37402
vertex: 10000/37402
vertex: 11000/37402
vertex: 12000/37402
vertex: 13000/37402
vertex: 14000/37402
vertex: 15000/37402
vertex: 16000/37402
vertex: 17000/37402
vertex: 18000/37402
vertex: 19000/37402
vertex: 20000/37402
vertex: 21000/37402
vertex: 22000/37402
vertex: 23000/37402
vertex: 24000/37402
vertex: 25000/37402
vertex: 26000/37402
vertex: 27000/37402
vertex: 28000/37402
vertex: 29000/37402
vertex: 30000/37402
vertex: 31000/37402
vertex: 32000/37402
vertex: 33000/37402
vertex: 34000/37402
vertex: 35000/37402
vertex: 36000/37402
vertex: 37000/37402
 done (added 270 regions).
Computing Smooth Vertices with mu = 0.800000, lambda = 0.870000, ring = 3, levels = 1, iters = 8
Time taken: 0.77 seconds.
FOUND: 140 peaks and 129 bowls. 
# GROUPS BEFORE: 269
WHOOPS! GOT HERE???
# GROUPS AFTER: 58
Removing features... Error... vert 2761 is improperly formed!
Error... vert 17393 is improperly formed!
Error... vert 31871 is improperly formed!
Error... vert 28496 is improperly formed!
Error... vert 13450 is improperly formed!
Error... vert 13451 is improperly formed!
Error... vert 33534 is improperly formed!
Error... vert 4471 is improperly formed!
Error... vert 22040 is improperly formed!
Error... vert 28513 is improperly formed!
Error... vert 26103 is improperly formed!
Error... vert 28513 is improperly formed!
Error... vert 26108 is improperly formed!
Error... vert 26110 is improperly formed!
Error... vert 26115 is improperly formed!
Error... vert 26110 is improperly formed!
Error... vert 28513 is improperly formed!
Error... vert 26106 is improperly formed!
Error... vert 28513 is improperly formed!
Error... vert 26108 is improperly formed!
Error... vert 28514 is improperly formed!
Error... vert 2352 is improperly formed!
Error... vert 13074 is improperly formed!
Error... vert 18937 is improperly formed!
Error... vert 23652 is improperly formed!
Error... vert 7239 is improperly formed!
ERROR! VERTS SAME!
ERROR! VERTS SAME!
ERROR! VERTS SAME!
Done.
Computing Smooth Vertices with mu = 0.800000, lambda = 0.870000, ring = 3, levels = 1, iters = 8
Time taken: 0.65 seconds.
Computing Smooth Vertices with mu = 0.800000, lambda = 0.870000, ring = 3, levels = 1, iters = 8
Time taken: 0.65 seconds.
FOUND: 246 peaks and 305 bowls. 
# GROUPS BEFORE: 551
WHOOPS! GOT HERE???
# GROUPS AFTER: 70
Removing features... Error... vert 15624 is improperly formed!
Error... vert 19062 is improperly formed!
Error... vert 24729 is improperly formed!
Error... vert 27814 is improperly formed!
Error... vert 23474 is improperly formed!
Error... vert 23474 is improperly formed!
Error... vert 23471 is improperly formed!
Error... vert 23474 is improperly formed!
Error... vert 23474 is improperly formed!
Error... vert 23471 is improperly formed!
Error... vert 23474 is improperly formed!
Error... vert 23474 is improperly formed!
Error... vert 23471 is improperly formed!
Error... vert 23474 is improperly formed!
Error... vert 23474 is improperly formed!
Error... vert 23471 is improperly formed!
Error... vert 23474 is improperly formed!
Error... vert 23474 is improperly formed!
Done.
Computing Smooth Vertices with mu = 0.800000, lambda = 0.870000, ring = 3, levels = 1, iters = 8
Time taken: 0.51 seconds.
Computing Smooth Vertices with mu = 0.800000, lambda = 0.870000, ring = 3, levels = 1, iters = 8
Time taken: 0.53 seconds.
FOUND: 237 peaks and 162 bowls. 
# GROUPS BEFORE: 399
WHOOPS! GOT HERE???
# GROUPS AFTER: 50
Removing features... Error... vert 10454 is improperly formed!
Error... vert 2316 is improperly formed!
Error... vert 12261 is improperly formed!
Done.
Computing Smooth Vertices with mu = 0.800000, lambda = 0.870000, ring = 3, levels = 1, iters = 8
Time taken: 0.43 seconds.
0  => (hbond)   NUMV: 18   CENTER: 5009
1  => (hbond)   NUMV: 25   CENTER: 5041
2  => (hbond)   NUMV: 2   CENTER: 15150
3  => (hbond)   NUMV: 40   CENTER: 1264
4  => (hbond)  DISABLED.
5  => (hbond)   NUMV: 40   CENTER: 1206
6  => (hbond)  DISABLED.
7  => (hbond)   NUMV: 44   CENTER: 1338
8  => (hbond)   NUMV: 3   CENTER: 2043
9  => (hbond)  DISABLED.
10  => (hbond)   NUMV: 48   CENTER: 1332
11  => (hbond)  DISABLED.
12  => (hbond)   NUMV: 10   CENTER: 2040
13  => (hbond)   NUMV: 50   CENTER: 1761
14  => (hbond)  DISABLED.
15  => (hbond)   NUMV: 38   CENTER: 2710
16  => (hbond)   NUMV: 37   CENTER: 2732
17  => (hbond)  DISABLED.
18  => (hbond)   NUMV: 1   CENTER: 20863
19  => (hbond)   NUMV: 63   CENTER: 3994
20  => (hbond)   NUMV: 51   CENTER: 3736
21  => (hbond)   NUMV: 1   CENTER: 18615
22  => (hbond)   NUMV: 1   CENTER: 3101
23  => (hbond)   NUMV: 2   CENTER: 4207
24  => (hbond)   NUMV: 14   CENTER: 3449
25  => (hbond)  DISABLED.
26  => (hbond)   NUMV: 4   CENTER: 12630
27  => (hbond)  DISABLED.
28  => (hbond)   NUMV: 26   CENTER: 1995
29  => (hbond)  DISABLED.
30  => (hbond)   NUMV: 2   CENTER: 8956
31  => (hbond)   NUMV: 26   CENTER: 1297
32  => (hbond)   NUMV: 20   CENTER: 2301
33  => (hbond)   NUMV: 1   CENTER: 10220
34  => (hbond)   NUMV: 29   CENTER: 2306
35  => (hbond)   NUMV: 1   CENTER: 10191
36  => (hbond)  DISABLED.
37  => (hbond)   NUMV: 1   CENTER: 18504
38  => (hbond)   NUMV: 4   CENTER: 12509
39  => (hbond)   NUMV: 2   CENTER: 12509
40  => (hbond)   NUMV: 39   CENTER: 2671
41  => (hbond)  DISABLED.
42  => (hbond)   NUMV: 14   CENTER: 3036
43  => (hbond)   NUMV: 7   CENTER: 3047
44  => (hbond)  DISABLED.
45  => (hbond)   NUMV: 78   CENTER: 2677
46  => (hbond)   NUMV: 49   CENTER: 2308
47  => (hbond)  DISABLED.
48  => (hbond)   NUMV: 48   CENTER: 3074
49  => (hbond)   NUMV: 38   CENTER: 2696
50  => (hbond)  DISABLED.
51  => (hbond)   NUMV: 1   CENTER: 13640
52  => (hbond)   NUMV: 41   CENTER: 3660
53  => (hbond)   NUMV: 2   CENTER: 3915
54  => (hbond)   NUMV: 9   CENTER: 4129
55  => (hbond)  DISABLED.
56  => (hbond)   NUMV: 8   CENTER: 1599
57  => (hbond)   NUMV: 32   CENTER: 1261
58  => (hbond)  DISABLED.
59  => (hbond)   NUMV: 76   CENTER: 1542
60  => (hbond)  DISABLED.
61  => (hbond)   NUMV: 1   CENTER: 9489
62  => (hbond)   NUMV: 23   CENTER: 1531
63  => (hbond)   NUMV: 51   CENTER: 1934
64  => (hbond)   NUMV: 27   CENTER: 1936
65  => (hbond)   NUMV: 1   CENTER: 10861
66  => (hbond)  DISABLED.
67  => (hbond)  DISABLED.
68  => (hbond)   NUMV: 33   CENTER: 1944
69  => (hbond)   NUMV: 33   CENTER: 2277
70  => (hbond)   NUMV: 16   CENTER: 3588
71  => (hbond)   NUMV: 43   CENTER: 3594
72  => (hbond)   NUMV: 17   CENTER: 3891
73  => (hbond)  DISABLED.
74  => (hbond)   NUMV: 1   CENTER: 14493
75  => (hbond)   NUMV: 1   CENTER: 14484
76  => (hbond)  DISABLED.
77  => (hbond)   NUMV: 24   CENTER: 1558
78  => (hbond)   NUMV: 19   CENTER: 1557
79  => (hbond)   NUMV: 35   CENTER: 1522
80  => (hbond)  DISABLED.
81  => (hbond)   NUMV: 33   CENTER: 1923
82  => (hbond)   NUMV: 38   CENTER: 1519
83  => (hbond)   NUMV: 1   CENTER: 9443
84  => (hbond)   NUMV: 3   CENTER: 9450
85  => (hbond)  DISABLED.
86  => (hbond)   NUMV: 1   CENTER: 10140
87  => (hbond)  DISABLED.
88  => (hbond)   NUMV: 18   CENTER: 3584
89  => (hbond)   NUMV: 9   CENTER: 3855
90  => (hbond)  DISABLED.
91  => (hbond)   NUMV: 20   CENTER: 2547
92  => (hbond)  DISABLED.
93  => (hbond)   NUMV: 2   CENTER: 1921
94  => (hbond)   NUMV: 4   CENTER: 2549
95  => (hbond)  DISABLED.
96  => (hbond)   NUMV: 40   CENTER: 2219
97  => (hbond)   NUMV: 21   CENTER: 2223
98  => (hbond)   NUMV: 62   CENTER: 2538
99  => (hbond)   NUMV: 50   CENTER: 2542
100  => (hbond)   NUMV: 20   CENTER: 2863
101  => (hbond)   NUMV: 51   CENTER: 2883
102  => (hbond)   NUMV: 57   CENTER: 2857
103  => (hbond)   NUMV: 58   CENTER: 2502
104  => (hbond)   NUMV: 55   CENTER: 2496
105  => (hbond)   NUMV: 34   CENTER: 2480
106  => (hbond)   NUMV: 13   CENTER: 2817
107  => (hbond)  DISABLED.
108  => (hbond)   NUMV: 28   CENTER: 1417
109  => (hbond)   NUMV: 18   CENTER: 1837
110  => (hbond)  DISABLED.
111  => (hbond)   NUMV: 1   CENTER: 1434
112  => (hbond)   NUMV: 1   CENTER: 1443
113  => (hbond)  DISABLED.
114  => (hbond)   NUMV: 47   CENTER: 443
115  => (hbond)   NUMV: 58   CENTER: 612
116  => (hbond)  DISABLED.
117  => (hbond)   NUMV: 25   CENTER: 680
118  => (hbond)  DISABLED.
119  => (hbond)   NUMV: 14   CENTER: 1149
120  => (hbond)  DISABLED.
121  => (hbond)   NUMV: 22   CENTER: 1564
122  => (hbond)  DISABLED.
123  => (hbond)   NUMV: 37   CENTER: 1112
124  => (hbond)   NUMV: 25   CENTER: 1118
125  => (hbond)   NUMV: 33   CENTER: 1527
126  => (hbond)   NUMV: 1   CENTER: 8886
127  => (hbond)   NUMV: 8   CENTER: 8794
128  => (hbond)   NUMV: 29   CENTER: 1626
129  => (hbond)   NUMV: 38   CENTER: 653
130  => (hbond)   NUMV: 30   CENTER: 632
131  => (hbond)  DISABLED.
132  => (hbond)   NUMV: 45   CENTER: 2214
133  => (hbond)   NUMV: 23   CENTER: 2520
134  => (hbond)  DISABLED.
135  => (hbond)   NUMV: 38   CENTER: 833
136  => (hbond)  DISABLED.
137  => (hbond)   NUMV: 22   CENTER: 1896
138  => (hbond)   NUMV: 32   CENTER: 2205
139  => (hbond)   NUMV: 3   CENTER: 10661
140  => (hbond)   NUMV: 22   CENTER: 2185
141  => (hbond)   NUMV: 45   CENTER: 1875
142  => (hbond)  DISABLED.
143  => (hbond)   NUMV: 1   CENTER: 8459
144  => (hbond)   NUMV: 2   CENTER: 9364
145  => (hbond)  DISABLED.
146  => (hbond)   NUMV: 1   CENTER: 6544
147  => (hbond)   NUMV: 1   CENTER: 826
148  => (hbond)  DISABLED.
149  => (hbond)   NUMV: 34   CENTER: 474
150  => (hbond)   NUMV: 30   CENTER: 468
151  => (hbond)   NUMV: 29   CENTER: 55
152  => (hbond)   NUMV: 26   CENTER: 3
153  => (hbond)   NUMV: 37   CENTER: 4
154  => (hbond)   NUMV: 44   CENTER: 483
155  => (hbond)   NUMV: 46   CENTER: 317
156  => (hbond)   NUMV: 1   CENTER: 17471
157  => (hbond)   NUMV: 4   CENTER: 7074
158  => (hbond)   NUMV: 35   CENTER: 907
159  => (hbond)   NUMV: 28   CENTER: 343
160  => (hbond)  DISABLED.
161  => (hbond)   NUMV: 1   CENTER: 6348
162  => (hbond)   NUMV: 29   CENTER: 185
163  => (hbond)  DISABLED.
164  => (hbond)   NUMV: 37   CENTER: 62
165  => (hbond)   NUMV: 45   CENTER: 71
166  => (hbond)  DISABLED.
167  => (hbond)   NUMV: 54   CENTER: 74
168  => (hbond)   NUMV: 42   CENTER: 9
169  => (hbond)  DISABLED.
170  => (hbond)   NUMV: 39   CENTER: 113
171  => (hbond)   NUMV: 44   CENTER: 98
172  => (hbond)  DISABLED.
173  => (hbond)   NUMV: 14   CENTER: 0
174  => (hbond)   NUMV: 25   CENTER: 43
175  => (hbond)   NUMV: 29   CENTER: 1026
176  => (hbond)  DISABLED.
177  => (hbond)   NUMV: 3   CENTER: 1636
178  => (hbond)  DISABLED.
179  => (hbond)   NUMV: 14   CENTER: 937
180  => (hbond)   NUMV: 3   CENTER: 937
181  => (hbond)  DISABLED.
182  => (hbond)   NUMV: 22   CENTER: 711
183  => (hbond)   NUMV: 29   CENTER: 377
184  => (hbond)   NUMV: 2   CENTER: 6697
185  => (hbond)   NUMV: 11   CENTER: 965
186  => (hbond)  DISABLED.
187  => (hbond)   NUMV: 55   CENTER: 532
188  => (hbond)   NUMV: 33   CENTER: 535
189  => (hbond)   NUMV: 30   CENTER: 389
190  => (hbond)  DISABLED.
191  => (hbond)   NUMV: 5   CENTER: 2110
192  => (hbond)   NUMV: 23   CENTER: 1384
193  => (hbond)   NUMV: 16   CENTER: 1812
194  => (hbond)   NUMV: 37   CENTER: 1392
195  => (hbond)   NUMV: 21   CENTER: 998
196  => (hbond)  DISABLED.
197  => (hbond)  DISABLED.
198  => (hbond)   NUMV: 23   CENTER: 1639
199  => (hbond)   NUMV: 18   CENTER: 1593
200  => (hbond)   NUMV: 17   CENTER: 3142
201  => (hbond)   NUMV: 60   CENTER: 2757
202  => (hbond)   NUMV: 9   CENTER: 1778
203  => (hbond)  DISABLED.
204  => (hbond)   NUMV: 1   CENTER: 11187
205  => (hbond)   NUMV: 1   CENTER: 2042
206  => (hbond)   NUMV: 2   CENTER: 2055
207  => (hbond)   NUMV: 1   CENTER: 1781
208  => (hbond)   NUMV: 1   CENTER: 2762
209  => (hbond)  DISABLED.
210  => (hbond)   NUMV: 54   CENTER: 2773
211  => (hbond)  DISABLED.
212  => (hbond)   NUMV: 7   CENTER: 1797
213  => (hbond)   NUMV: 27   CENTER: 1346
214  => (hbond)  DISABLED.
215  => (hbond)   NUMV: 1   CENTER: 3462
216  => (hbond)   NUMV: 22   CENTER: 1673
217  => (hbond)   NUMV: 15   CENTER: 1665
218  => (hbond)  DISABLED.
219  => (hbond)   NUMV: 30   CENTER: 3456
220  => (hbond)   NUMV: 47   CENTER: 2738
221  => (hbond)   NUMV: 11   CENTER: 2735
222  => (hbond)   NUMV: 11   CENTER: 3116
223  => (hbond)   NUMV: 34   CENTER: 2371
224  => (hbond)   NUMV: 53   CENTER: 3737
225  => (hbond)   NUMV: 35   CENTER: 3798
226  => (hbond)  DISABLED.
227  => (hbond)   NUMV: 33   CENTER: 3550
228  => (hbond)  DISABLED.
229  => (hbond)   NUMV: 9   CENTER: 4213
230  => (hbond)   NUMV: 47   CENTER: 4004
231  => (hbond)   NUMV: 23   CENTER: 3565
232  => (hbond)   NUMV: 1   CENTER: 3808
233  => (hbond)   NUMV: 10   CENTER: 3568
234  => (hbond)   NUMV: 59   CENTER: 4038
235  => (hbond)   NUMV: 30   CENTER: 4040
236  => (hbond)  DISABLED.
237  => (hbond)   NUMV: 47   CENTER: 4127
238  => (hbond)  DISABLED.
239  => (hbond)   NUMV: 1   CENTER: 17092
240  => (hbond)   NUMV: 1   CENTER: 5670
241  => (hbond)  DISABLED.
242  => (hbond)   NUMV: 25   CENTER: 4236
243  => (hbond)   NUMV: 51   CENTER: 4239
244  => (hbond)  DISABLED.
245  => (hbond)   NUMV: 23   CENTER: 3849
246  => (hbond)   NUMV: 44   CENTER: 2560
247  => (hbond)   NUMV: 27   CENTER: 3559
248  => (hbond)   NUMV: 46   CENTER: 3275
249  => (hbond)  DISABLED.
250  => (hbond)   NUMV: 33   CENTER: 3465
251  => (hbond)  DISABLED.
252  => (hbond)   NUMV: 1   CENTER: 2836
253  => (hbond)   NUMV: 52   CENTER: 2772
254  => (hbond)   NUMV: 1   CENTER: 17157
255  => (hbond)   NUMV: 1   CENTER: 3188
256  => (hbond)   NUMV: 11   CENTER: 2815
257  => (hbond)  DISABLED.
258  => (ligsite)
chart#: 0  ->  center vert: 182  size: 177  num in chart: 321 of 321 left.
259  => (ligsite)
chart#: 0  ->  center vert: 7555  size: 237  num in chart: 409 of 409 left.
260  => (ligsite)
chart#: 0  ->  center vert: 9473  size: 431  num in chart: 777 of 777 left.
261  => (ligsite)
chart#: 0  ->  center vert: 1984  size: 137  num in chart: 239 of 239 left.
262  => (ligsite)
chart#: 0  ->  center vert: 2229  size: 31  num in chart: 41 of 41 left.
263  => (ligsite)
chart#: 0  ->  center vert: 21477  size: 357  num in chart: 634 of 3726 left.
chart#: 1  ->  center vert: 15086  size: 158  num in chart: 265 of 3092 left.
chart#: 2  ->  center vert: 15178  size: 147  num in chart: 242 of 2827 left.
chart#: 3  ->  center vert: 4692  size: 67  num in chart: 100 of 2585 left.
chart#: 4  ->  center vert: 4692  size: 229  num in chart: 399 of 2485 left.
chart#: 5  ->  center vert: 15177  size: 141  num in chart: 227 of 2086 left.
chart#: 6  ->  center vert: 14734  size: 206  num in chart: 337 of 1859 left.
chart#: 7  ->  center vert: 14731  size: 239  num in chart: 366 of 1522 left.
chart#: 8  ->  center vert: 14985  size: 18  num in chart: 21 of 1156 left.
chart#: 9  ->  center vert: 15437  size: 87  num in chart: 127 of 1135 left.
chart#: 10  ->  center vert: 15437  size: 27  num in chart: 31 of 1008 left.
chart#: 11  ->  center vert: 15288  size: 39  num in chart: 48 of 977 left.
chart#: 12  ->  center vert: 17358  size: 35  num in chart: 48 of 929 left.
chart#: 13  ->  center vert: 15688  size: 224  num in chart: 386 of 881 left.
chart#: 14  ->  center vert: 5538  size: 296  num in chart: 505 of 495 left.
264  => (ligsite)
chart#: 0  ->  center vert: 13295  size: 53  num in chart: 74 of 74 left.
265  => (ligsite)
chart#: 0  ->  center vert: 13113  size: 77  num in chart: 116 of 116 left.
266  => (ligsite)
chart#: 0  ->  center vert: 13337  size: 89  num in chart: 144 of 144 left.
267  => (ligsite)
chart#: 0  ->  center vert: 13984  size: 371  num in chart: 646 of 646 left.
268  => (ligsite)
chart#: 0  ->  center vert: 14022  size: 208  num in chart: 361 of 361 left.
269  => (ligsite)
chart#: 0  ->  center vert: 14523  size: 159  num in chart: 273 of 273 left.
270  => (shadow)
chart#: 0  ->  center vert: 9180  size: 880  num in chart: 1655 of 4114 left.
chart#: 1  ->  center vert: 2014  size: 982  num in chart: 1851 of 2459 left.
chart#: 2  ->  center vert: 13155  size: 149  num in chart: 246 of 608 left.
chart#: 3  ->  center vert: 15073  size: 106  num in chart: 174 of 362 left.
chart#: 4  ->  center vert: 15059  size: 122  num in chart: 188 of 188 left.
271  => (sanded)   NUMV: 6   CENTER: 8772
272  => (sanded)   NUMV: 9   CENTER: 1800
273  => (sanded)   NUMV: 4   CENTER: 9188
274  => (sanded)   NUMV: 2   CENTER: 2229
275  => (sanded)   NUMV: 16   CENTER: 2538
276  => (sanded)   NUMV: 1   CENTER: 20863
277  => (sanded)   NUMV: 14   CENTER: 3949
278  => (sanded)   NUMV: 5   CENTER: 3627
279  => (sanded)   NUMV: 1   CENTER: 10191
280  => (sanded)   NUMV: 12   CENTER: 4707
281  => (sanded)   NUMV: 54   CENTER: 4633
282  => (sanded)   NUMV: 1   CENTER: 5670
283  => (sanded)   NUMV: 10   CENTER: 5501
284  => (sanded)   NUMV: 20   CENTER: 827
285  => (sanded)   NUMV: 7   CENTER: 965
286  => (sanded)   NUMV: 3   CENTER: 1134
287  => (sanded)   NUMV: 10   CENTER: 1676
288  => (sanded)   NUMV: 21   CENTER: 1517
289  => (sanded)   NUMV: 13   CENTER: 2317
290  => (sanded)   NUMV: 9   CENTER: 2738
291  => (sanded)   NUMV: 12   CENTER: 2772
292  => (sanded)   NUMV: 14   CENTER: 3691
293  => (sanded)   NUMV: 1   CENTER: 15437
294  => (sanded)   NUMV: 27   CENTER: 5347
295  => (sanded)   NUMV: 26   CENTER: 1500
296  => (sanded)   NUMV: 3   CENTER: 2041
297  => (sanded)   NUMV: 18   CENTER: 179
298  => (sanded)   NUMV: 12   CENTER: 1633
299  => (sanded)   NUMV: 14   CENTER: 1023
300  => (sanded)   NUMV: 1   CENTER: 9472
301  => (sanded)   NUMV: 20   CENTER: 2199
302  => (sanded)   NUMV: 11   CENTER: 3776
303  => (sanded)   NUMV: 7   CENTER: 4084
304  => (sanded)   NUMV: 11   CENTER: 4128
305  => (sanded)   NUMV: 3   CENTER: 15279
306  => (sanded)   NUMV: 1   CENTER: 826
307  => (sanded)   NUMV: 8   CENTER: 732
308  => (sanded)   NUMV: 10   CENTER: 933
309  => (sanded)   NUMV: 1   CENTER: 1443
310  => (sanded)   NUMV: 17   CENTER: 1538
311  => (sanded)   NUMV: 6   CENTER: 1781
312  => (sanded)   NUMV: 1   CENTER: 9452
313  => (sanded)   NUMV: 1   CENTER: 11187
314  => (sanded)   NUMV: 13   CENTER: 2394
315  => (sanded)   NUMV: 1   CENTER: 3188
316  => (sanded)   NUMV: 1   CENTER: 10861
317  => (sanded)   NUMV: 3   CENTER: 11782
318  => (sanded)   NUMV: 1   CENTER: 18504
319  => (sanded)   NUMV: 1   CENTER: 2836
320  => (sanded)   NUMV: 2   CENTER: 12703
321  => (sanded)   NUMV: 7   CENTER: 3915
322  => (sanded)   NUMV: 6   CENTER: 4100
323  => (sanded)   NUMV: 14   CENTER: 4276
324  => (sanded)   NUMV: 1   CENTER: 14468
325  => (sanded)   NUMV: 18   CENTER: 4455
326  => (sanded)   NUMV: 10   CENTER: 4638
327  => (sanded)   NUMV: 3   CENTER: 14959
328  => (sanded)   NUMV: 10   CENTER: 16180
329  => (sanded)   NUMV: 27   CENTER: 295
330  => (sanded)   NUMV: 16   CENTER: 630
331  => (sanded)   NUMV: 17   CENTER: 662
332  => (sanded)   NUMV: 32   CENTER: 1108
333  => (sanded)   NUMV: 7   CENTER: 1539
334  => (sanded)   NUMV: 7   CENTER: 1620
335  => (sanded)   NUMV: 4   CENTER: 1678
336  => (sanded)   NUMV: 1   CENTER: 8459
337  => (sanded)   NUMV: 16   CENTER: 9443
338  => (sanded)   NUMV: 11   CENTER: 1951
339  => (sanded)   NUMV: 19   CENTER: 2042
340  => (sanded)   NUMV: 27   CENTER: 2228
341  => (sanded)   NUMV: 11   CENTER: 2618
342  => (sanded)   NUMV: 19   CENTER: 2626
343  => (sanded)   NUMV: 15   CENTER: 3100
344  => (sanded)   NUMV: 7   CENTER: 3450
345  => (sanded)   NUMV: 13   CENTER: 3462
346  => (sanded)   NUMV: 22   CENTER: 3290
347  => (sanded)   NUMV: 15   CENTER: 3464
348  => (sanded)   NUMV: 4   CENTER: 14321
349  => (sanded)   NUMV: 28   CENTER: 3901
350  => (sanded)   NUMV: 5   CENTER: 14463
351  => (sanded)   NUMV: 15   CENTER: 4849
352  => (sanded)   NUMV: 8   CENTER: 4287
353  => (sanded)   NUMV: 2   CENTER: 5667
354  => (sanded)   NUMV: 21   CENTER: 3626
355  => (sanded)   NUMV: 16   CENTER: 833
356  => (sanded)   NUMV: 4   CENTER: 711
357  => (sanded)   NUMV: 11   CENTER: 1443
358  => (sanded)   NUMV: 14   CENTER: 1263
359  => (sanded)   NUMV: 1   CENTER: 8840
360  => (sanded)   NUMV: 10   CENTER: 1804
361  => (sanded)   NUMV: 7   CENTER: 1712
362  => (sanded)   NUMV: 15   CENTER: 1875
363  => (sanded)   NUMV: 16   CENTER: 2441
364  => (sanded)   NUMV: 14   CENTER: 2749
365  => (sanded)   NUMV: 11   CENTER: 2954
366  => (sanded)   NUMV: 13   CENTER: 3046
367  => (sanded)   NUMV: 10   CENTER: 4953
368  => (sanded)   NUMV: 1   CENTER: 21930
369  => (sanded)   NUMV: 11   CENTER: 4233
370  => (sanded)   NUMV: 15   CENTER: 3910
371  => (sanded)   NUMV: 21   CENTER: 890
372  => (sanded)   NUMV: 8   CENTER: 1249
373  => (sanded)   NUMV: 28   CENTER: 4687
374  => (sanded)   NUMV: 11   CENTER: 54
375  => (sanded)   NUMV: 13   CENTER: 228
376  => (sanded)   NUMV: 14   CENTER: 381
377  => (sanded)   NUMV: 39   CENTER: 1655
378  => (sanded)   NUMV: 12   CENTER: 2491
379  => (sanded)   NUMV: 10   CENTER: 2815
380  => (sanded)   NUMV: 9   CENTER: 6619
381  => (sanded)   NUMV: 12   CENTER: 481
382  => (sanded)   NUMV: 12   CENTER: 835
383  => (sanded)   NUMV: 15   CENTER: 1994
384  => (sanded)   NUMV: 4   CENTER: 9740
385  => (sanded)   NUMV: 5   CENTER: 2663
386  => (sanded)   NUMV: 11   CENTER: 3706
387  => (sanded)   NUMV: 11   CENTER: 3990
388  => (sanded)   NUMV: 3   CENTER: 4080
389  => (sanded)   NUMV: 7   CENTER: 4378
390  => (sanded)   NUMV: 9   CENTER: 14660
391  => (sanded)   NUMV: 2   CENTER: 16765
392  => (sanded)   NUMV: 9   CENTER: 4902
393  => (sanded)   NUMV: 12   CENTER: 5030
394  => (sanded)   NUMV: 15   CENTER: 5250
395  => (sanded)   NUMV: 6   CENTER: 5269
396  => (sanded)   NUMV: 10   CENTER: 5312
397  => (sanded)   NUMV: 4   CENTER: 5482
398  => (sanded)   NUMV: 1   CENTER: 5396
399  => (sanded)   NUMV: 8   CENTER: 0
400  => (sanded)   NUMV: 19   CENTER: 708
401  => (sanded)   NUMV: 20   CENTER: 825
402  => (sanded)   NUMV: 10   CENTER: 957
403  => (sanded)   NUMV: 15   CENTER: 1618
404  => (sanded)   NUMV: 24   CENTER: 1624
405  => (sanded)   NUMV: 30   CENTER: 1716
406  => (sanded)   NUMV: 16   CENTER: 2077
407  => (sanded)   NUMV: 6   CENTER: 2042
408  => (sanded)   NUMV: 15   CENTER: 2041
409  => (sanded)   NUMV: 19   CENTER: 2734
410  => (sanded)   NUMV: 16   CENTER: 3101
411  => (sanded)   NUMV: 12   CENTER: 3450
412  => (sanded)   NUMV: 12   CENTER: 3810
413  => (sanded)   NUMV: 10   CENTER: 4083
414  => (sanded)   NUMV: 15   CENTER: 3891
415  => (sanded)   NUMV: 13   CENTER: 4582
416  => (sanded)   NUMV: 25   CENTER: 4705
417  => (sanded)   NUMV: 11   CENTER: 5444
418  => (sanded)   NUMV: 25   CENTER: 4687
419  => (sanded)   NUMV: 23   CENTER: 4714
420  => (sanded)   NUMV: 17   CENTER: 5114
421  => (sanded)   NUMV: 21   CENTER: 5258
422  => (sanded)   NUMV: 19   CENTER: 5319
423  => (sanded)   NUMV: 18   CENTER: 914
424  => (sanded)   NUMV: 13   CENTER: 1346
425  => (sanded)   NUMV: 9   CENTER: 1140
426  => (sanded)   NUMV: 8   CENTER: 1982
427  => (sanded)   NUMV: 17   CENTER: 1393
428  => (sanded)   NUMV: 12   CENTER: 1963
429  => (sanded)   NUMV: 11   CENTER: 2043
430  => (sanded)   NUMV: 9   CENTER: 3015
431  => (sanded)   NUMV: 9   CENTER: 2836
432  => (sanded)   NUMV: 10   CENTER: 4082
433  => (sanded)   NUMV: 16   CENTER: 4443
434  => (sanded)   NUMV: 17   CENTER: 5610
435  => (sanded)   NUMV: 8   CENTER: 288
436  => (sanded)   NUMV: 13   CENTER: 929
437  => (sanded)   NUMV: 6   CENTER: 1539
438  => (sanded)   NUMV: 9   CENTER: 2625
439  => (sanded)   NUMV: 10   CENTER: 3588
440  => (sanded)   NUMV: 8   CENTER: 5265
441  => (sanded)   NUMV: 10   CENTER: 366
442  => (sanded)   NUMV: 10   CENTER: 532
443  => (sanded)   NUMV: 7   CENTER: 584
444  => (sanded)   NUMV: 13   CENTER: 2524
445  => (sanded)   NUMV: 12   CENTER: 2716
446  => (sanded)   NUMV: 8   CENTER: 4420
447  => (sanded)   NUMV: 11   CENTER: 16313
448  => (sanded)   NUMV: 15   CENTER: 5471
BBOX SIZE: 46.1611 x 78.6404 x 56.7032
FEATURE SIZE: 0.599949
Computing Visibility. GPU? 0  Finished? 0
Computing visibility (CPU)... 21995 verts. 
Sample: 20/258
Sample: 40/258
Sample: 60/258
Sample: 80/258
Sample: 100/258
Sample: 120/258
Sample: 140/258
Sample: 160/258
Sample: 180/258
Sample: 200/258
Sample: 220/258
Sample: 240/258
Finished computing visibility.
Comps: 5674710   Ray-casts: 2910267
MEAN CHARGE: 1.35284  STDDEV: 10.8857
Relaxing... avg. delta change: 0.439026
MEAN CHARGE: 1.35175  STDDEV: 10.7336
Relaxing... avg. delta change: 0.207944
MEAN CHARGE: 1.35091  STDDEV: 10.6229
Relaxing... avg. delta change: 0.161515
MEAN CHARGE: 1.35003  STDDEV: 10.5254
Relaxing... avg. delta change: 0.139458
MEAN CHARGE: 1.34917  STDDEV: 10.4363
Relaxing... avg. delta change: 0.125395
MEAN CHARGE: 1.34835  STDDEV: 10.3539
Relaxing... avg. delta change: 0.11497
MEAN CHARGE: 1.34759  STDDEV: 10.277
Relaxing... avg. delta change: 0.106678
MEAN CHARGE: 1.34687  STDDEV: 10.2048
Relaxing... avg. delta change: 0.0998884
MEAN CHARGE: 1.34619  STDDEV: 10.1366
Relaxing... avg. delta change: 0.0941564
MEAN CHARGE: 1.34553  STDDEV: 10.0719
Relaxing... avg. delta change: 0.0891905
BBOX SIZE: 52.221 x 84.102 x 59.937
FEATURE SIZE: 0.657673
Computing Visibility. GPU? 0  Finished? 0
Computing visibility (CPU)... 37483 verts. 
Sample: 20/258
Sample: 40/258
Sample: 60/258
Sample: 80/258
Sample: 100/258
Sample: 120/258
Sample: 140/258
Sample: 160/258
Sample: 180/258
Sample: 200/258
Sample: 220/258
Sample: 240/258
Finished computing visibility.
Comps: 9670614   Ray-casts: 4842416
1, 0 -> (0) 0
MEAN CHARGE: 1.85994  STDDEV: 16.8402
Relaxing... avg. delta change: 1.45713
MEAN CHARGE: 1.85047  STDDEV: 15.9484
Relaxing... avg. delta change: 0.842491
MEAN CHARGE: 1.84748  STDDEV: 15.3554
Relaxing... avg. delta change: 0.637445
MEAN CHARGE: 1.84762  STDDEV: 14.8957
Relaxing... avg. delta change: 0.519717
MEAN CHARGE: 1.84903  STDDEV: 14.5176
Relaxing... avg. delta change: 0.44032
MEAN CHARGE: 1.85083  STDDEV: 14.1963
Relaxing... avg. delta change: 0.382185
MEAN CHARGE: 1.85272  STDDEV: 13.9169
Relaxing... avg. delta change: 0.337614
MEAN CHARGE: 1.8546  STDDEV: 13.6703
Relaxing... avg. delta change: 0.302314
MEAN CHARGE: 1.85643  STDDEV: 13.4495
Relaxing... avg. delta change: 0.27364
MEAN CHARGE: 1.85816  STDDEV: 13.25
Relaxing... avg. delta change: 0.249803
MEAN CHARGE: 1.85981  STDDEV: 13.0681
Relaxing... avg. delta change: 0.229636
MEAN CHARGE: 1.86139  STDDEV: 12.9012
Relaxing... avg. delta change: 0.212276
MEAN CHARGE: 1.86286  STDDEV: 12.7471
Relaxing... avg. delta change: 0.197184
MEAN CHARGE: 1.86425  STDDEV: 12.604
Relaxing... avg. delta change: 0.183995
MEAN CHARGE: 1.86557  STDDEV: 12.4703
Relaxing... avg. delta change: 0.172394
MEAN CHARGE: 1.86681  STDDEV: 12.345
Relaxing... avg. delta change: 0.162073
MEAN CHARGE: 1.86795  STDDEV: 12.227
Relaxing... avg. delta change: 0.152793
MEAN CHARGE: 1.86902  STDDEV: 12.1157
Relaxing... avg. delta change: 0.144402
MEAN CHARGE: 1.87002  STDDEV: 12.0103
Relaxing... avg. delta change: 0.136792
MEAN CHARGE: 1.87098  STDDEV: 11.9102
Relaxing... avg. delta change: 0.129886
MEAN CHARGE: 1.87188  STDDEV: 11.815
Relaxing... avg. delta change: 0.123604
MEAN CHARGE: 1.87271  STDDEV: 11.7241
Relaxing... avg. delta change: 0.117864
MEAN CHARGE: 1.8735  STDDEV: 11.6372
Relaxing... avg. delta change: 0.112609
MEAN CHARGE: 1.87426  STDDEV: 11.5539
Relaxing... avg. delta change: 0.107782
Building ligand binding sites...vertex: 1000/37483
vertex: 2000/37483
vertex: 3000/37483
vertex: 4000/37483
vertex: 5000/37483
vertex: 6000/37483
vertex: 7000/37483
vertex: 8000/37483
vertex: 9000/37483
vertex: 10000/37483
vertex: 11000/37483
vertex: 12000/37483
vertex: 13000/37483
vertex: 14000/37483
vertex: 15000/37483
vertex: 16000/37483
vertex: 17000/37483
vertex: 18000/37483
vertex: 19000/37483
vertex: 20000/37483
vertex: 21000/37483
vertex: 22000/37483
vertex: 23000/37483
vertex: 24000/37483
vertex: 25000/37483
vertex: 26000/37483
vertex: 27000/37483
vertex: 28000/37483
vertex: 29000/37483
vertex: 30000/37483
vertex: 31000/37483
vertex: 32000/37483
vertex: 33000/37483
vertex: 34000/37483
vertex: 35000/37483
vertex: 36000/37483
vertex: 37000/37483
 done (added 268 regions).
Computing Smooth Vertices with mu = 0.800000, lambda = 0.870000, ring = 3, levels = 1, iters = 8
Time taken: 0.79 seconds.
FOUND: 119 peaks and 95 bowls. 
# GROUPS BEFORE: 214
WHOOPS! GOT HERE???
# GROUPS AFTER: 53
Removing features... Error... vert 4745 is improperly formed!
Error... vert 4878 is improperly formed!
Error... vert 4877 is improperly formed!
Error... vert 28583 is improperly formed!
Error... vert 28584 is improperly formed!
Error... vert 14567 is improperly formed!
Error... vert 14568 is improperly formed!
Error... vert 27599 is improperly formed!
Error... vert 27598 is improperly formed!
Error... vert 4699 is improperly formed!
Error... vert 35566 is improperly formed!
Error... vert 19575 is improperly formed!
Done.
Computing Smooth Vertices with mu = 0.800000, lambda = 0.870000, ring = 3, levels = 1, iters = 8
Time taken: 0.64 seconds.
Computing Smooth Vertices with mu = 0.800000, lambda = 0.870000, ring = 3, levels = 1, iters = 8
Time taken: 0.68 seconds.
FOUND: 274 peaks and 406 bowls. 
# GROUPS BEFORE: 680
WHOOPS! GOT HERE???
# GROUPS AFTER: 71
Removing features... Error... vert 25404 is improperly formed!
Error... vert 5716 is improperly formed!
Error... vert 33379 is improperly formed!
Error... vert 25525 is improperly formed!
ERROR! VERTS SAME!
ERROR! VERTS SAME!
Done.
Computing Smooth Vertices with mu = 0.800000, lambda = 0.870000, ring = 3, levels = 1, iters = 8
Time taken: 0.52 seconds.
Computing Smooth Vertices with mu = 0.800000, lambda = 0.870000, ring = 3, levels = 1, iters = 8
Time taken: 0.53 seconds.
FOUND: 284 peaks and 215 bowls. 
# GROUPS BEFORE: 499
WHOOPS! GOT HERE???
# GROUPS AFTER: 66
Removing features... Error... vert 280 is improperly formed!
Error... vert 21067 is improperly formed!
Error... vert 6997 is improperly formed!
Error... vert 21269 is improperly formed!
Error... vert 21269 is improperly formed!
Error... vert 21269 is improperly formed!
Error... vert 280 is improperly formed!
Error... vert 7510 is improperly formed!
Error... vert 21269 is improperly formed!
Error... vert 469 is improperly formed!
Error... vert 469 is improperly formed!
Error... vert 469 is improperly formed!
Error... vert 469 is improperly formed!
Error... vert 469 is improperly formed!
Error... vert 469 is improperly formed!
Error... vert 6997 is improperly formed!
Error... vert 469 is improperly formed!
Error... vert 469 is improperly formed!
Error... vert 469 is improperly formed!
Error... vert 469 is improperly formed!
Error... vert 469 is improperly formed!
Error... vert 469 is improperly formed!
Error... vert 469 is improperly formed!
Error... vert 469 is improperly formed!
Error... vert 6997 is improperly formed!
Error... vert 469 is improperly formed!
Error... vert 469 is improperly formed!
Error... vert 469 is improperly formed!
Error... vert 469 is improperly formed!
Error... vert 469 is improperly formed!
Error... vert 469 is improperly formed!
Error... vert 469 is improperly formed!
Error... vert 469 is improperly formed!
Error... vert 16168 is improperly formed!
Error... vert 6362 is improperly formed!
Error... vert 7509 is improperly formed!
Error... vert 21268 is improperly formed!
Error... vert 7509 is improperly formed!
Error... vert 21268 is improperly formed!
Error... vert 7510 is improperly formed!
Error... vert 7765 is improperly formed!
Error... vert 280 is improperly formed!
Error... vert 7765 is improperly formed!
Error... vert 276 is improperly formed!
Error... vert 7510 is improperly formed!
Error... vert 21270 is improperly formed!
Error... vert 21270 is improperly formed!
Error... vert 7510 is improperly formed!
Error... vert 7765 is improperly formed!
Error... vert 21269 is improperly formed!
Error... vert 281 is improperly formed!
Error... vert 21270 is improperly formed!
Error... vert 7765 is improperly formed!
Error... vert 21067 is improperly formed!
Error... vert 469 is improperly formed!
Error... vert 7765 is improperly formed!
Error... vert 280 is improperly formed!
Error... vert 7510 is improperly formed!
Error... vert 21269 is improperly formed!
Error... vert 7765 is improperly formed!
Error... vert 23508 is improperly formed!
Error... vert 6997 is improperly formed!
Error... vert 21269 is improperly formed!
Error... vert 6997 is improperly formed!
Error... vert 21269 is improperly formed!
Error... vert 4167 is improperly formed!
Error... vert 14952 is improperly formed!
Error... vert 16568 is improperly formed!
Done.
Computing Smooth Vertices with mu = 0.800000, lambda = 0.870000, ring = 3, levels = 1, iters = 8
Time taken: 0.42 seconds.
0  => (hbond)   NUMV: 16   CENTER: 710
1  => (hbond)   NUMV: 26   CENTER: 508
2  => (hbond)   NUMV: 2   CENTER: 6729
3  => (hbond)   NUMV: 33   CENTER: 3398
4  => (hbond)  DISABLED.
5  => (hbond)   NUMV: 50   CENTER: 2389
6  => (hbond)  DISABLED.
7  => (hbond)   NUMV: 33   CENTER: 2612
8  => (hbond)   NUMV: 20   CENTER: 2604
9  => (hbond)  DISABLED.
10  => (hbond)   NUMV: 42   CENTER: 2617
11  => (hbond)  DISABLED.
12  => (hbond)   NUMV: 9   CENTER: 2341
13  => (hbond)   NUMV: 37   CENTER: 2341
14  => (hbond)  DISABLED.
15  => (hbond)   NUMV: 46   CENTER: 1491
16  => (hbond)   NUMV: 40   CENTER: 1857
17  => (hbond)  DISABLED.
18  => (hbond)   NUMV: 1   CENTER: 8690
19  => (hbond)   NUMV: 52   CENTER: 1288
20  => (hbond)   NUMV: 49   CENTER: 1435
21  => (hbond)   NUMV: 49   CENTER: 1325
22  => (hbond)   NUMV: 57   CENTER: 1484
23  => (hbond)   NUMV: 13   CENTER: 1442
24  => (hbond)   NUMV: 27   CENTER: 1643
25  => (hbond)  DISABLED.
26  => (hbond)   NUMV: 4   CENTER: 8047
27  => (hbond)  DISABLED.
28  => (hbond)   NUMV: 39   CENTER: 1715
29  => (hbond)  DISABLED.
30  => (hbond)   NUMV: 4   CENTER: 2145
31  => (hbond)   NUMV: 20   CENTER: 2395
32  => (hbond)   NUMV: 34   CENTER: 2407
33  => (hbond)   NUMV: 4   CENTER: 10847
34  => (hbond)   NUMV: 42   CENTER: 2152
35  => (hbond)   NUMV: 1   CENTER: 12227
36  => (hbond)  DISABLED.
37  => (hbond)   NUMV: 5   CENTER: 2716
38  => (hbond)   NUMV: 23   CENTER: 3004
39  => (hbond)   NUMV: 13   CENTER: 3010
40  => (hbond)   NUMV: 41   CENTER: 2154
41  => (hbond)  DISABLED.
42  => (hbond)   NUMV: 25   CENTER: 1922
43  => (hbond)   NUMV: 4   CENTER: 1746
44  => (hbond)  DISABLED.
45  => (hbond)   NUMV: 61   CENTER: 1723
46  => (hbond)   NUMV: 52   CENTER: 1719
47  => (hbond)  DISABLED.
48  => (hbond)   NUMV: 49   CENTER: 1226
49  => (hbond)   NUMV: 42   CENTER: 1345
50  => (hbond)  DISABLED.
51  => (hbond)   NUMV: 3   CENTER: 1544
52  => (hbond)   NUMV: 29   CENTER: 1543
53  => (hbond)   NUMV: 2   CENTER: 1544
54  => (hbond)   NUMV: 11   CENTER: 1159
55  => (hbond)  DISABLED.
56  => (hbond)   NUMV: 2   CENTER: 12980
57  => (hbond)   NUMV: 26   CENTER: 3688
58  => (hbond)  DISABLED.
59  => (hbond)   NUMV: 51   CENTER: 2929
60  => (hbond)  DISABLED.
61  => (hbond)   NUMV: 1   CENTER: 13080
62  => (hbond)   NUMV: 37   CENTER: 3466
63  => (hbond)   NUMV: 52   CENTER: 3072
64  => (hbond)   NUMV: 26   CENTER: 3467
65  => (hbond)   NUMV: 8   CENTER: 3059
66  => (hbond)   NUMV: 2   CENTER: 3060
67  => (hbond)  DISABLED.
68  => (hbond)   NUMV: 35   CENTER: 3040
69  => (hbond)   NUMV: 50   CENTER: 3023
70  => (hbond)   NUMV: 16   CENTER: 1986
71  => (hbond)   NUMV: 52   CENTER: 1784
72  => (hbond)   NUMV: 18   CENTER: 1968
73  => (hbond)  DISABLED.
74  => (hbond)   NUMV: 1   CENTER: 8954
75  => (hbond)   NUMV: 1   CENTER: 16864
76  => (hbond)  DISABLED.
77  => (hbond)   NUMV: 27   CENTER: 3666
78  => (hbond)   NUMV: 32   CENTER: 3661
79  => (hbond)   NUMV: 13   CENTER: 3488
80  => (hbond)  DISABLED.
81  => (hbond)   NUMV: 49   CENTER: 2797
82  => (hbond)   NUMV: 26   CENTER: 3115
83  => (hbond)   NUMV: 1   CENTER: 12359
84  => (hbond)  DISABLED.
85  => (hbond)  DISABLED.
86  => (hbond)   NUMV: 2   CENTER: 13089
87  => (hbond)  DISABLED.
88  => (hbond)   NUMV: 30   CENTER: 2224
89  => (hbond)   NUMV: 11   CENTER: 1993
90  => (hbond)  DISABLED.
91  => (hbond)   NUMV: 17   CENTER: 2811
92  => (hbond)  DISABLED.
93  => (hbond)   NUMV: 3   CENTER: 3498
94  => (hbond)   NUMV: 1   CENTER: 11096
95  => (hbond)  DISABLED.
96  => (hbond)   NUMV: 55   CENTER: 3500
97  => (hbond)   NUMV: 45   CENTER: 3126
98  => (hbond)   NUMV: 49   CENTER: 3135
99  => (hbond)   NUMV: 43   CENTER: 2817
100  => (hbond)   NUMV: 21   CENTER: 3516
101  => (hbond)   NUMV: 1   CENTER: 20739
102  => (hbond)   NUMV: 61   CENTER: 3155
103  => (hbond)   NUMV: 54   CENTER: 3840
104  => (hbond)   NUMV: 42   CENTER: 3518
105  => (hbond)   NUMV: 41   CENTER: 3856
106  => (hbond)   NUMV: 3   CENTER: 4419
107  => (hbond)  DISABLED.
108  => (hbond)   NUMV: 23   CENTER: 4920
109  => (hbond)   NUMV: 19   CENTER: 4920
110  => (hbond)  DISABLED.
111  => (hbond)   NUMV: 13   CENTER: 4900
112  => (hbond)   NUMV: 7   CENTER: 4900
113  => (hbond)  DISABLED.
114  => (hbond)   NUMV: 23   CENTER: 5314
115  => (hbond)   NUMV: 5   CENTER: 5312
116  => (hbond)  DISABLED.
117  => (hbond)   NUMV: 27   CENTER: 3346
118  => (hbond)  DISABLED.
119  => (hbond)   NUMV: 30   CENTER: 3353
120  => (hbond)  DISABLED.
121  => (hbond)   NUMV: 46   CENTER: 3673
122  => (hbond)  DISABLED.
123  => (hbond)   NUMV: 39   CENTER: 4010
124  => (hbond)   NUMV: 38   CENTER: 3989
125  => (hbond)   NUMV: 41   CENTER: 3779
126  => (hbond)   NUMV: 2   CENTER: 3749
127  => (hbond)   NUMV: 4   CENTER: 12853
128  => (hbond)   NUMV: 16   CENTER: 3678
129  => (hbond)   NUMV: 33   CENTER: 4045
130  => (hbond)   NUMV: 29   CENTER: 4552
131  => (hbond)  DISABLED.
132  => (hbond)   NUMV: 47   CENTER: 3508
133  => (hbond)   NUMV: 30   CENTER: 3135
134  => (hbond)  DISABLED.
135  => (hbond)   NUMV: 24   CENTER: 4314
136  => (hbond)  DISABLED.
137  => (hbond)   NUMV: 24   CENTER: 4077
138  => (hbond)   NUMV: 1   CENTER: 4079
139  => (hbond)   NUMV: 1   CENTER: 13622
140  => (hbond)   NUMV: 14   CENTER: 4097
141  => (hbond)   NUMV: 50   CENTER: 4097
142  => (hbond)  DISABLED.
143  => (hbond)   NUMV: 1   CENTER: 14747
144  => (hbond)   NUMV: 1   CENTER: 14748
145  => (hbond)  DISABLED.
146  => (hbond)   NUMV: 1   CENTER: 15781
147  => (hbond)  DISABLED.
148  => (hbond)  DISABLED.
149  => (hbond)   NUMV: 45   CENTER: 4545
150  => (hbond)   NUMV: 40   CENTER: 4548
151  => (hbond)   NUMV: 25   CENTER: 4797
152  => (hbond)   NUMV: 25   CENTER: 5074
153  => (hbond)   NUMV: 40   CENTER: 4787
154  => (hbond)   NUMV: 48   CENTER: 3970
155  => (hbond)   NUMV: 51   CENTER: 3636
156  => (hbond)   NUMV: 2   CENTER: 18350
157  => (hbond)   NUMV: 8   CENTER: 3335
158  => (hbond)   NUMV: 33   CENTER: 3302
159  => (hbond)   NUMV: 35   CENTER: 3620
160  => (hbond)  DISABLED.
161  => (hbond)   NUMV: 1   CENTER: 14576
162  => (hbond)   NUMV: 40   CENTER: 3936
163  => (hbond)  DISABLED.
164  => (hbond)   NUMV: 40   CENTER: 4233
165  => (hbond)   NUMV: 42   CENTER: 4230
166  => (hbond)  DISABLED.
167  => (hbond)   NUMV: 53   CENTER: 4513
168  => (hbond)   NUMV: 42   CENTER: 4519
169  => (hbond)  DISABLED.
170  => (hbond)   NUMV: 14   CENTER: 16028
171  => (hbond)   NUMV: 26   CENTER: 5031
172  => (hbond)  DISABLED.
173  => (hbond)   NUMV: 57   CENTER: 4786
174  => (hbond)   NUMV: 39   CENTER: 5071
175  => (hbond)   NUMV: 7   CENTER: 5175
176  => (hbond)  DISABLED.
177  => (hbond)   NUMV: 4   CENTER: 3314
178  => (hbond)  DISABLED.
179  => (hbond)   NUMV: 20   CENTER: 3251
180  => (hbond)   NUMV: 2   CENTER: 5586
181  => (hbond)  DISABLED.
182  => (hbond)   NUMV: 22   CENTER: 4200
183  => (hbond)   NUMV: 33   CENTER: 4501
184  => (hbond)   NUMV: 1   CENTER: 14553
185  => (hbond)   NUMV: 41   CENTER: 4473
186  => (hbond)  DISABLED.
187  => (hbond)   NUMV: 58   CENTER: 4492
188  => (hbond)   NUMV: 45   CENTER: 4746
189  => (hbond)   NUMV: 34   CENTER: 5231
190  => (hbond)  DISABLED.
191  => (hbond)   NUMV: 9   CENTER: 4950
192  => (hbond)   NUMV: 19   CENTER: 5190
193  => (hbond)   NUMV: 6   CENTER: 5188
194  => (hbond)   NUMV: 45   CENTER: 5185
195  => (hbond)   NUMV: 21   CENTER: 5340
196  => (hbond)   NUMV: 1   CENTER: 3749
197  => (hbond)  DISABLED.
198  => (hbond)   NUMV: 10   CENTER: 3684
199  => (hbond)   NUMV: 1   CENTER: 3370
200  => (hbond)   NUMV: 32   CENTER: 3194
201  => (hbond)   NUMV: 93   CENTER: 2840
202  => (hbond)   NUMV: 9   CENTER: 3237
203  => (hbond)  DISABLED.
204  => (hbond)   NUMV: 1   CENTER: 11894
205  => (hbond)   NUMV: 1   CENTER: 12617
206  => (hbond)   NUMV: 1   CENTER: 11913
207  => (hbond)   NUMV: 1   CENTER: 3236
208  => (hbond)   NUMV: 1   CENTER: 16814
209  => (hbond)  DISABLED.
210  => (hbond)   NUMV: 51   CENTER: 3576
211  => (hbond)  DISABLED.
212  => (hbond)   NUMV: 13   CENTER: 4185
213  => (hbond)   NUMV: 19   CENTER: 3588
214  => (hbond)  DISABLED.
215  => (hbond)   NUMV: 3   CENTER: 11157
216  => (hbond)   NUMV: 1   CENTER: 12963
217  => (hbond)   NUMV: 13   CENTER: 3735
218  => (hbond)  DISABLED.
219  => (hbond)   NUMV: 33   CENTER: 2300
220  => (hbond)   NUMV: 60   CENTER: 2579
221  => (hbond)   NUMV: 4   CENTER: 2320
222  => (hbond)   NUMV: 49   CENTER: 2089
223  => (hbond)   NUMV: 52   CENTER: 2094
224  => (hbond)   NUMV: 52   CENTER: 1639
225  => (hbond)   NUMV: 37   CENTER: 1627
226  => (hbond)  DISABLED.
227  => (hbond)   NUMV: 20   CENTER: 1840
228  => (hbond)  DISABLED.
229  => (hbond)   NUMV: 10   CENTER: 1424
230  => (hbond)   NUMV: 44   CENTER: 1430
231  => (hbond)   NUMV: 13   CENTER: 1831
232  => (hbond)   NUMV: 1   CENTER: 2265
233  => (hbond)   NUMV: 14   CENTER: 2044
234  => (hbond)   NUMV: 24   CENTER: 1411
235  => (hbond)   NUMV: 11   CENTER: 1828
236  => (hbond)  DISABLED.
237  => (hbond)   NUMV: 34   CENTER: 1253
238  => (hbond)  DISABLED.
239  => (hbond)   NUMV: 5   CENTER: 8581
240  => (hbond)   NUMV: 3   CENTER: 1395
241  => (hbond)  DISABLED.
242  => (hbond)   NUMV: 56   CENTER: 1407
243  => (hbond)   NUMV: 20   CENTER: 1614
244  => (hbond)  DISABLED.
245  => (hbond)   NUMV: 14   CENTER: 1787
246  => (hbond)   NUMV: 32   CENTER: 2538
247  => (hbond)   NUMV: 47   CENTER: 1833
248  => (hbond)   NUMV: 46   CENTER: 1837
249  => (hbond)  DISABLED.
250  => (hbond)   NUMV: 23   CENTER: 2835
251  => (hbond)  DISABLED.
252  => (hbond)   NUMV: 1   CENTER: 13744
253  => (hbond)   NUMV: 55   CENTER: 3197
254  => (hbond)   NUMV: 4   CENTER: 12601
255  => (hbond)   NUMV: 1   CENTER: 13760
256  => (hbond)   NUMV: 2   CENTER: 14357
257  => (hbond)  DISABLED.
258  => (ligsite)
chart#: 0  ->  center vert: 7228  size: 208  num in chart: 356 of 3773 left.
chart#: 1  ->  center vert: 301  size: 289  num in chart: 488 of 3417 left.
chart#: 2  ->  center vert: 604  size: 300  num in chart: 509 of 2929 left.
chart#: 3  ->  center vert: 6709  size: 229  num in chart: 380 of 2420 left.
chart#: 4  ->  center vert: 17011  size: 91  num in chart: 138 of 2040 left.
chart#: 5  ->  center vert: 17011  size: 69  num in chart: 93 of 1902 left.
chart#: 6  ->  center vert: 17011  size: 30  num in chart: 31 of 1809 left.
chart#: 7  ->  center vert: 18896  size: 141  num in chart: 216 of 1778 left.
chart#: 8  ->  center vert: 6021  size: 66  num in chart: 84 of 1562 left.
chart#: 9  ->  center vert: 17210  size: 31  num in chart: 39 of 1478 left.
chart#: 10  ->  center vert: 126  size: 12  num in chart: 12 of 1439 left.
chart#: 11  ->  center vert: 17283  size: 30  num in chart: 31 of 1427 left.
chart#: 12  ->  center vert: 17238  size: 22  num in chart: 27 of 1396 left.
chart#: 13  ->  center vert: 6215  size: 27  num in chart: 36 of 1369 left.
chart#: 14  ->  center vert: 529  size: 3  num in chart: 1 of 1333 left.
chart#: 15  ->  center vert: 739  size: 47  num in chart: 58 of 1332 left.
chart#: 16  ->  center vert: 868  size: 77  num in chart: 105 of 1274 left.
chart#: 17  ->  center vert: 752  size: 84  num in chart: 124 of 1169 left.
chart#: 18  ->  center vert: 17432  size: 289  num in chart: 506 of 1045 left.
chart#: 19  ->  center vert: 7396  size: 66  num in chart: 96 of 539 left.
chart#: 20  ->  center vert: 7397  size: 105  num in chart: 172 of 443 left.
chart#: 21  ->  center vert: 7656  size: 61  num in chart: 85 of 271 left.
chart#: 22  ->  center vert: 7692  size: 75  num in chart: 109 of 186 left.
chart#: 23  ->  center vert: 17478  size: 56  num in chart: 83 of 77 left.
259  => (ligsite)
chart#: 0  ->  center vert: 18850  size: 146  num in chart: 246 of 246 left.
260  => (ligsite)
chart#: 0  ->  center vert: 1558  size: 555  num in chart: 1002 of 1002 left.
261  => (ligsite)
chart#: 0  ->  center vert: 2320  size: 64  num in chart: 91 of 91 left.
262  => (ligsite)
chart#: 0  ->  center vert: 9759  size: 170  num in chart: 293 of 293 left.
263  => (ligsite)
chart#: 0  ->  center vert: 2436  size: 70  num in chart: 109 of 109 left.
264  => (ligsite)
chart#: 0  ->  center vert: 17184  size: 73  num in chart: 115 of 115 left.
265  => (ligsite)
chart#: 0  ->  center vert: 12345  size: 289  num in chart: 504 of 504 left.
266  => (ligsite)
chart#: 0  ->  center vert: 4193  size: 425  num in chart: 770 of 770 left.
267  => (ligsite)
chart#: 0  ->  center vert: 14638  size: 205  num in chart: 344 of 344 left.
268  => (shadow)
chart#: 0  ->  center vert: 17011  size: 45  num in chart: 64 of 3627 left.
chart#: 1  ->  center vert: 17011  size: 16  num in chart: 18 of 3563 left.
chart#: 2  ->  center vert: 17011  size: 15  num in chart: 13 of 3545 left.
chart#: 3  ->  center vert: 17011  size: 12  num in chart: 11 of 3532 left.
chart#: 4  ->  center vert: 17011  size: 17  num in chart: 19 of 3521 left.
chart#: 5  ->  center vert: 17011  size: 7  num in chart: 4 of 3502 left.
chart#: 6  ->  center vert: 19401  size: 66  num in chart: 97 of 3498 left.
390: 10189 -- 10.5899
chart#: 7  ->  center vert: 9212  size: 896  num in chart: 1670 of 3401 left.
390: 10189 -- 10.5899
chart#: 8  ->  center vert: 19792  size: 135  num in chart: 225 of 1731 left.
chart#: 9  ->  center vert: 20874  size: 812  num in chart: 1510 of 1506 left.
269  => (sanded)   NUMV: 6   CENTER: 8970
270  => (sanded)   NUMV: 20   CENTER: 2334
271  => (sanded)   NUMV: 30   CENTER: 3498
272  => (sanded)   NUMV: 14   CENTER: 3133
273  => (sanded)   NUMV: 6   CENTER: 3365
274  => (sanded)   NUMV: 10   CENTER: 4188
275  => (sanded)   NUMV: 12   CENTER: 4936
276  => (sanded)   NUMV: 4   CENTER: 2440
277  => (sanded)   NUMV: 1   CENTER: 18850
278  => (sanded)   NUMV: 5   CENTER: 7899
279  => (sanded)   NUMV: 1   CENTER: 12227
280  => (sanded)   NUMV: 21   CENTER: 24
281  => (sanded)   NUMV: 29   CENTER: 100
282  => (sanded)   NUMV: 1   CENTER: 17319
283  => (sanded)   NUMV: 8   CENTER: 8785
284  => (sanded)   NUMV: 14   CENTER: 1519
285  => (sanded)   NUMV: 6   CENTER: 3729
286  => (sanded)   NUMV: 1   CENTER: 3747
287  => (sanded)   NUMV: 26   CENTER: 4208
288  => (sanded)   NUMV: 14   CENTER: 3201
289  => (sanded)   NUMV: 16   CENTER: 2604
290  => (sanded)   NUMV: 19   CENTER: 2798
291  => (sanded)   NUMV: 1   CENTER: 4312
292  => (sanded)   NUMV: 3   CENTER: 292
293  => (sanded)   NUMV: 1   CENTER: 17867
294  => (sanded)   NUMV: 2   CENTER: 13089
295  => (sanded)   NUMV: 15   CENTER: 4100
296  => (sanded)   NUMV: 12   CENTER: 4088
297  => (sanded)   NUMV: 1   CENTER: 5704
298  => (sanded)   NUMV: 1   CENTER: 5882
299  => (sanded)   NUMV: 11   CENTER: 883
300  => (sanded)   NUMV: 1   CENTER: 1030
301  => (sanded)   NUMV: 8   CENTER: 7811
302  => (sanded)   NUMV: 2   CENTER: 1758
303  => (sanded)   NUMV: 1   CENTER: 8951
304  => (sanded)   NUMV: 1   CENTER: 16865
305  => (sanded)   NUMV: 2   CENTER: 9483
306  => (sanded)   NUMV: 9   CENTER: 2843
307  => (sanded)   NUMV: 8   CENTER: 3246
308  => (sanded)   NUMV: 22   CENTER: 3059
309  => (sanded)   NUMV: 1   CENTER: 3489
310  => (sanded)   NUMV: 1   CENTER: 12617
311  => (sanded)   NUMV: 8   CENTER: 3580
312  => (sanded)   NUMV: 1   CENTER: 3236
313  => (sanded)   NUMV: 13   CENTER: 3625
314  => (sanded)   NUMV: 15   CENTER: 3464
315  => (sanded)   NUMV: 1   CENTER: 13744
316  => (sanded)   NUMV: 1   CENTER: 4434
317  => (sanded)   NUMV: 13   CENTER: 4728
318  => (sanded)   NUMV: 11   CENTER: 5030
319  => (sanded)   NUMV: 1   CENTER: 14747
320  => (sanded)   NUMV: 15   CENTER: 4900
321  => (sanded)   NUMV: 4   CENTER: 4858
322  => (sanded)   NUMV: 26   CENTER: 285
323  => (sanded)   NUMV: 21   CENTER: 459
324  => (sanded)   NUMV: 6   CENTER: 7711
325  => (sanded)   NUMV: 15   CENTER: 8119
326  => (sanded)   NUMV: 11   CENTER: 1395
327  => (sanded)   NUMV: 14   CENTER: 1214
328  => (sanded)   NUMV: 1   CENTER: 8118
329  => (sanded)   NUMV: 7   CENTER: 1970
330  => (sanded)   NUMV: 5   CENTER: 8962
331  => (sanded)   NUMV: 19   CENTER: 2088
332  => (sanded)   NUMV: 15   CENTER: 2142
333  => (sanded)   NUMV: 20   CENTER: 2178
334  => (sanded)   NUMV: 38   CENTER: 2299
335  => (sanded)   NUMV: 14   CENTER: 2714
336  => (sanded)   NUMV: 26   CENTER: 2800
337  => (sanded)   NUMV: 16   CENTER: 3467
338  => (sanded)   NUMV: 8   CENTER: 3723
339  => (sanded)   NUMV: 4   CENTER: 3749
340  => (sanded)   NUMV: 1   CENTER: 3749
341  => (sanded)   NUMV: 15   CENTER: 3757
342  => (sanded)   NUMV: 24   CENTER: 4537
343  => (sanded)   NUMV: 16   CENTER: 4566
344  => (sanded)   NUMV: 1   CENTER: 15278
345  => (sanded)   NUMV: 10   CENTER: 4765
346  => (sanded)   NUMV: 17   CENTER: 4856
347  => (sanded)   NUMV: 11   CENTER: 2873
348  => (sanded)   NUMV: 9   CENTER: 3642
349  => (sanded)   NUMV: 17   CENTER: 1113
350  => (sanded)   NUMV: 9   CENTER: 1442
351  => (sanded)   NUMV: 11   CENTER: 1924
352  => (sanded)   NUMV: 37   CENTER: 1782
353  => (sanded)   NUMV: 3   CENTER: 2233
354  => (sanded)   NUMV: 14   CENTER: 2035
355  => (sanded)   NUMV: 11   CENTER: 2294
356  => (sanded)   NUMV: 17   CENTER: 2581
357  => (sanded)   NUMV: 20   CENTER: 2409
358  => (sanded)   NUMV: 7   CENTER: 3207
359  => (sanded)   NUMV: 24   CENTER: 3688
360  => (sanded)   NUMV: 10   CENTER: 3477
361  => (sanded)   NUMV: 1   CENTER: 13376
362  => (sanded)   NUMV: 13   CENTER: 3862
363  => (sanded)   NUMV: 12   CENTER: 4135
364  => (sanded)   NUMV: 13   CENTER: 13626
365  => (sanded)   NUMV: 6   CENTER: 4142
366  => (sanded)   NUMV: 11   CENTER: 5089
367  => (sanded)   NUMV: 3   CENTER: 5618
368  => (sanded)   NUMV: 1   CENTER: 16972
369  => (sanded)   NUMV: 2   CENTER: 798
370  => (sanded)   NUMV: 7   CENTER: 2406
371  => (sanded)   NUMV: 4   CENTER: 3370
372  => (sanded)   NUMV: 16   CENTER: 3775
373  => (sanded)   NUMV: 3   CENTER: 3740
374  => (sanded)   NUMV: 5   CENTER: 5645
375  => (sanded)   NUMV: 2   CENTER: 14
376  => (sanded)   NUMV: 1   CENTER: 6096
377  => (sanded)   NUMV: 3   CENTER: 551
378  => (sanded)   NUMV: 10   CENTER: 535
379  => (sanded)   NUMV: 9   CENTER: 756
380  => (sanded)   NUMV: 4   CENTER: 753
381  => (sanded)   NUMV: 10   CENTER: 5592
382  => (sanded)   NUMV: 7   CENTER: 895
383  => (sanded)   NUMV: 8   CENTER: 967
384  => (sanded)   NUMV: 6   CENTER: 1001
385  => (sanded)   NUMV: 17   CENTER: 1030
386  => (sanded)   NUMV: 13   CENTER: 1492
387  => (sanded)   NUMV: 2   CENTER: 16864
388  => (sanded)   NUMV: 13   CENTER: 3833
389  => (sanded)   NUMV: 8   CENTER: 3821
390  => (sanded)   NUMV: 8   CENTER: 4251
391  => (sanded)   NUMV: 19   CENTER: 4576
392  => (sanded)   NUMV: 13   CENTER: 5312
393  => (sanded)   NUMV: 42   CENTER: 56
394  => (sanded)   NUMV: 11   CENTER: 213
395  => (sanded)   NUMV: 7   CENTER: 6325
396  => (sanded)   NUMV: 21   CENTER: 612
397  => (sanded)   NUMV: 19   CENTER: 737
398  => (sanded)   NUMV: 41   CENTER: 745
399  => (sanded)   NUMV: 10   CENTER: 749
400  => (sanded)   NUMV: 12   CENTER: 987
401  => (sanded)   NUMV: 14   CENTER: 980
402  => (sanded)   NUMV: 15   CENTER: 1015
403  => (sanded)   NUMV: 10   CENTER: 1361
404  => (sanded)   NUMV: 7   CENTER: 2196
405  => (sanded)   NUMV: 6   CENTER: 1783
406  => (sanded)   NUMV: 18   CENTER: 2152
407  => (sanded)   NUMV: 10   CENTER: 10164
408  => (sanded)   NUMV: 10   CENTER: 2631
409  => (sanded)   NUMV: 11   CENTER: 3262
410  => (sanded)   NUMV: 8   CENTER: 2936
411  => (sanded)   NUMV: 16   CENTER: 3723
412  => (sanded)   NUMV: 5   CENTER: 3723
413  => (sanded)   NUMV: 12   CENTER: 3875
414  => (sanded)   NUMV: 5   CENTER: 3927
415  => (sanded)   NUMV: 11   CENTER: 4191
416  => (sanded)   NUMV: 23   CENTER: 4359
417  => (sanded)   NUMV: 9   CENTER: 5252
418  => (sanded)   NUMV: 20   CENTER: 4950
419  => (sanded)   NUMV: 18   CENTER: 34
420  => (sanded)   NUMV: 23   CENTER: 209
421  => (sanded)   NUMV: 6   CENTER: 656
422  => (sanded)   NUMV: 11   CENTER: 683
423  => (sanded)   NUMV: 12   CENTER: 550
424  => (sanded)   NUMV: 10   CENTER: 393
425  => (sanded)   NUMV: 17   CENTER: 1003
426  => (sanded)   NUMV: 11   CENTER: 929
427  => (sanded)   NUMV: 7   CENTER: 1245
428  => (sanded)   NUMV: 9   CENTER: 1616
429  => (sanded)   NUMV: 16   CENTER: 1623
430  => (sanded)   NUMV: 13   CENTER: 1622
431  => (sanded)   NUMV: 10   CENTER: 2439
432  => (sanded)   NUMV: 12   CENTER: 2825
433  => (sanded)   NUMV: 15   CENTER: 2869
434  => (sanded)   NUMV: 14   CENTER: 3284
435  => (sanded)   NUMV: 13   CENTER: 3102
436  => (sanded)   NUMV: 6   CENTER: 3587
437  => (sanded)   NUMV: 11   CENTER: 3852
438  => (sanded)   NUMV: 11   CENTER: 3595
439  => (sanded)   NUMV: 23   CENTER: 4455
440  => (sanded)   NUMV: 4   CENTER: 4880
441  => (sanded)   NUMV: 13   CENTER: 5332
442  => (sanded)   NUMV: 15   CENTER: 1159
443  => (sanded)   NUMV: 7   CENTER: 459
444  => (sanded)   NUMV: 21   CENTER: 2885
445  => (sanded)   NUMV: 8   CENTER: 9113
446  => (sanded)   NUMV: 13   CENTER: 2067
447  => (sanded)   NUMV: 11   CENTER: 2776
448  => (sanded)   NUMV: 5   CENTER: 3471
449  => (sanded)   NUMV: 11   CENTER: 5147
450  => (sanded)   NUMV: 9   CENTER: 95
451  => (sanded)   NUMV: 10   CENTER: 44
452  => (sanded)   NUMV: 14   CENTER: 654
453  => (sanded)   NUMV: 11   CENTER: 989
454  => (sanded)   NUMV: 10   CENTER: 3010
455  => (sanded)   NUMV: 9   CENTER: 2768
456  => (sanded)   NUMV: 10   CENTER: 4079
457  => (sanded)   NUMV: 4   CENTER: 4500
458  => (sanded)   NUMV: 12   CENTER: 4209
BBOX SIZE: 48.2223 x 80.7017 x 56.0317
FEATURE SIZE: 0.617562
Computing Visibility. GPU? 0  Finished? 0
Computing visibility (CPU)... 21652 verts. 
Sample: 20/258
Sample: 40/258
Sample: 60/258
Sample: 80/258
Sample: 100/258
Sample: 120/258
Sample: 140/258
Sample: 160/258
Sample: 180/258
Sample: 200/258
Sample: 220/258
Sample: 240/258
Finished computing visibility.
Comps: 5586216   Ray-casts: 2864133
MEAN CHARGE: 0.95928  STDDEV: 10.9397
Relaxing... avg. delta change: 0.432797
MEAN CHARGE: 0.956409  STDDEV: 10.7916
Relaxing... avg. delta change: 0.206367
MEAN CHARGE: 0.95408  STDDEV: 10.6849
Relaxing... avg. delta change: 0.161151
MEAN CHARGE: 0.951947  STDDEV: 10.5917
Relaxing... avg. delta change: 0.138822
MEAN CHARGE: 0.949931  STDDEV: 10.5071
Relaxing... avg. delta change: 0.124024
MEAN CHARGE: 0.947992  STDDEV: 10.4288
Relaxing... avg. delta change: 0.113382
MEAN CHARGE: 0.946103  STDDEV: 10.3557
Relaxing... avg. delta change: 0.105132
MEAN CHARGE: 0.944283  STDDEV: 10.2866
Relaxing... avg. delta change: 0.0984344
MEAN CHARGE: 0.942517  STDDEV: 10.2211
Relaxing... avg. delta change: 0.0927978
MEAN CHARGE: 0.940811  STDDEV: 10.1586
Relaxing... avg. delta change: 0.0879311
Writing image: /Storage/bacterjobs/2550/000.png
Writing image: /Storage/bacterjobs/2550/001.png
Writing image: /Storage/bacterjobs/2550/002.png
Writing image: /Storage/bacterjobs/2550/003.png
Writing image: /Storage/bacterjobs/2550/004.png
Writing image: /Storage/bacterjobs/2550/005.png
Writing image: /Storage/bacterjobs/2550/006.png
Writing image: /Storage/bacterjobs/2550/007.png
Writing image: /Storage/bacterjobs/2550/008.png
Writing image: /Storage/bacterjobs/2550/009.png
Writing image: /Storage/bacterjobs/2550/010.png
Writing image: /Storage/bacterjobs/2550/011.png
Writing image: /Storage/bacterjobs/2550/012.png
Writing image: /Storage/bacterjobs/2550/013.png
Writing image: /Storage/bacterjobs/2550/014.png
Writing image: /Storage/bacterjobs/2550/015.png
Writing image: /Storage/bacterjobs/2550/016.png
Writing image: /Storage/bacterjobs/2550/017.png
Writing image: /Storage/bacterjobs/2550/018.png
Writing image: /Storage/bacterjobs/2550/019.png
Writing image: /Storage/bacterjobs/2550/020.png
Writing image: /Storage/bacterjobs/2550/021.png
Writing image: /Storage/bacterjobs/2550/022.png
Writing image: /Storage/bacterjobs/2550/023.png
Writing image: /Storage/bacterjobs/2550/024.png
Writing image: /Storage/bacterjobs/2550/025.png
Writing image: /Storage/bacterjobs/2550/026.png
Writing image: /Storage/bacterjobs/2550/027.png
Writing image: /Storage/bacterjobs/2550/028.png
Writing image: /Storage/bacterjobs/2550/029.png
Writing image: /Storage/bacterjobs/2550/030.png
Writing image: /Storage/bacterjobs/2550/031.png
Writing image: /Storage/bacterjobs/2550/032.png
Writing image: /Storage/bacterjobs/2550/033.png
Writing image: /Storage/bacterjobs/2550/034.png
Writing image: /Storage/bacterjobs/2550/035.png
Writing image: /Storage/bacterjobs/2550/036.png
Writing image: /Storage/bacterjobs/2550/037.png
Writing image: /Storage/bacterjobs/2550/038.png
Writing image: /Storage/bacterjobs/2550/039.png
Writing image: /Storage/bacterjobs/2550/040.png
Writing image: /Storage/bacterjobs/2550/041.png
Writing image: /Storage/bacterjobs/2550/042.png
Writing image: /Storage/bacterjobs/2550/043.png
Writing image: /Storage/bacterjobs/2550/044.png
Writing image: /Storage/bacterjobs/2550/045.png
Writing image: /Storage/bacterjobs/2550/046.png
Writing image: /Storage/bacterjobs/2550/047.png
Writing image: /Storage/bacterjobs/2550/048.png
Writing image: /Storage/bacterjobs/2550/049.png
Writing image: /Storage/bacterjobs/2550/050.png
Writing image: /Storage/bacterjobs/2550/051.png
Writing image: /Storage/bacterjobs/2550/052.png
Writing image: /Storage/bacterjobs/2550/053.png
Writing image: /Storage/bacterjobs/2550/054.png
Writing image: /Storage/bacterjobs/2550/055.png
Writing image: /Storage/bacterjobs/2550/056.png
Writing image: /Storage/bacterjobs/2550/057.png
Writing image: /Storage/bacterjobs/2550/058.png
Writing image: /Storage/bacterjobs/2550/059.png
Writing image: /Storage/bacterjobs/2550/060.png
Writing image: /Storage/bacterjobs/2550/061.png
Writing image: /Storage/bacterjobs/2550/062.png
Writing image: /Storage/bacterjobs/2550/063.png
Writing image: /Storage/bacterjobs/2550/064.png
Writing image: /Storage/bacterjobs/2550/065.png
Writing image: /Storage/bacterjobs/2550/066.png
Writing image: /Storage/bacterjobs/2550/067.png
Writing image: /Storage/bacterjobs/2550/068.png
Writing image: /Storage/bacterjobs/2550/069.png
Writing image: /Storage/bacterjobs/2550/070.png
Writing image: /Storage/bacterjobs/2550/071.png
Writing image: /Storage/bacterjobs/2550/072.png
Writing image: /Storage/bacterjobs/2550/073.png
Writing image: /Storage/bacterjobs/2550/074.png
Writing image: /Storage/bacterjobs/2550/075.png
Writing image: /Storage/bacterjobs/2550/076.png
Writing image: /Storage/bacterjobs/2550/077.png
Writing image: /Storage/bacterjobs/2550/078.png
Writing image: /Storage/bacterjobs/2550/079.png
Writing image: /Storage/bacterjobs/2550/080.png
Writing image: /Storage/bacterjobs/2550/081.png
Writing image: /Storage/bacterjobs/2550/082.png
Writing image: /Storage/bacterjobs/2550/083.png
Writing image: /Storage/bacterjobs/2550/084.png
Writing image: /Storage/bacterjobs/2550/085.png
Writing image: /Storage/bacterjobs/2550/086.png
Writing image: /Storage/bacterjobs/2550/087.png
Writing image: /Storage/bacterjobs/2550/088.png
Writing image: /Storage/bacterjobs/2550/089.png
Writing image: /Storage/bacterjobs/2550/090.png
Writing image: /Storage/bacterjobs/2550/091.png
Writing image: /Storage/bacterjobs/2550/092.png
Writing image: /Storage/bacterjobs/2550/093.png
Writing image: /Storage/bacterjobs/2550/094.png
Writing image: /Storage/bacterjobs/2550/095.png
Writing image: /Storage/bacterjobs/2550/096.png
