Finding vertex to triangle maps... Done.
Finding across-edge maps... Done.
Building triangle strips... Done.
  18929 strips (Avg. length 6.5)
Computing bounding box... Done.
  x = -20.43 .. 42.597, y = -89.033 .. 2.003, z = -54.169 .. 73.092
Computing bounding sphere... Done.
  center = (12.5575, -51.1855, 10.0595), radius = 67.9675
Computing point areas... Done.
Computing curvatures... Done.
Computing dcurv... Done.
Warning: called MathVec3D::normalize on the zero vector
Warning: called MathVec3D::normalize on the zero vector
Warning: called MathVec3D::normalize on the zero vector
Warning: called MathVec3D::normalize on the zero vector
Warning: called MathVec3D::normalize on the zero vector
Warning: called MathVec3D::normalize on the zero vector
Warning: called MathVec3D::normalize on the zero vector
Warning: called MathVec3D::normalize on the zero vector
Warning: called MathVec3D::normalize on the zero vector
Warning: called MathVec3D::normalize on the zero vector
Warning: called MathVec3D::normalize on the zero vector
Warning: called MathVec3D::normalize on the zero vector
Warning: called MathVec3D::normalize on the zero vector
Warning: called MathVec3D::normalize on the zero vector
Warning: called MathVec3D::normalize on the zero vector
Warning: called MathVec3D::normalize on the zero vector
Warning: called MathVec3D::normalize on the zero vector
Warning: called MathVec3D::normalize on the zero vector
Warning: called MathVec3D::normalize on the zero vector
Warning: called MathVec3D::normalize on the zero vector
Warning: called MathVec3D::normalize on the zero vector
Warning: called MathVec3D::normalize on the zero vector
Warning: called MathVec3D::normalize on the zero vector
Warning: called MathVec3D::normalize on the zero vector
Warning: called MathVec3D::normalize on the zero vector
Warning: called MathVec3D::normalize on the zero vector
Warning: called MathVec3D::normalize on the zero vector
Warning: called MathVec3D::normalize on the zero vector
Warning: called MathVec3D::normalize on the zero vector
Warning: called MathVec3D::normalize on the zero vector
Warning: called MathVec3D::normalize on the zero vector
Warning: called MathVec3D::normalize on the zero vector
Warning: called MathVec3D::normalize on the zero vector
Warning: called MathVec3D::normalize on the zero vector
Warning: called MathVec3D::normalize on the zero vector
Warning: called MathVec3D::normalize on the zero vector
Warning: called MathVec3D::normalize on the zero vector
Warning: called MathVec3D::normalize on the zero vector
Warning: called MathVec3D::normalize on the zero vector
Warning: called MathVec3D::normalize on the zero vector
Warning: called MathVec3D::normalize on the zero vector
Warning: called MathVec3D::normalize on the zero vector
Warning: called MathVec3D::normalize on the zero vector
Warning: called MathVec3D::normalize on the zero vector
Warning: called MathVec3D::normalize on the zero vector
Warning: called MathVec3D::normalize on the zero vector
Warning: called MathVec3D::normalize on the zero vector
Warning: called MathVec3D::normalize on the zero vector
Warning: called MathVec3D::normalize on the zero vector
Warning: called MathVec3D::normalize on the zero vector
Warning: called MathVec3D::normalize on the zero vector
Warning: called MathVec3D::normalize on the zero vector
Warning: called MathVec3D::normalize on the zero vector
Warning: called MathVec3D::normalize on the zero vector
Warning: called MathVec3D::normalize on the zero vector
Warning: called MathVec3D::normalize on the zero vector
Warning: called MathVec3D::normalize on the zero vector
Warning: called MathVec3D::normalize on the zero vector
Warning: called MathVec3D::normalize on the zero vector
Warning: called MathVec3D::normalize on the zero vector
Warning: called MathVec3D::normalize on the zero vector
Warning: called MathVec3D::normalize on the zero vector
Warning: called MathVec3D::normalize on the zero vector
Warning: called MathVec3D::normalize on the zero vector
Warning: called MathVec3D::normalize on the zero vector
Warning: called MathVec3D::normalize on the zero vector
Warning: called MathVec3D::normalize on the zero vector
Warning: called MathVec3D::normalize on the zero vector
Warning: called MathVec3D::normalize on the zero vector
Warning: called MathVec3D::normalize on the zero vector
Warning: called MathVec3D::normalize on the zero vector
Warning: called MathVec3D::normalize on the zero vector
Warning: called MathVec3D::normalize on the zero vector
Warning: called MathVec3D::normalize on the zero vector
Warning: called MathVec3D::normalize on the zero vector
Warning: called MathVec3D::normalize on the zero vector
Warning: called MathVec3D::normalize on the zero vector
Warning: called MathVec3D::normalize on the zero vector
Warning: called MathVec3D::normalize on the zero vector
Warning: called MathVec3D::normalize on the zero vector
Warning: called MathVec3D::normalize on the zero vector
Warning: called MathVec3D::normalize on the zero vector
Warning: called MathVec3D::normalize on the zero vector
Warning: called MathVec3D::normalize on the zero vector
Warning: called MathVec3D::normalize on the zero vector
Warning: called MathVec3D::normalize on the zero vector
Warning: called MathVec3D::normalize on the zero vector
Warning: called MathVec3D::normalize on the zero vector
Warning: called MathVec3D::normalize on the zero vector
Warning: called MathVec3D::normalize on the zero vector
Warning: called MathVec3D::normalize on the zero vector
Warning: called MathVec3D::normalize on the zero vector
Warning: called MathVec3D::normalize on the zero vector
Warning: called MathVec3D::normalize on the zero vector
Warning: called MathVec3D::normalize on the zero vector
Warning: called MathVec3D::normalize on the zero vector
Warning: called MathVec3D::normalize on the zero vector
Warning: called MathVec3D::normalize on the zero vector
Warning: called MathVec3D::normalize on the zero vector
Warning: called MathVec3D::normalize on the zero vector
Warning: called MathVec3D::normalize on the zero vector
Warning: called MathVec3D::normalize on the zero vector
Warning: called MathVec3D::normalize on the zero vector
Warning: called MathVec3D::normalize on the zero vector
Warning: called MathVec3D::normalize on the zero vector
Warning: called MathVec3D::normalize on the zero vector
Warning: called MathVec3D::normalize on the zero vector
Warning: called MathVec3D::normalize on the zero vector
Warning: called MathVec3D::normalize on the zero vector
Warning: called MathVec3D::normalize on the zero vector
Warning: called MathVec3D::normalize on the zero vector
Warning: called MathVec3D::normalize on the zero vector
Warning: called MathVec3D::normalize on the zero vector
Warning: called MathVec3D::normalize on the zero vector
Warning: called MathVec3D::normalize on the zero vector
Warning: called MathVec3D::normalize on the zero vector
Warning: called MathVec3D::normalize on the zero vector
Warning: called MathVec3D::normalize on the zero vector
Warning: called MathVec3D::normalize on the zero vector
Warning: called MathVec3D::normalize on the zero vector
Warning: called MathVec3D::normalize on the zero vector
Warning: called MathVec3D::normalize on the zero vector
Warning: called MathVec3D::normalize on the zero vector
Warning: called MathVec3D::normalize on the zero vector
Warning: called MathVec3D::normalize on the zero vector
Warning: called MathVec3D::normalize on the zero vector
Warning: called MathVec3D::normalize on the zero vector
Warning: called MathVec3D::normalize on the zero vector
Warning: called MathVec3D::normalize on the zero vector
Warning: called MathVec3D::normalize on the zero vector
Warning: called MathVec3D::normalize on the zero vector
Warning: called MathVec3D::normalize on the zero vector
Warning: called MathVec3D::normalize on the zero vector
Warning: called MathVec3D::normalize on the zero vector
Warning: called MathVec3D::normalize on the zero vector
Warning: called MathVec3D::normalize on the zero vector
Warning: called MathVec3D::normalize on the zero vector
Warning: called MathVec3D::normalize on the zero vector
Warning: called MathVec3D::normalize on the zero vector
Warning: called MathVec3D::normalize on the zero vector
Warning: called MathVec3D::normalize on the zero vector
Warning: called MathVec3D::normalize on the zero vector
Warning: called MathVec3D::normalize on the zero vector
Warning: called MathVec3D::normalize on the zero vector
Warning: called MathVec3D::normalize on the zero vector
Warning: called MathVec3D::normalize on the zero vector
Warning: called MathVec3D::normalize on the zero vector
Warning: called MathVec3D::normalize on the zero vector
Warning: called MathVec3D::normalize on the zero vector
Warning: called MathVec3D::normalize on the zero vector
Warning: called MathVec3D::normalize on the zero vector
Warning: called MathVec3D::normalize on the zero vector
Warning: called MathVec3D::normalize on the zero vector
Warning: called MathVec3D::normalize on the zero vector
Warning: called MathVec3D::normalize on the zero vector
Warning: called MathVec3D::normalize on the zero vector
Warning: called MathVec3D::normalize on the zero vector
Warning: called MathVec3D::normalize on the zero vector
Warning: called MathVec3D::normalize on the zero vector
Warning: called MathVec3D::normalize on the zero vector
Warning: called MathVec3D::normalize on the zero vector
Warning: called MathVec3D::normalize on the zero vector
Warning: called MathVec3D::normalize on the zero vector
Warning: called MathVec3D::normalize on the zero vector
Warning: called MathVec3D::normalize on the zero vector
Warning: called MathVec3D::normalize on the zero vector
Warning: called MathVec3D::normalize on the zero vector
Warning: called MathVec3D::normalize on the zero vector
Warning: called MathVec3D::normalize on the zero vector
Warning: called MathVec3D::normalize on the zero vector
Warning: called MathVec3D::normalize on the zero vector
Warning: called MathVec3D::normalize on the zero vector
Warning: called MathVec3D::normalize on the zero vector
Warning: called MathVec3D::normalize on the zero vector
Warning: called MathVec3D::normalize on the zero vector
Warning: called MathVec3D::normalize on the zero vector
Warning: called MathVec3D::normalize on the zero vector
Warning: called MathVec3D::normalize on the zero vector
Warning: called MathVec3D::normalize on the zero vector
Warning: called MathVec3D::normalize on the zero vector
Warning: called MathVec3D::normalize on the zero vector
Warning: called MathVec3D::normalize on the zero vector
Warning: called MathVec3D::normalize on the zero vector
Warning: called MathVec3D::normalize on the zero vector
Warning: called MathVec3D::normalize on the zero vector
Warning: called MathVec3D::normalize on the zero vector
Warning: called MathVec3D::normalize on the zero vector
Warning: called MathVec3D::normalize on the zero vector
Warning: called MathVec3D::normalize on the zero vector
Warning: called MathVec3D::normalize on the zero vector
Warning: called MathVec3D::normalize on the zero vector
Warning: called MathVec3D::normalize on the zero vector
Warning: called MathVec3D::normalize on the zero vector
Warning: called MathVec3D::normalize on the zero vector
Warning: called MathVec3D::normalize on the zero vector
Warning: called MathVec3D::normalize on the zero vector
Warning: called MathVec3D::normalize on the zero vector
Warning: called MathVec3D::normalize on the zero vector
Warning: called MathVec3D::normalize on the zero vector
Warning: called MathVec3D::normalize on the zero vector
Warning: called MathVec3D::normalize on the zero vector
Warning: called MathVec3D::normalize on the zero vector
Warning: called MathVec3D::normalize on the zero vector
Warning: called MathVec3D::normalize on the zero vector
Warning: called MathVec3D::normalize on the zero vector
Warning: called MathVec3D::normalize on the zero vector
Warning: called MathVec3D::normalize on the zero vector
Warning: called MathVec3D::normalize on the zero vector
Warning: called MathVec3D::normalize on the zero vector
Warning: called MathVec3D::normalize on the zero vector
Warning: called MathVec3D::normalize on the zero vector
Warning: called MathVec3D::normalize on the zero vector
Warning: called MathVec3D::normalize on the zero vector
Warning: called MathVec3D::normalize on the zero vector
Warning: called MathVec3D::normalize on the zero vector
Warning: called MathVec3D::normalize on the zero vector
Warning: called MathVec3D::normalize on the zero vector
Warning: called MathVec3D::normalize on the zero vector
Warning: called MathVec3D::normalize on the zero vector
Warning: called MathVec3D::normalize on the zero vector

Warning: Missing either "hbondwhatif" or "usage" functions in hbondwhatif.py!
This extension will not be included.

Warning: The 'energy' print keyword is deprecated.
         Use elecEnergy for electrostatics energy calcs.

Finding vertex neighbors... Done.
Warning: called MathVec3D::normalize on the zero vector
Warning: called MathVec3D::normalize on the zero vector
Warning: called MathVec3D::normalize on the zero vector
Warning: called MathVec3D::normalize on the zero vector
Warning: called MathVec3D::normalize on the zero vector
Warning: called MathVec3D::normalize on the zero vector
Warning: called MathVec3D::normalize on the zero vector
Warning: called MathVec3D::normalize on the zero vector
Warning: called MathVec3D::normalize on the zero vector
Warning: called MathVec3D::normalize on the zero vector
Warning: called MathVec3D::normalize on the zero vector
Warning: called MathVec3D::normalize on the zero vector
Warning: called MathVec3D::normalize on the zero vector
Warning: called MathVec3D::normalize on the zero vector
Warning: called MathVec3D::normalize on the zero vector
Warning: called MathVec3D::normalize on the zero vector
Warning: called MathVec3D::normalize on the zero vector
Warning: called MathVec3D::normalize on the zero vector
Warning: called MathVec3D::normalize on the zero vector
Warning: called MathVec3D::normalize on the zero vector
Warning: called MathVec3D::normalize on the zero vector
Warning: called MathVec3D::normalize on the zero vector
Warning: called MathVec3D::normalize on the zero vector
Warning: called MathVec3D::normalize on the zero vector
Warning: called MathVec3D::normalize on the zero vector
Warning: called MathVec3D::normalize on the zero vector
Warning: called MathVec3D::normalize on the zero vector
Warning: called MathVec3D::normalize on the zero vector
Warning: called MathVec3D::normalize on the zero vector
Warning: called MathVec3D::normalize on the zero vector
Warning: called MathVec3D::normalize on the zero vector
Warning: called MathVec3D::normalize on the zero vector
Warning: called MathVec3D::normalize on the zero vector
Warning: called MathVec3D::normalize on the zero vector
Warning: called MathVec3D::normalize on the zero vector
Warning: called MathVec3D::normalize on the zero vector
Warning: called MathVec3D::normalize on the zero vector
Warning: called MathVec3D::normalize on the zero vector
Warning: called MathVec3D::normalize on the zero vector
Warning: called MathVec3D::normalize on the zero vector
Warning: called MathVec3D::normalize on the zero vector
Warning: called MathVec3D::normalize on the zero vector
Warning: called MathVec3D::normalize on the zero vector
Warning: called MathVec3D::normalize on the zero vector
Warning: called MathVec3D::normalize on the zero vector
Warning: called MathVec3D::normalize on the zero vector
Warning: called MathVec3D::normalize on the zero vector
Warning: called MathVec3D::normalize on the zero vector
Warning: called MathVec3D::normalize on the zero vector
Warning: called MathVec3D::normalize on the zero vector
Warning: called MathVec3D::normalize on the zero vector
Warning: called MathVec3D::normalize on the zero vector
Warning: called MathVec3D::normalize on the zero vector
Warning: called MathVec3D::normalize on the zero vector
Warning: called MathVec3D::normalize on the zero vector
Warning: called MathVec3D::normalize on the zero vector
Warning: called MathVec3D::normalize on the zero vector
Warning: called MathVec3D::normalize on the zero vector
Warning: called MathVec3D::normalize on the zero vector
Warning: called MathVec3D::normalize on the zero vector
Warning: called MathVec3D::normalize on the zero vector
Warning: called MathVec3D::normalize on the zero vector
Warning: called MathVec3D::normalize on the zero vector
Warning: called MathVec3D::normalize on the zero vector
Warning: called MathVec3D::normalize on the zero vector
Warning: called MathVec3D::normalize on the zero vector
Warning: called MathVec3D::normalize on the zero vector
Warning: called MathVec3D::normalize on the zero vector
Warning: called MathVec3D::normalize on the zero vector
Warning: called MathVec3D::normalize on the zero vector
Warning: called MathVec3D::normalize on the zero vector
Warning: called MathVec3D::normalize on the zero vector
Warning: called MathVec3D::normalize on the zero vector
Warning: called MathVec3D::normalize on the zero vector
Warning: called MathVec3D::normalize on the zero vector
Warning: called MathVec3D::normalize on the zero vector
Warning: called MathVec3D::normalize on the zero vector
Warning: called MathVec3D::normalize on the zero vector
Warning: called MathVec3D::normalize on the zero vector
Warning: called MathVec3D::normalize on the zero vector
Warning: called MathVec3D::normalize on the zero vector
Warning: called MathVec3D::normalize on the zero vector
Warning: called MathVec3D::normalize on the zero vector
Warning: called MathVec3D::normalize on the zero vector
Warning: called MathVec3D::normalize on the zero vector
Warning: called MathVec3D::normalize on the zero vector
Warning: called MathVec3D::normalize on the zero vector
Warning: called MathVec3D::normalize on the zero vector
Warning: called MathVec3D::normalize on the zero vector
Warning: called MathVec3D::normalize on the zero vector
Warning: called MathVec3D::normalize on the zero vector
Warning: called MathVec3D::normalize on the zero vector
Warning: called MathVec3D::normalize on the zero vector
Warning: called MathVec3D::normalize on the zero vector
Warning: called MathVec3D::normalize on the zero vector
Warning: called MathVec3D::normalize on the zero vector
Warning: called MathVec3D::normalize on the zero vector
Warning: called MathVec3D::normalize on the zero vector
Warning: called MathVec3D::normalize on the zero vector
Warning: called MathVec3D::normalize on the zero vector
Warning: called MathVec3D::normalize on the zero vector
Warning: called MathVec3D::normalize on the zero vector
Warning: called MathVec3D::normalize on the zero vector
Warning: called MathVec3D::normalize on the zero vector
Warning: called MathVec3D::normalize on the zero vector
Warning: called MathVec3D::normalize on the zero vector
Warning: called MathVec3D::normalize on the zero vector
Warning: called MathVec3D::normalize on the zero vector
Warning: called MathVec3D::normalize on the zero vector
Warning: called MathVec3D::normalize on the zero vector
Warning: called MathVec3D::normalize on the zero vector
Warning: called MathVec3D::normalize on the zero vector
Warning: called MathVec3D::normalize on the zero vector
Warning: called MathVec3D::normalize on the zero vector
Warning: called MathVec3D::normalize on the zero vector
Warning: called MathVec3D::normalize on the zero vector
Warning: called MathVec3D::normalize on the zero vector
Warning: called MathVec3D::normalize on the zero vector
Warning: called MathVec3D::normalize on the zero vector
Warning: called MathVec3D::normalize on the zero vector
Warning: called MathVec3D::normalize on the zero vector
Warning: called MathVec3D::normalize on the zero vector
Warning: called MathVec3D::normalize on the zero vector
Warning: called MathVec3D::normalize on the zero vector
Warning: called MathVec3D::normalize on the zero vector
Warning: called MathVec3D::normalize on the zero vector
Warning: called MathVec3D::normalize on the zero vector
Warning: called MathVec3D::normalize on the zero vector
Warning: called MathVec3D::normalize on the zero vector
Warning: called MathVec3D::normalize on the zero vector
Warning: called MathVec3D::normalize on the zero vector
Warning: called MathVec3D::normalize on the zero vector
Warning: called MathVec3D::normalize on the zero vector
Warning: called MathVec3D::normalize on the zero vector
Warning: called MathVec3D::normalize on the zero vector
Warning: called MathVec3D::normalize on the zero vector
Warning: called MathVec3D::normalize on the zero vector
Warning: called MathVec3D::normalize on the zero vector
Warning: called MathVec3D::normalize on the zero vector
Warning: called MathVec3D::normalize on the zero vector
Warning: called MathVec3D::normalize on the zero vector
Warning: called MathVec3D::normalize on the zero vector
Warning: called MathVec3D::normalize on the zero vector
Warning: called MathVec3D::normalize on the zero vector
Warning: called MathVec3D::normalize on the zero vector
Warning: called MathVec3D::normalize on the zero vector
Warning: called MathVec3D::normalize on the zero vector
Warning: called MathVec3D::normalize on the zero vector
Warning: called MathVec3D::normalize on the zero vector
Warning: called MathVec3D::normalize on the zero vector
Warning: called MathVec3D::normalize on the zero vector
Warning: called MathVec3D::normalize on the zero vector
Warning: called MathVec3D::normalize on the zero vector
Warning: called MathVec3D::normalize on the zero vector
Warning: called MathVec3D::normalize on the zero vector
Warning: called MathVec3D::normalize on the zero vector
Warning: called MathVec3D::normalize on the zero vector
Warning: called MathVec3D::normalize on the zero vector
Warning: called MathVec3D::normalize on the zero vector
Warning: called MathVec3D::normalize on the zero vector
Warning: called MathVec3D::normalize on the zero vector
Warning: called MathVec3D::normalize on the zero vector
Warning: called MathVec3D::normalize on the zero vector
Warning: called MathVec3D::normalize on the zero vector
Warning: called MathVec3D::normalize on the zero vector
Warning: called MathVec3D::normalize on the zero vector
Warning: called MathVec3D::normalize on the zero vector
Warning: called MathVec3D::normalize on the zero vector
Warning: called MathVec3D::normalize on the zero vector
Warning: called MathVec3D::normalize on the zero vector
Warning: called MathVec3D::normalize on the zero vector
Warning: called MathVec3D::normalize on the zero vector
Warning: called MathVec3D::normalize on the zero vector
Warning: called MathVec3D::normalize on the zero vector
Warning: called MathVec3D::normalize on the zero vector
Warning: called MathVec3D::normalize on the zero vector
Warning: called MathVec3D::normalize on the zero vector
Warning: called MathVec3D::normalize on the zero vector
Warning: called MathVec3D::normalize on the zero vector
Warning: called MathVec3D::normalize on the zero vector
Warning: called MathVec3D::normalize on the zero vector
Warning: called MathVec3D::normalize on the zero vector
Warning: called MathVec3D::normalize on the zero vector
Warning: called MathVec3D::normalize on the zero vector
Warning: called MathVec3D::normalize on the zero vector
Warning: called MathVec3D::normalize on the zero vector
Warning: called MathVec3D::normalize on the zero vector
Warning: called MathVec3D::normalize on the zero vector
Warning: called MathVec3D::normalize on the zero vector
Warning: called MathVec3D::normalize on the zero vector
Warning: called MathVec3D::normalize on the zero vector
Warning: called MathVec3D::normalize on the zero vector
Warning: called MathVec3D::normalize on the zero vector
Warning: called MathVec3D::normalize on the zero vector
Warning: called MathVec3D::normalize on the zero vector
Warning: called MathVec3D::normalize on the zero vector
Warning: called MathVec3D::normalize on the zero vector
Warning: called MathVec3D::normalize on the zero vector
Warning: called MathVec3D::normalize on the zero vector
Warning: called MathVec3D::normalize on the zero vector
Warning: called MathVec3D::normalize on the zero vector
Warning: called MathVec3D::normalize on the zero vector
Warning: called MathVec3D::normalize on the zero vector
Warning: called MathVec3D::normalize on the zero vector
Warning: called MathVec3D::normalize on the zero vector
Warning: called MathVec3D::normalize on the zero vector
Warning: called MathVec3D::normalize on the zero vector
Warning: called MathVec3D::normalize on the zero vector
Warning: called MathVec3D::normalize on the zero vector
Warning: called MathVec3D::normalize on the zero vector
Warning: called MathVec3D::normalize on the zero vector
Warning: called MathVec3D::normalize on the zero vector
Warning: called MathVec3D::normalize on the zero vector
Warning: called MathVec3D::normalize on the zero vector
Warning: called MathVec3D::normalize on the zero vector
Warning: called MathVec3D::normalize on the zero vector
Warning: called MathVec3D::normalize on the zero vector
Warning: called MathVec3D::normalize on the zero vector
Warning: called MathVec3D::normalize on the zero vector
Warning: called MathVec3D::normalize on the zero vector
Finding vertex neighbors... Done.
Computing point areas... Done.
Finding vertex to triangle maps... Done.
Computing normals... Done.
Computing curvatures... Done.
Warning: called MathVec3D::normalize on the zero vector
Warning: called MathVec3D::normalize on the zero vector
Warning: called MathVec3D::normalize on the zero vector
Computing normals... Done.
Finding vertex to triangle maps... Done.
Finding across-edge maps... Done.
Building triangle strips... Done.
  14889 strips (Avg. length 7.4)
Finding vertex neighbors... Done.
Computing point areas... Done.
Finding vertex neighbors... Done.
Computing point areas... Done.
Finding vertex to triangle maps... Done.
Computing normals... Done.
Computing curvatures... Done.
Computing normals... Done.
Finding vertex to triangle maps... Done.
Finding across-edge maps... Done.
Building triangle strips... Done.
  11648 strips (Avg. length 7.4)
Finding vertex neighbors... Done.
Computing point areas... Done.
Finding vertex neighbors... Done.
Computing point areas... Done.
Finding vertex to triangle maps... Done.
Computing normals... Done.
Computing curvatures... Done.
Computing normals... Done.
Finding vertex to triangle maps... Done.
Finding across-edge maps... Done.
Building triangle strips... Done.
  9096 strips (Avg. length 7.5)
Finding vertex neighbors... Done.
Computing point areas... Done.
Computing normals... Done.
Computing curvatures... Done.
Computing dcurv... Done.
Computing bounding box... Done.
  x = -18.5401 .. 40.0316, y = -86.2963 .. -1.7525, z = -48.4321 .. 67.5616
Computing bounding sphere... Done.
  center = (16.9539, -48.2097, 10.2059), radius = 64.6807
Warning: called MathVec3D::normalize on the zero vector
Warning: called MathVec3D::normalize on the zero vector
Warning: called MathVec3D::normalize on the zero vector
Warning: called MathVec3D::normalize on the zero vector
Warning: called MathVec3D::normalize on the zero vector
Warning: called MathVec3D::normalize on the zero vector
Warning: called MathVec3D::normalize on the zero vector
Warning: called MathVec3D::normalize on the zero vector
Warning: called MathVec3D::normalize on the zero vector
Warning: called MathVec3D::normalize on the zero vector
Warning: called MathVec3D::normalize on the zero vector
Warning: called MathVec3D::normalize on the zero vector
Warning: called MathVec3D::normalize on the zero vector
Warning: called MathVec3D::normalize on the zero vector
Warning: called MathVec3D::normalize on the zero vector
Warning: called MathVec3D::normalize on the zero vector
Warning: called MathVec3D::normalize on the zero vector
Warning: called MathVec3D::normalize on the zero vector
Warning: called MathVec3D::normalize on the zero vector
Warning: called MathVec3D::normalize on the zero vector
Finding vertex to triangle maps... Done.
Finding across-edge maps... Done.
Building triangle strips... Done.
  130 strips (Avg. length 6.8)
Computing bounding box... Done.
  x = 3.132 .. 9.463, y = -24.103 .. -13.869, z = -12.371 .. -4.063
Computing bounding sphere... Done.
  center = (6.24304, -19.0633, -7.43843), radius = 5.81594
Computing point areas... Done.
Computing curvatures... Done.
Computing dcurv... Done.
Finding vertex to triangle maps... Done.
Finding across-edge maps... Done.
Building triangle strips... Done.
  101 strips (Avg. length 6.1)
Computing bounding box... Done.
  x = 7.611 .. 13.926, y = -26.391 .. -18.084, z = -11.788 .. -6.768
Computing bounding sphere... Done.
  center = (10.7286, -22.2664, -9.52929), radius = 4.36001
Computing point areas... Done.
Computing curvatures... Done.
Computing dcurv... Done.
Finding vertex to triangle maps... Done.
Finding across-edge maps... Done.
Building triangle strips... Done.
  138 strips (Avg. length 6.6)
Computing bounding box... Done.
  x = 3.312 .. 9.466, y = -25.265 .. -13.756, z = -16.787 .. -10.172
Computing bounding sphere... Done.
  center = (6.5735, -19.5105, -12.662), radius = 5.86956
Computing point areas... Done.
Computing curvatures... Done.
Computing dcurv... Done.
Finding vertex to triangle maps... Done.
Finding across-edge maps... Done.
Building triangle strips... Done.
  96 strips (Avg. length 7.1)
Computing bounding box... Done.
  x = 5.937 .. 11.3, y = -22.517 .. -14.011, z = -22.213 .. -15.105
Computing bounding sphere... Done.
  center = (8.34024, -18.2692, -19.1305), radius = 4.45256
Computing point areas... Done.
Computing curvatures... Done.
Computing dcurv... Done.
Finding vertex to triangle maps... Done.
Finding across-edge maps... Done.
Building triangle strips... Done.
  97 strips (Avg. length 6.7)
Computing bounding box... Done.
  x = 4.16 .. 12.692, y = -25.965 .. -20.684, z = -21.24 .. -14.464
Computing bounding sphere... Done.
  center = (8.426, -23.7405, -17.8445), radius = 4.45757
Computing point areas... Done.
Computing curvatures... Done.
Computing dcurv... Done.
Finding vertex to triangle maps... Done.
Finding across-edge maps... Done.
Building triangle strips... Done.
  135 strips (Avg. length 6.5)
Computing bounding box... Done.
  x = 0.348 .. 11.784, y = -28.525 .. -23.03, z = -25.132 .. -18.865
Computing bounding sphere... Done.
  center = (6.083, -25.0145, -21.287), radius = 5.87309
Computing point areas... Done.
Computing curvatures... Done.
Computing dcurv... Done.
Finding vertex to triangle maps... Done.
Finding across-edge maps... Done.
Building triangle strips... Done.
  98 strips (Avg. length 6.4)
Computing bounding box... Done.
  x = -1.157 .. 4.76, y = -31.7 .. -24.703, z = -28.293 .. -21.218
Computing bounding sphere... Done.
  center = (1.19655, -28.473, -25.0757), radius = 3.99738
Computing point areas... Done.
Computing curvatures... Done.
Computing dcurv... Done.
Finding vertex to triangle maps... Done.
Finding across-edge maps... Done.
Building triangle strips... Done.
  114 strips (Avg. length 5.8)
Computing bounding box... Done.
  x = 6.812 .. 13.695, y = -15.861 .. -9.897, z = -24.066 .. -15.483
Computing bounding sphere... Done.
  center = (10.3905, -12.479, -19.7745), radius = 4.4558
Computing point areas... Done.
Computing curvatures... Done.
Computing dcurv... Done.
Finding vertex to triangle maps... Done.
Finding across-edge maps... Done.
Building triangle strips... Done.
  134 strips (Avg. length 6.5)
Computing bounding box... Done.
  x = 1.868 .. 11.565, y = -16.157 .. -9.453, z = -28.415 .. -19.571
Computing bounding sphere... Done.
  center = (6.83119, -13.3641, -23.1564), radius = 5.68385
Computing point areas... Done.
Computing curvatures... Done.
Computing dcurv... Done.
Finding vertex to triangle maps... Done.
Finding across-edge maps... Done.
Building triangle strips... Done.
  19233 strips (Avg. length 6.6)
Computing bounding box... Done.
  x = -46.22 .. 52.388, y = -41.735 .. 58.222, z = -57.434 .. 26.788
Computing bounding sphere... Done.
  center = (8.79041, 8.21675, -23.2738), radius = 66.7681
Computing point areas... Done.
Computing curvatures... Done.
Computing dcurv... Done.
Warning: called MathVec3D::normalize on the zero vector
Warning: called MathVec3D::normalize on the zero vector
Warning: called MathVec3D::normalize on the zero vector
Warning: called MathVec3D::normalize on the zero vector
Warning: called MathVec3D::normalize on the zero vector
Warning: called MathVec3D::normalize on the zero vector
Warning: called MathVec3D::normalize on the zero vector
Warning: called MathVec3D::normalize on the zero vector
Warning: called MathVec3D::normalize on the zero vector
Warning: called MathVec3D::normalize on the zero vector
Warning: called MathVec3D::normalize on the zero vector
Warning: called MathVec3D::normalize on the zero vector
Warning: called MathVec3D::normalize on the zero vector
Warning: called MathVec3D::normalize on the zero vector
Warning: called MathVec3D::normalize on the zero vector
Warning: called MathVec3D::normalize on the zero vector
Warning: called MathVec3D::normalize on the zero vector
Warning: called MathVec3D::normalize on the zero vector
Warning: called MathVec3D::normalize on the zero vector
Warning: called MathVec3D::normalize on the zero vector
Warning: called MathVec3D::normalize on the zero vector
Warning: called MathVec3D::normalize on the zero vector
Warning: called MathVec3D::normalize on the zero vector
Warning: called MathVec3D::normalize on the zero vector
Warning: called MathVec3D::normalize on the zero vector
Warning: called MathVec3D::normalize on the zero vector
Warning: called MathVec3D::normalize on the zero vector
Warning: called MathVec3D::normalize on the zero vector
Warning: called MathVec3D::normalize on the zero vector
Warning: called MathVec3D::normalize on the zero vector
Warning: called MathVec3D::normalize on the zero vector
Warning: called MathVec3D::normalize on the zero vector
Warning: called MathVec3D::normalize on the zero vector
Warning: called MathVec3D::normalize on the zero vector
Warning: called MathVec3D::normalize on the zero vector
Warning: called MathVec3D::normalize on the zero vector
Warning: called MathVec3D::normalize on the zero vector
Warning: called MathVec3D::normalize on the zero vector
Warning: called MathVec3D::normalize on the zero vector
Warning: called MathVec3D::normalize on the zero vector
Warning: called MathVec3D::normalize on the zero vector
Warning: called MathVec3D::normalize on the zero vector
Warning: called MathVec3D::normalize on the zero vector
Warning: called MathVec3D::normalize on the zero vector
Warning: called MathVec3D::normalize on the zero vector
Warning: called MathVec3D::normalize on the zero vector
Warning: called MathVec3D::normalize on the zero vector
Warning: called MathVec3D::normalize on the zero vector
Warning: called MathVec3D::normalize on the zero vector
Warning: called MathVec3D::normalize on the zero vector
Warning: called MathVec3D::normalize on the zero vector
Warning: called MathVec3D::normalize on the zero vector
Warning: called MathVec3D::normalize on the zero vector
Warning: called MathVec3D::normalize on the zero vector
Warning: called MathVec3D::normalize on the zero vector
Warning: called MathVec3D::normalize on the zero vector
Warning: called MathVec3D::normalize on the zero vector
Warning: called MathVec3D::normalize on the zero vector
Warning: called MathVec3D::normalize on the zero vector
Warning: called MathVec3D::normalize on the zero vector
Warning: called MathVec3D::normalize on the zero vector
Warning: called MathVec3D::normalize on the zero vector
Warning: called MathVec3D::normalize on the zero vector
Warning: called MathVec3D::normalize on the zero vector
Warning: called MathVec3D::normalize on the zero vector
Warning: called MathVec3D::normalize on the zero vector
Warning: called MathVec3D::normalize on the zero vector
Warning: called MathVec3D::normalize on the zero vector
Warning: called MathVec3D::normalize on the zero vector
Warning: called MathVec3D::normalize on the zero vector
Warning: called MathVec3D::normalize on the zero vector
Warning: called MathVec3D::normalize on the zero vector
Warning: called MathVec3D::normalize on the zero vector
Warning: called MathVec3D::normalize on the zero vector
Warning: called MathVec3D::normalize on the zero vector
Warning: called MathVec3D::normalize on the zero vector
Warning: called MathVec3D::normalize on the zero vector
Warning: called MathVec3D::normalize on the zero vector
Warning: called MathVec3D::normalize on the zero vector
Warning: called MathVec3D::normalize on the zero vector
Warning: called MathVec3D::normalize on the zero vector
Warning: called MathVec3D::normalize on the zero vector
Warning: called MathVec3D::normalize on the zero vector
Warning: called MathVec3D::normalize on the zero vector
Warning: called MathVec3D::normalize on the zero vector
Warning: called MathVec3D::normalize on the zero vector
Warning: called MathVec3D::normalize on the zero vector
Warning: called MathVec3D::normalize on the zero vector
Warning: called MathVec3D::normalize on the zero vector
Warning: called MathVec3D::normalize on the zero vector
Warning: called MathVec3D::normalize on the zero vector
Warning: called MathVec3D::normalize on the zero vector
Warning: called MathVec3D::normalize on the zero vector
Warning: called MathVec3D::normalize on the zero vector
Warning: called MathVec3D::normalize on the zero vector
Warning: called MathVec3D::normalize on the zero vector
Warning: called MathVec3D::normalize on the zero vector
Warning: called MathVec3D::normalize on the zero vector
Warning: called MathVec3D::normalize on the zero vector
Warning: called MathVec3D::normalize on the zero vector
Warning: called MathVec3D::normalize on the zero vector
Warning: called MathVec3D::normalize on the zero vector
Warning: called MathVec3D::normalize on the zero vector
Warning: called MathVec3D::normalize on the zero vector
Warning: called MathVec3D::normalize on the zero vector
Warning: called MathVec3D::normalize on the zero vector
Warning: called MathVec3D::normalize on the zero vector
Warning: called MathVec3D::normalize on the zero vector
Warning: called MathVec3D::normalize on the zero vector
Warning: called MathVec3D::normalize on the zero vector
Finding vertex neighbors... Done.
Warning: called MathVec3D::normalize on the zero vector
Warning: called MathVec3D::normalize on the zero vector
Warning: called MathVec3D::normalize on the zero vector
Warning: called MathVec3D::normalize on the zero vector
Warning: called MathVec3D::normalize on the zero vector
Warning: called MathVec3D::normalize on the zero vector
Warning: called MathVec3D::normalize on the zero vector
Warning: called MathVec3D::normalize on the zero vector
Warning: called MathVec3D::normalize on the zero vector
Warning: called MathVec3D::normalize on the zero vector
Warning: called MathVec3D::normalize on the zero vector
Warning: called MathVec3D::normalize on the zero vector
Warning: called MathVec3D::normalize on the zero vector
Warning: called MathVec3D::normalize on the zero vector
Warning: called MathVec3D::normalize on the zero vector
Warning: called MathVec3D::normalize on the zero vector
Warning: called MathVec3D::normalize on the zero vector
Warning: called MathVec3D::normalize on the zero vector
Warning: called MathVec3D::normalize on the zero vector
Warning: called MathVec3D::normalize on the zero vector
Warning: called MathVec3D::normalize on the zero vector
Warning: called MathVec3D::normalize on the zero vector
Warning: called MathVec3D::normalize on the zero vector
Warning: called MathVec3D::normalize on the zero vector
Warning: called MathVec3D::normalize on the zero vector
Warning: called MathVec3D::normalize on the zero vector
Warning: called MathVec3D::normalize on the zero vector
Warning: called MathVec3D::normalize on the zero vector
Warning: called MathVec3D::normalize on the zero vector
Warning: called MathVec3D::normalize on the zero vector
Warning: called MathVec3D::normalize on the zero vector
Warning: called MathVec3D::normalize on the zero vector
Warning: called MathVec3D::normalize on the zero vector
Warning: called MathVec3D::normalize on the zero vector
Warning: called MathVec3D::normalize on the zero vector
Warning: called MathVec3D::normalize on the zero vector
Warning: called MathVec3D::normalize on the zero vector
Warning: called MathVec3D::normalize on the zero vector
Warning: called MathVec3D::normalize on the zero vector
Warning: called MathVec3D::normalize on the zero vector
Warning: called MathVec3D::normalize on the zero vector
Warning: called MathVec3D::normalize on the zero vector
Warning: called MathVec3D::normalize on the zero vector
Warning: called MathVec3D::normalize on the zero vector
Warning: called MathVec3D::normalize on the zero vector
Warning: called MathVec3D::normalize on the zero vector
Warning: called MathVec3D::normalize on the zero vector
Warning: called MathVec3D::normalize on the zero vector
Warning: called MathVec3D::normalize on the zero vector
Warning: called MathVec3D::normalize on the zero vector
Warning: called MathVec3D::normalize on the zero vector
Warning: called MathVec3D::normalize on the zero vector
Warning: called MathVec3D::normalize on the zero vector
Warning: called MathVec3D::normalize on the zero vector
Warning: called MathVec3D::normalize on the zero vector
Warning: called MathVec3D::normalize on the zero vector
Warning: called MathVec3D::normalize on the zero vector
Warning: called MathVec3D::normalize on the zero vector
Warning: called MathVec3D::normalize on the zero vector
Warning: called MathVec3D::normalize on the zero vector
Warning: called MathVec3D::normalize on the zero vector
Warning: called MathVec3D::normalize on the zero vector
Warning: called MathVec3D::normalize on the zero vector
Warning: called MathVec3D::normalize on the zero vector
Warning: called MathVec3D::normalize on the zero vector
Warning: called MathVec3D::normalize on the zero vector
Warning: called MathVec3D::normalize on the zero vector
Warning: called MathVec3D::normalize on the zero vector
Warning: called MathVec3D::normalize on the zero vector
Warning: called MathVec3D::normalize on the zero vector
Warning: called MathVec3D::normalize on the zero vector
Warning: called MathVec3D::normalize on the zero vector
Warning: called MathVec3D::normalize on the zero vector
Warning: called MathVec3D::normalize on the zero vector
Warning: called MathVec3D::normalize on the zero vector
Warning: called MathVec3D::normalize on the zero vector
Warning: called MathVec3D::normalize on the zero vector
Warning: called MathVec3D::normalize on the zero vector
Warning: called MathVec3D::normalize on the zero vector
Warning: called MathVec3D::normalize on the zero vector
Warning: called MathVec3D::normalize on the zero vector
Warning: called MathVec3D::normalize on the zero vector
Warning: called MathVec3D::normalize on the zero vector
Warning: called MathVec3D::normalize on the zero vector
Warning: called MathVec3D::normalize on the zero vector
Warning: called MathVec3D::normalize on the zero vector
Warning: called MathVec3D::normalize on the zero vector
Warning: called MathVec3D::normalize on the zero vector
Warning: called MathVec3D::normalize on the zero vector
Warning: called MathVec3D::normalize on the zero vector
Warning: called MathVec3D::normalize on the zero vector
Warning: called MathVec3D::normalize on the zero vector
Warning: called MathVec3D::normalize on the zero vector
Warning: called MathVec3D::normalize on the zero vector
Warning: called MathVec3D::normalize on the zero vector
Warning: called MathVec3D::normalize on the zero vector
Warning: called MathVec3D::normalize on the zero vector
Warning: called MathVec3D::normalize on the zero vector
Warning: called MathVec3D::normalize on the zero vector
Warning: called MathVec3D::normalize on the zero vector
Warning: called MathVec3D::normalize on the zero vector
Warning: called MathVec3D::normalize on the zero vector
Warning: called MathVec3D::normalize on the zero vector
Warning: called MathVec3D::normalize on the zero vector
Warning: called MathVec3D::normalize on the zero vector
Warning: called MathVec3D::normalize on the zero vector
Warning: called MathVec3D::normalize on the zero vector
Warning: called MathVec3D::normalize on the zero vector
Warning: called MathVec3D::normalize on the zero vector
Warning: called MathVec3D::normalize on the zero vector
Finding vertex neighbors... Done.
Computing point areas... Done.
Finding vertex to triangle maps... Done.
Computing normals... Done.
Computing curvatures... Done.
Warning: called MathVec3D::normalize on the zero vector
Warning: called MathVec3D::normalize on the zero vector
Warning: called MathVec3D::normalize on the zero vector
Warning: called MathVec3D::normalize on the zero vector
Computing normals... Done.
Finding vertex to triangle maps... Done.
Finding across-edge maps... Done.
Building triangle strips... Done.
  15359 strips (Avg. length 7.3)
Finding vertex neighbors... Done.
Computing point areas... Done.
Finding vertex neighbors... Done.
Computing point areas... Done.
Finding vertex to triangle maps... Done.
Computing normals... Done.
Computing curvatures... Done.
Computing normals... Done.
Finding vertex to triangle maps... Done.
Finding across-edge maps... Done.
Building triangle strips... Done.
  11603 strips (Avg. length 7.5)
Finding vertex neighbors... Done.
Computing point areas... Done.
Finding vertex neighbors... Done.
Computing point areas... Done.
Finding vertex to triangle maps... Done.
Computing normals... Done.
Computing curvatures... Done.
Computing normals... Done.
Finding vertex to triangle maps... Done.
Finding across-edge maps... Done.
Building triangle strips... Done.
  9210 strips (Avg. length 7.5)
Finding vertex neighbors... Done.
Computing point areas... Done.
Computing normals... Done.
Computing curvatures... Done.
Computing dcurv... Done.
Computing bounding box... Done.
  x = -40.9232 .. 48.8455, y = -39.0836 .. 54.3204, z = -55.6947 .. 23.0882
Computing bounding sphere... Done.
  center = (5.59175, 9.65728, -24.8839), radius = 61.3626
Warning: called MathVec3D::normalize on the zero vector
Warning: called MathVec3D::normalize on the zero vector
Warning: called MathVec3D::normalize on the zero vector
Warning: called MathVec3D::normalize on the zero vector
Warning: called MathVec3D::normalize on the zero vector
Warning: called MathVec3D::normalize on the zero vector
Warning: called MathVec3D::normalize on the zero vector
Warning: called MathVec3D::normalize on the zero vector
Warning: called MathVec3D::normalize on the zero vector
Warning: called MathVec3D::normalize on the zero vector
Warning: called MathVec3D::normalize on the zero vector
Warning: called MathVec3D::normalize on the zero vector
Warning: called MathVec3D::normalize on the zero vector
Warning: called MathVec3D::normalize on the zero vector
Warning: called MathVec3D::normalize on the zero vector
Warning: called MathVec3D::normalize on the zero vector
Warning: called MathVec3D::normalize on the zero vector
Warning: called MathVec3D::normalize on the zero vector
Warning: called MathVec3D::normalize on the zero vector
Warning: called MathVec3D::normalize on the zero vector
Warning: called MathVec3D::normalize on the zero vector
Warning: called MathVec3D::normalize on the zero vector
Warning: called MathVec3D::normalize on the zero vector
Warning: called MathVec3D::normalize on the zero vector
Warning: called MathVec3D::normalize on the zero vector
Warning: called MathVec3D::normalize on the zero vector
Warning: called MathVec3D::normalize on the zero vector
Warning: called MathVec3D::normalize on the zero vector
Warning: called MathVec3D::normalize on the zero vector
Warning: called MathVec3D::normalize on the zero vector
Finding vertex to triangle maps... Done.
Finding across-edge maps... Done.
Building triangle strips... Done.
  131 strips (Avg. length 6.7)
Computing bounding box... Done.
  x = 9.955 .. 19.211, y = -3.012 .. 4.807, z = -25.837 .. -16.854
Computing bounding sphere... Done.
  center = (14.583, 1.5305, -20.8625), radius = 5.73992
Computing point areas... Done.
Computing curvatures... Done.
Computing dcurv... Done.
Finding vertex to triangle maps... Done.
Finding across-edge maps... Done.
Building triangle strips... Done.
  85 strips (Avg. length 7.1)
Computing bounding box... Done.
  x = 11.045 .. 19.627, y = -3.894 .. 0.9, z = -29.904 .. -23.381
Computing bounding sphere... Done.
  center = (15.3315, -1.51114, -26.0452), radius = 4.35939
Computing point areas... Done.
Computing curvatures... Done.
Computing dcurv... Done.
Finding vertex to triangle maps... Done.
Finding across-edge maps... Done.
Building triangle strips... Done.
  116 strips (Avg. length 7.4)
Computing bounding box... Done.
  x = 12.545 .. 22.401, y = -7.079 .. 1.401, z = -24.29 .. -15.889
Computing bounding sphere... Done.
  center = (17.4657, -2.14535, -20.3438), radius = 5.94224
Computing point areas... Done.
Computing curvatures... Done.
Computing dcurv... Done.
Finding vertex to triangle maps... Done.
Finding across-edge maps... Done.
Building triangle strips... Done.
  115 strips (Avg. length 5.6)
Computing bounding box... Done.
  x = 15.714 .. 23.564, y = -11.356 .. -4.761, z = -20.897 .. -15.074
Computing bounding sphere... Done.
  center = (20.103, -8.1975, -17.925), radius = 4.46063
Computing point areas... Done.
Computing curvatures... Done.
Computing dcurv... Done.
Finding vertex to triangle maps... Done.
Finding across-edge maps... Done.
Building triangle strips... Done.
  93 strips (Avg. length 6.8)
Computing bounding box... Done.
  x = 18.608 .. 26.24, y = -9.937 .. -2.22, z = -24.886 .. -18.974
Computing bounding sphere... Done.
  center = (21.8525, -6.12694, -22.572), radius = 4.4379
Computing point areas... Done.
Computing curvatures... Done.
Computing dcurv... Done.
Finding vertex to triangle maps... Done.
Finding across-edge maps... Done.
Building triangle strips... Done.
  133 strips (Avg. length 6.6)
Computing bounding box... Done.
  x = 23.159 .. 31.402, y = -11.683 .. -1.533, z = -25.407 .. -18.736
Computing bounding sphere... Done.
  center = (27.2798, -6.70039, -21.5783), radius = 6.04289
Computing point areas... Done.
Computing curvatures... Done.
Computing dcurv... Done.
Finding vertex to triangle maps... Done.
Finding across-edge maps... Done.
Building triangle strips... Done.
  97 strips (Avg. length 6.6)
Computing bounding box... Done.
  x = 29.185 .. 36.377, y = -9.574 .. -3.086, z = -23.775 .. -17.126
Computing bounding sphere... Done.
  center = (32.9359, -6.60781, -20.6149), radius = 3.92125
Computing point areas... Done.
Computing curvatures... Done.
Computing dcurv... Done.
Finding vertex to triangle maps... Done.
Finding across-edge maps... Done.
Building triangle strips... Done.
  101 strips (Avg. length 6.4)
Computing bounding box... Done.
  x = 12.64 .. 19.81, y = -14.913 .. -6.249, z = -17.365 .. -12.176
Computing bounding sphere... Done.
  center = (15.6058, -10.5817, -14.8052), radius = 4.4601
Computing point areas... Done.
Computing curvatures... Done.
Computing dcurv... Done.
Finding vertex to triangle maps... Done.
Finding across-edge maps... Done.
Building triangle strips... Done.
  126 strips (Avg. length 6.9)
Computing bounding box... Done.
  x = 17.057 .. 23.58, y = -17.691 .. -7.387, z = -16.818 .. -8.645
Computing bounding sphere... Done.
  center = (19.6312, -12.4098, -13.2265), radius = 5.70271
Computing point areas... Done.
Computing curvatures... Done.
Computing dcurv... Done.
/usr/local/grape/grape.sh: line 46: 27640 Segmentation fault      GRAPHICS_TOOLS=/usr/local/grape/Release ./MolSurfAbstract $PDBFILE $JOBD > $JOBD/MolSurfAbstract.log
