Finding vertex to triangle maps... Done.
Finding across-edge maps... Done.
Building triangle strips... Done.
  28722 strips (Avg. length 6.5)
Computing bounding box... Done.
  x = 42.814 .. 124.917, y = 38.763 .. 113.604, z = 43.082 .. 126.751
Computing bounding sphere... Done.
  center = (83.5115, 70.8763, 82.9488), radius = 52.1789
Computing point areas... Done.
Computing curvatures... Done.
Computing dcurv... Done.
Warning: called MathVec3D::normalize on the zero vector
Warning: called MathVec3D::normalize on the zero vector
Warning: called MathVec3D::normalize on the zero vector
Warning: called MathVec3D::normalize on the zero vector
Warning: called MathVec3D::normalize on the zero vector
Warning: called MathVec3D::normalize on the zero vector
Warning: called MathVec3D::normalize on the zero vector
Warning: called MathVec3D::normalize on the zero vector
Warning: called MathVec3D::normalize on the zero vector
Warning: called MathVec3D::normalize on the zero vector
Warning: called MathVec3D::normalize on the zero vector
Warning: called MathVec3D::normalize on the zero vector
Warning: called MathVec3D::normalize on the zero vector
Warning: called MathVec3D::normalize on the zero vector
Warning: called MathVec3D::normalize on the zero vector
Warning: called MathVec3D::normalize on the zero vector
Warning: called MathVec3D::normalize on the zero vector
Warning: called MathVec3D::normalize on the zero vector
Warning: called MathVec3D::normalize on the zero vector
Warning: called MathVec3D::normalize on the zero vector
Warning: called MathVec3D::normalize on the zero vector
Warning: called MathVec3D::normalize on the zero vector
Warning: called MathVec3D::normalize on the zero vector
Warning: called MathVec3D::normalize on the zero vector
Warning: called MathVec3D::normalize on the zero vector
Warning: called MathVec3D::normalize on the zero vector
Warning: called MathVec3D::normalize on the zero vector
Warning: called MathVec3D::normalize on the zero vector
Warning: called MathVec3D::normalize on the zero vector
Warning: called MathVec3D::normalize on the zero vector
Warning: called MathVec3D::normalize on the zero vector
Warning: called MathVec3D::normalize on the zero vector
Warning: called MathVec3D::normalize on the zero vector
Warning: called MathVec3D::normalize on the zero vector
Warning: called MathVec3D::normalize on the zero vector
Warning: called MathVec3D::normalize on the zero vector
Warning: called MathVec3D::normalize on the zero vector
Warning: called MathVec3D::normalize on the zero vector
Warning: called MathVec3D::normalize on the zero vector
Warning: called MathVec3D::normalize on the zero vector
Warning: called MathVec3D::normalize on the zero vector
Warning: called MathVec3D::normalize on the zero vector
Warning: called MathVec3D::normalize on the zero vector
Warning: called MathVec3D::normalize on the zero vector
Warning: called MathVec3D::normalize on the zero vector
Warning: called MathVec3D::normalize on the zero vector
Warning: called MathVec3D::normalize on the zero vector
Warning: called MathVec3D::normalize on the zero vector
Warning: called MathVec3D::normalize on the zero vector
Warning: called MathVec3D::normalize on the zero vector
Warning: called MathVec3D::normalize on the zero vector
Warning: called MathVec3D::normalize on the zero vector
Warning: called MathVec3D::normalize on the zero vector
Warning: called MathVec3D::normalize on the zero vector
Warning: called MathVec3D::normalize on the zero vector
Warning: called MathVec3D::normalize on the zero vector
Warning: called MathVec3D::normalize on the zero vector
Warning: called MathVec3D::normalize on the zero vector
Warning: called MathVec3D::normalize on the zero vector
Warning: called MathVec3D::normalize on the zero vector
Warning: called MathVec3D::normalize on the zero vector
Warning: called MathVec3D::normalize on the zero vector
Warning: called MathVec3D::normalize on the zero vector
Warning: called MathVec3D::normalize on the zero vector
Warning: called MathVec3D::normalize on the zero vector
Warning: called MathVec3D::normalize on the zero vector
Warning: called MathVec3D::normalize on the zero vector
Warning: called MathVec3D::normalize on the zero vector
Warning: called MathVec3D::normalize on the zero vector
Warning: called MathVec3D::normalize on the zero vector
Warning: called MathVec3D::normalize on the zero vector
Warning: called MathVec3D::normalize on the zero vector
Warning: called MathVec3D::normalize on the zero vector
Warning: called MathVec3D::normalize on the zero vector
Warning: called MathVec3D::normalize on the zero vector
Warning: called MathVec3D::normalize on the zero vector
Warning: called MathVec3D::normalize on the zero vector
Warning: called MathVec3D::normalize on the zero vector
Warning: called MathVec3D::normalize on the zero vector
Warning: called MathVec3D::normalize on the zero vector
Warning: called MathVec3D::normalize on the zero vector
Warning: called MathVec3D::normalize on the zero vector
Warning: called MathVec3D::normalize on the zero vector
Warning: called MathVec3D::normalize on the zero vector
Warning: called MathVec3D::normalize on the zero vector
Warning: called MathVec3D::normalize on the zero vector
Warning: called MathVec3D::normalize on the zero vector
Warning: called MathVec3D::normalize on the zero vector
Warning: called MathVec3D::normalize on the zero vector
Warning: called MathVec3D::normalize on the zero vector
Warning: called MathVec3D::normalize on the zero vector
Warning: called MathVec3D::normalize on the zero vector
Warning: called MathVec3D::normalize on the zero vector
Warning: called MathVec3D::normalize on the zero vector
Warning: called MathVec3D::normalize on the zero vector
Warning: called MathVec3D::normalize on the zero vector
Warning: called MathVec3D::normalize on the zero vector
Warning: called MathVec3D::normalize on the zero vector
Warning: called MathVec3D::normalize on the zero vector
Warning: called MathVec3D::normalize on the zero vector
Warning: called MathVec3D::normalize on the zero vector
Warning: called MathVec3D::normalize on the zero vector
Warning: called MathVec3D::normalize on the zero vector
Warning: called MathVec3D::normalize on the zero vector
Warning: called MathVec3D::normalize on the zero vector
Warning: called MathVec3D::normalize on the zero vector
Warning: called MathVec3D::normalize on the zero vector
Warning: called MathVec3D::normalize on the zero vector
Warning: called MathVec3D::normalize on the zero vector
Warning: called MathVec3D::normalize on the zero vector
Warning: called MathVec3D::normalize on the zero vector
Warning: called MathVec3D::normalize on the zero vector
Warning: called MathVec3D::normalize on the zero vector
Warning: called MathVec3D::normalize on the zero vector
Warning: called MathVec3D::normalize on the zero vector
Warning: called MathVec3D::normalize on the zero vector
Warning: called MathVec3D::normalize on the zero vector
Warning: called MathVec3D::normalize on the zero vector
Warning: called MathVec3D::normalize on the zero vector
Warning: called MathVec3D::normalize on the zero vector
Warning: called MathVec3D::normalize on the zero vector
Warning: called MathVec3D::normalize on the zero vector
Warning: called MathVec3D::normalize on the zero vector
Warning: called MathVec3D::normalize on the zero vector
Warning: called MathVec3D::normalize on the zero vector
Warning: called MathVec3D::normalize on the zero vector
Warning: called MathVec3D::normalize on the zero vector
Warning: called MathVec3D::normalize on the zero vector
Warning: called MathVec3D::normalize on the zero vector
Warning: called MathVec3D::normalize on the zero vector
Warning: called MathVec3D::normalize on the zero vector
Warning: called MathVec3D::normalize on the zero vector
Warning: called MathVec3D::normalize on the zero vector
Warning: called MathVec3D::normalize on the zero vector
Warning: called MathVec3D::normalize on the zero vector
Warning: called MathVec3D::normalize on the zero vector
Warning: called MathVec3D::normalize on the zero vector
Warning: called MathVec3D::normalize on the zero vector
Warning: called MathVec3D::normalize on the zero vector
Warning: called MathVec3D::normalize on the zero vector
Warning: called MathVec3D::normalize on the zero vector
Warning: called MathVec3D::normalize on the zero vector
Warning: called MathVec3D::normalize on the zero vector
Warning: called MathVec3D::normalize on the zero vector
Warning: called MathVec3D::normalize on the zero vector
Warning: called MathVec3D::normalize on the zero vector
Warning: called MathVec3D::normalize on the zero vector
Warning: called MathVec3D::normalize on the zero vector
Warning: called MathVec3D::normalize on the zero vector
Warning: called MathVec3D::normalize on the zero vector
Warning: called MathVec3D::normalize on the zero vector
Warning: called MathVec3D::normalize on the zero vector
Warning: called MathVec3D::normalize on the zero vector
Warning: called MathVec3D::normalize on the zero vector
Warning: called MathVec3D::normalize on the zero vector
Warning: called MathVec3D::normalize on the zero vector
Warning: called MathVec3D::normalize on the zero vector
Warning: called MathVec3D::normalize on the zero vector
Warning: called MathVec3D::normalize on the zero vector
Warning: called MathVec3D::normalize on the zero vector
Warning: called MathVec3D::normalize on the zero vector
Warning: called MathVec3D::normalize on the zero vector
Warning: called MathVec3D::normalize on the zero vector
Warning: called MathVec3D::normalize on the zero vector
Warning: called MathVec3D::normalize on the zero vector
Warning: called MathVec3D::normalize on the zero vector
Warning: called MathVec3D::normalize on the zero vector
Warning: called MathVec3D::normalize on the zero vector
Warning: called MathVec3D::normalize on the zero vector
Warning: called MathVec3D::normalize on the zero vector
Warning: called MathVec3D::normalize on the zero vector
Warning: called MathVec3D::normalize on the zero vector
Warning: called MathVec3D::normalize on the zero vector
Warning: called MathVec3D::normalize on the zero vector
Warning: called MathVec3D::normalize on the zero vector
Warning: called MathVec3D::normalize on the zero vector
Warning: called MathVec3D::normalize on the zero vector
Warning: called MathVec3D::normalize on the zero vector
Warning: called MathVec3D::normalize on the zero vector
Warning: called MathVec3D::normalize on the zero vector
Warning: called MathVec3D::normalize on the zero vector
Warning: called MathVec3D::normalize on the zero vector
Warning: called MathVec3D::normalize on the zero vector
Warning: called MathVec3D::normalize on the zero vector
Warning: called MathVec3D::normalize on the zero vector
Warning: called MathVec3D::normalize on the zero vector
Warning: called MathVec3D::normalize on the zero vector
Warning: called MathVec3D::normalize on the zero vector
Warning: called MathVec3D::normalize on the zero vector
Warning: called MathVec3D::normalize on the zero vector
Warning: called MathVec3D::normalize on the zero vector
Warning: called MathVec3D::normalize on the zero vector
Warning: called MathVec3D::normalize on the zero vector
Warning: called MathVec3D::normalize on the zero vector
Warning: called MathVec3D::normalize on the zero vector
Warning: called MathVec3D::normalize on the zero vector
Warning: called MathVec3D::normalize on the zero vector
Warning: called MathVec3D::normalize on the zero vector
Warning: called MathVec3D::normalize on the zero vector
Warning: called MathVec3D::normalize on the zero vector
Warning: called MathVec3D::normalize on the zero vector
Warning: called MathVec3D::normalize on the zero vector
Warning: called MathVec3D::normalize on the zero vector
Warning: called MathVec3D::normalize on the zero vector
Warning: called MathVec3D::normalize on the zero vector
Warning: called MathVec3D::normalize on the zero vector
Warning: called MathVec3D::normalize on the zero vector
Warning: called MathVec3D::normalize on the zero vector
Warning: called MathVec3D::normalize on the zero vector
Warning: called MathVec3D::normalize on the zero vector
Warning: called MathVec3D::normalize on the zero vector
Warning: called MathVec3D::normalize on the zero vector
Warning: called MathVec3D::normalize on the zero vector
Warning: called MathVec3D::normalize on the zero vector
Warning: called MathVec3D::normalize on the zero vector
Warning: called MathVec3D::normalize on the zero vector
Warning: called MathVec3D::normalize on the zero vector
Warning: called MathVec3D::normalize on the zero vector
Warning: called MathVec3D::normalize on the zero vector
Warning: called MathVec3D::normalize on the zero vector
Warning: called MathVec3D::normalize on the zero vector
Warning: called MathVec3D::normalize on the zero vector
Warning: called MathVec3D::normalize on the zero vector
Warning: called MathVec3D::normalize on the zero vector
Warning: called MathVec3D::normalize on the zero vector
Warning: called MathVec3D::normalize on the zero vector
Warning: called MathVec3D::normalize on the zero vector
Warning: called MathVec3D::normalize on the zero vector
Warning: called MathVec3D::normalize on the zero vector
Warning: called MathVec3D::normalize on the zero vector
Warning: called MathVec3D::normalize on the zero vector
Warning: called MathVec3D::normalize on the zero vector
Warning: called MathVec3D::normalize on the zero vector
Warning: called MathVec3D::normalize on the zero vector
Warning: called MathVec3D::normalize on the zero vector
Warning: called MathVec3D::normalize on the zero vector
Warning: called MathVec3D::normalize on the zero vector
Warning: called MathVec3D::normalize on the zero vector
Warning: called MathVec3D::normalize on the zero vector
Warning: called MathVec3D::normalize on the zero vector
Warning: called MathVec3D::normalize on the zero vector
Warning: called MathVec3D::normalize on the zero vector
Warning: called MathVec3D::normalize on the zero vector
Warning: called MathVec3D::normalize on the zero vector
Warning: called MathVec3D::normalize on the zero vector
Warning: called MathVec3D::normalize on the zero vector
Warning: called MathVec3D::normalize on the zero vector
Warning: called MathVec3D::normalize on the zero vector
Warning: called MathVec3D::normalize on the zero vector
Warning: called MathVec3D::normalize on the zero vector
Warning: called MathVec3D::normalize on the zero vector
Warning: called MathVec3D::normalize on the zero vector
Warning: called MathVec3D::normalize on the zero vector
Warning: called MathVec3D::normalize on the zero vector
Warning: called MathVec3D::normalize on the zero vector
Warning: called MathVec3D::normalize on the zero vector
Warning: called MathVec3D::normalize on the zero vector
Warning: called MathVec3D::normalize on the zero vector
Warning: called MathVec3D::normalize on the zero vector
Warning: called MathVec3D::normalize on the zero vector
Warning: called MathVec3D::normalize on the zero vector
Warning: called MathVec3D::normalize on the zero vector
Warning: called MathVec3D::normalize on the zero vector
Warning: called MathVec3D::normalize on the zero vector
Warning: called MathVec3D::normalize on the zero vector
Warning: called MathVec3D::normalize on the zero vector
Warning: called MathVec3D::normalize on the zero vector
Warning: called MathVec3D::normalize on the zero vector
Warning: called MathVec3D::normalize on the zero vector
Warning: called MathVec3D::normalize on the zero vector
Warning: called MathVec3D::normalize on the zero vector
Warning: called MathVec3D::normalize on the zero vector
Warning: called MathVec3D::normalize on the zero vector
Warning: called MathVec3D::normalize on the zero vector
Warning: called MathVec3D::normalize on the zero vector
Warning: called MathVec3D::normalize on the zero vector
Warning: called MathVec3D::normalize on the zero vector
Warning: called MathVec3D::normalize on the zero vector
Warning: called MathVec3D::normalize on the zero vector
Warning: called MathVec3D::normalize on the zero vector
Warning: called MathVec3D::normalize on the zero vector
Warning: called MathVec3D::normalize on the zero vector
Warning: called MathVec3D::normalize on the zero vector
Warning: called MathVec3D::normalize on the zero vector
Warning: called MathVec3D::normalize on the zero vector
Warning: called MathVec3D::normalize on the zero vector
Warning: called MathVec3D::normalize on the zero vector
Warning: called MathVec3D::normalize on the zero vector
Warning: called MathVec3D::normalize on the zero vector
Warning: called MathVec3D::normalize on the zero vector
Warning: called MathVec3D::normalize on the zero vector
Warning: called MathVec3D::normalize on the zero vector
Warning: called MathVec3D::normalize on the zero vector
Warning: called MathVec3D::normalize on the zero vector
Warning: called MathVec3D::normalize on the zero vector
Warning: called MathVec3D::normalize on the zero vector
Warning: called MathVec3D::normalize on the zero vector
Warning: called MathVec3D::normalize on the zero vector
Warning: called MathVec3D::normalize on the zero vector
Warning: called MathVec3D::normalize on the zero vector
Warning: called MathVec3D::normalize on the zero vector
Warning: called MathVec3D::normalize on the zero vector
Warning: called MathVec3D::normalize on the zero vector
Warning: called MathVec3D::normalize on the zero vector
Warning: called MathVec3D::normalize on the zero vector
Warning: called MathVec3D::normalize on the zero vector
Warning: called MathVec3D::normalize on the zero vector
Warning: called MathVec3D::normalize on the zero vector
Warning: called MathVec3D::normalize on the zero vector
Warning: called MathVec3D::normalize on the zero vector
Warning: called MathVec3D::normalize on the zero vector
Warning: called MathVec3D::normalize on the zero vector
Warning: called MathVec3D::normalize on the zero vector
Warning: called MathVec3D::normalize on the zero vector
Warning: called MathVec3D::normalize on the zero vector
Warning: called MathVec3D::normalize on the zero vector
Warning: called MathVec3D::normalize on the zero vector
Warning: called MathVec3D::normalize on the zero vector
Warning: called MathVec3D::normalize on the zero vector
Warning: called MathVec3D::normalize on the zero vector
Warning: called MathVec3D::normalize on the zero vector
Warning: called MathVec3D::normalize on the zero vector
Warning: called MathVec3D::normalize on the zero vector
Warning: called MathVec3D::normalize on the zero vector
Warning: called MathVec3D::normalize on the zero vector
Warning: called MathVec3D::normalize on the zero vector
Warning: called MathVec3D::normalize on the zero vector
Warning: called MathVec3D::normalize on the zero vector
Warning: called MathVec3D::normalize on the zero vector
Warning: called MathVec3D::normalize on the zero vector
Warning: called MathVec3D::normalize on the zero vector
Warning: called MathVec3D::normalize on the zero vector
Warning: called MathVec3D::normalize on the zero vector
Warning: called MathVec3D::normalize on the zero vector
Warning: called MathVec3D::normalize on the zero vector
Warning: called MathVec3D::normalize on the zero vector
Warning: called MathVec3D::normalize on the zero vector
Warning: called MathVec3D::normalize on the zero vector
Warning: called MathVec3D::normalize on the zero vector
Warning: called MathVec3D::normalize on the zero vector
Warning: called MathVec3D::normalize on the zero vector
Warning: called MathVec3D::normalize on the zero vector
Warning: called MathVec3D::normalize on the zero vector
Warning: called MathVec3D::normalize on the zero vector
Warning: called MathVec3D::normalize on the zero vector
Warning: called MathVec3D::normalize on the zero vector
Warning: called MathVec3D::normalize on the zero vector
Warning: called MathVec3D::normalize on the zero vector
Warning: called MathVec3D::normalize on the zero vector
Warning: called MathVec3D::normalize on the zero vector
Warning: called MathVec3D::normalize on the zero vector
Warning: called MathVec3D::normalize on the zero vector
Warning: called MathVec3D::normalize on the zero vector
Warning: called MathVec3D::normalize on the zero vector
Warning: called MathVec3D::normalize on the zero vector
Warning: called MathVec3D::normalize on the zero vector
Warning: called MathVec3D::normalize on the zero vector
Warning: called MathVec3D::normalize on the zero vector
Warning: called MathVec3D::normalize on the zero vector
Warning: called MathVec3D::normalize on the zero vector
Warning: called MathVec3D::normalize on the zero vector
Warning: called MathVec3D::normalize on the zero vector
Warning: called MathVec3D::normalize on the zero vector
Warning: called MathVec3D::normalize on the zero vector
Warning: called MathVec3D::normalize on the zero vector
Warning: called MathVec3D::normalize on the zero vector
Warning: called MathVec3D::normalize on the zero vector
Warning: called MathVec3D::normalize on the zero vector
Warning: called MathVec3D::normalize on the zero vector
Warning: called MathVec3D::normalize on the zero vector
Warning: called MathVec3D::normalize on the zero vector
Warning: called MathVec3D::normalize on the zero vector
Warning: called MathVec3D::normalize on the zero vector
Warning: called MathVec3D::normalize on the zero vector
Warning: called MathVec3D::normalize on the zero vector
Warning: called MathVec3D::normalize on the zero vector
Warning: called MathVec3D::normalize on the zero vector
Warning: called MathVec3D::normalize on the zero vector
Warning: called MathVec3D::normalize on the zero vector
Warning: called MathVec3D::normalize on the zero vector
Warning: called MathVec3D::normalize on the zero vector
Warning: called MathVec3D::normalize on the zero vector
Warning: called MathVec3D::normalize on the zero vector
Warning: called MathVec3D::normalize on the zero vector
Warning: called MathVec3D::normalize on the zero vector
Warning: called MathVec3D::normalize on the zero vector
Warning: called MathVec3D::normalize on the zero vector
Warning: called MathVec3D::normalize on the zero vector
Warning: called MathVec3D::normalize on the zero vector
Warning: called MathVec3D::normalize on the zero vector
Warning: called MathVec3D::normalize on the zero vector
Warning: called MathVec3D::normalize on the zero vector
Warning: called MathVec3D::normalize on the zero vector
Warning: called MathVec3D::normalize on the zero vector
Warning: called MathVec3D::normalize on the zero vector
Warning: called MathVec3D::normalize on the zero vector
Warning: called MathVec3D::normalize on the zero vector
Warning: called MathVec3D::normalize on the zero vector
Warning: called MathVec3D::normalize on the zero vector
Warning: called MathVec3D::normalize on the zero vector
Warning: called MathVec3D::normalize on the zero vector
Warning: called MathVec3D::normalize on the zero vector
Warning: called MathVec3D::normalize on the zero vector
Warning: called MathVec3D::normalize on the zero vector
Warning: called MathVec3D::normalize on the zero vector
Warning: called MathVec3D::normalize on the zero vector
Warning: called MathVec3D::normalize on the zero vector
Warning: called MathVec3D::normalize on the zero vector
Warning: called MathVec3D::normalize on the zero vector
Warning: called MathVec3D::normalize on the zero vector
Warning: called MathVec3D::normalize on the zero vector
Warning: called MathVec3D::normalize on the zero vector
Warning: called MathVec3D::normalize on the zero vector
Warning: called MathVec3D::normalize on the zero vector
Warning: called MathVec3D::normalize on the zero vector
Warning: called MathVec3D::normalize on the zero vector
Warning: called MathVec3D::normalize on the zero vector
Warning: called MathVec3D::normalize on the zero vector
Warning: called MathVec3D::normalize on the zero vector
Warning: called MathVec3D::normalize on the zero vector
Warning: called MathVec3D::normalize on the zero vector
Warning: called MathVec3D::normalize on the zero vector
Warning: called MathVec3D::normalize on the zero vector
Warning: called MathVec3D::normalize on the zero vector
Warning: called MathVec3D::normalize on the zero vector
Warning: called MathVec3D::normalize on the zero vector
Warning: called MathVec3D::normalize on the zero vector
Warning: called MathVec3D::normalize on the zero vector
Warning: called MathVec3D::normalize on the zero vector
Warning: called MathVec3D::normalize on the zero vector
Warning: called MathVec3D::normalize on the zero vector
Warning: called MathVec3D::normalize on the zero vector
Warning: called MathVec3D::normalize on the zero vector
Warning: called MathVec3D::normalize on the zero vector
Warning: called MathVec3D::normalize on the zero vector
Warning: called MathVec3D::normalize on the zero vector
Warning: called MathVec3D::normalize on the zero vector
Warning: called MathVec3D::normalize on the zero vector
Warning: called MathVec3D::normalize on the zero vector
Warning: called MathVec3D::normalize on the zero vector
Warning: called MathVec3D::normalize on the zero vector
Warning: called MathVec3D::normalize on the zero vector
Warning: called MathVec3D::normalize on the zero vector
Warning: called MathVec3D::normalize on the zero vector
Warning: called MathVec3D::normalize on the zero vector
Warning: called MathVec3D::normalize on the zero vector
Warning: called MathVec3D::normalize on the zero vector
Warning: called MathVec3D::normalize on the zero vector
Warning: called MathVec3D::normalize on the zero vector
Warning: called MathVec3D::normalize on the zero vector
Warning: called MathVec3D::normalize on the zero vector
Warning: called MathVec3D::normalize on the zero vector
Warning: called MathVec3D::normalize on the zero vector
Warning: called MathVec3D::normalize on the zero vector

Warning: Missing either "hbondwhatif" or "usage" functions in hbondwhatif.py!
This extension will not be included.

Warning: The 'energy' print keyword is deprecated.
         Use elecEnergy for electrostatics energy calcs.

Finding vertex neighbors... Done.
Warning: called MathVec3D::normalize on the zero vector
Warning: called MathVec3D::normalize on the zero vector
Warning: called MathVec3D::normalize on the zero vector
Warning: called MathVec3D::normalize on the zero vector
Warning: called MathVec3D::normalize on the zero vector
Warning: called MathVec3D::normalize on the zero vector
Warning: called MathVec3D::normalize on the zero vector
Warning: called MathVec3D::normalize on the zero vector
Warning: called MathVec3D::normalize on the zero vector
Warning: called MathVec3D::normalize on the zero vector
Warning: called MathVec3D::normalize on the zero vector
Warning: called MathVec3D::normalize on the zero vector
Warning: called MathVec3D::normalize on the zero vector
Warning: called MathVec3D::normalize on the zero vector
Warning: called MathVec3D::normalize on the zero vector
Warning: called MathVec3D::normalize on the zero vector
Warning: called MathVec3D::normalize on the zero vector
Warning: called MathVec3D::normalize on the zero vector
Warning: called MathVec3D::normalize on the zero vector
Warning: called MathVec3D::normalize on the zero vector
Warning: called MathVec3D::normalize on the zero vector
Warning: called MathVec3D::normalize on the zero vector
Warning: called MathVec3D::normalize on the zero vector
Warning: called MathVec3D::normalize on the zero vector
Warning: called MathVec3D::normalize on the zero vector
Warning: called MathVec3D::normalize on the zero vector
Warning: called MathVec3D::normalize on the zero vector
Warning: called MathVec3D::normalize on the zero vector
Warning: called MathVec3D::normalize on the zero vector
Warning: called MathVec3D::normalize on the zero vector
Warning: called MathVec3D::normalize on the zero vector
Warning: called MathVec3D::normalize on the zero vector
Warning: called MathVec3D::normalize on the zero vector
Warning: called MathVec3D::normalize on the zero vector
Warning: called MathVec3D::normalize on the zero vector
Warning: called MathVec3D::normalize on the zero vector
Warning: called MathVec3D::normalize on the zero vector
Warning: called MathVec3D::normalize on the zero vector
Warning: called MathVec3D::normalize on the zero vector
Warning: called MathVec3D::normalize on the zero vector
Warning: called MathVec3D::normalize on the zero vector
Warning: called MathVec3D::normalize on the zero vector
Warning: called MathVec3D::normalize on the zero vector
Warning: called MathVec3D::normalize on the zero vector
Warning: called MathVec3D::normalize on the zero vector
Warning: called MathVec3D::normalize on the zero vector
Warning: called MathVec3D::normalize on the zero vector
Warning: called MathVec3D::normalize on the zero vector
Warning: called MathVec3D::normalize on the zero vector
Warning: called MathVec3D::normalize on the zero vector
Warning: called MathVec3D::normalize on the zero vector
Warning: called MathVec3D::normalize on the zero vector
Warning: called MathVec3D::normalize on the zero vector
Warning: called MathVec3D::normalize on the zero vector
Warning: called MathVec3D::normalize on the zero vector
Warning: called MathVec3D::normalize on the zero vector
Warning: called MathVec3D::normalize on the zero vector
Warning: called MathVec3D::normalize on the zero vector
Warning: called MathVec3D::normalize on the zero vector
Warning: called MathVec3D::normalize on the zero vector
Warning: called MathVec3D::normalize on the zero vector
Warning: called MathVec3D::normalize on the zero vector
Warning: called MathVec3D::normalize on the zero vector
Warning: called MathVec3D::normalize on the zero vector
Warning: called MathVec3D::normalize on the zero vector
Warning: called MathVec3D::normalize on the zero vector
Warning: called MathVec3D::normalize on the zero vector
Warning: called MathVec3D::normalize on the zero vector
Warning: called MathVec3D::normalize on the zero vector
Warning: called MathVec3D::normalize on the zero vector
Warning: called MathVec3D::normalize on the zero vector
Warning: called MathVec3D::normalize on the zero vector
Warning: called MathVec3D::normalize on the zero vector
Warning: called MathVec3D::normalize on the zero vector
Warning: called MathVec3D::normalize on the zero vector
Warning: called MathVec3D::normalize on the zero vector
Warning: called MathVec3D::normalize on the zero vector
Warning: called MathVec3D::normalize on the zero vector
Warning: called MathVec3D::normalize on the zero vector
Warning: called MathVec3D::normalize on the zero vector
Warning: called MathVec3D::normalize on the zero vector
Warning: called MathVec3D::normalize on the zero vector
Warning: called MathVec3D::normalize on the zero vector
Warning: called MathVec3D::normalize on the zero vector
Warning: called MathVec3D::normalize on the zero vector
Warning: called MathVec3D::normalize on the zero vector
Warning: called MathVec3D::normalize on the zero vector
Warning: called MathVec3D::normalize on the zero vector
Warning: called MathVec3D::normalize on the zero vector
Warning: called MathVec3D::normalize on the zero vector
Warning: called MathVec3D::normalize on the zero vector
Warning: called MathVec3D::normalize on the zero vector
Warning: called MathVec3D::normalize on the zero vector
Warning: called MathVec3D::normalize on the zero vector
Warning: called MathVec3D::normalize on the zero vector
Warning: called MathVec3D::normalize on the zero vector
Warning: called MathVec3D::normalize on the zero vector
Warning: called MathVec3D::normalize on the zero vector
Warning: called MathVec3D::normalize on the zero vector
Warning: called MathVec3D::normalize on the zero vector
Warning: called MathVec3D::normalize on the zero vector
Warning: called MathVec3D::normalize on the zero vector
Warning: called MathVec3D::normalize on the zero vector
Warning: called MathVec3D::normalize on the zero vector
Warning: called MathVec3D::normalize on the zero vector
Warning: called MathVec3D::normalize on the zero vector
Warning: called MathVec3D::normalize on the zero vector
Warning: called MathVec3D::normalize on the zero vector
Warning: called MathVec3D::normalize on the zero vector
Warning: called MathVec3D::normalize on the zero vector
Warning: called MathVec3D::normalize on the zero vector
Warning: called MathVec3D::normalize on the zero vector
Warning: called MathVec3D::normalize on the zero vector
Warning: called MathVec3D::normalize on the zero vector
Warning: called MathVec3D::normalize on the zero vector
Warning: called MathVec3D::normalize on the zero vector
Warning: called MathVec3D::normalize on the zero vector
Warning: called MathVec3D::normalize on the zero vector
Warning: called MathVec3D::normalize on the zero vector
Warning: called MathVec3D::normalize on the zero vector
Warning: called MathVec3D::normalize on the zero vector
Warning: called MathVec3D::normalize on the zero vector
Warning: called MathVec3D::normalize on the zero vector
Warning: called MathVec3D::normalize on the zero vector
Warning: called MathVec3D::normalize on the zero vector
Warning: called MathVec3D::normalize on the zero vector
Warning: called MathVec3D::normalize on the zero vector
Warning: called MathVec3D::normalize on the zero vector
Warning: called MathVec3D::normalize on the zero vector
Warning: called MathVec3D::normalize on the zero vector
Warning: called MathVec3D::normalize on the zero vector
Warning: called MathVec3D::normalize on the zero vector
Warning: called MathVec3D::normalize on the zero vector
Warning: called MathVec3D::normalize on the zero vector
Warning: called MathVec3D::normalize on the zero vector
Warning: called MathVec3D::normalize on the zero vector
Warning: called MathVec3D::normalize on the zero vector
Warning: called MathVec3D::normalize on the zero vector
Warning: called MathVec3D::normalize on the zero vector
Warning: called MathVec3D::normalize on the zero vector
Warning: called MathVec3D::normalize on the zero vector
Warning: called MathVec3D::normalize on the zero vector
Warning: called MathVec3D::normalize on the zero vector
Warning: called MathVec3D::normalize on the zero vector
Warning: called MathVec3D::normalize on the zero vector
Warning: called MathVec3D::normalize on the zero vector
Warning: called MathVec3D::normalize on the zero vector
Warning: called MathVec3D::normalize on the zero vector
Warning: called MathVec3D::normalize on the zero vector
Warning: called MathVec3D::normalize on the zero vector
Warning: called MathVec3D::normalize on the zero vector
Warning: called MathVec3D::normalize on the zero vector
Warning: called MathVec3D::normalize on the zero vector
Warning: called MathVec3D::normalize on the zero vector
Warning: called MathVec3D::normalize on the zero vector
Warning: called MathVec3D::normalize on the zero vector
Warning: called MathVec3D::normalize on the zero vector
Warning: called MathVec3D::normalize on the zero vector
Warning: called MathVec3D::normalize on the zero vector
Warning: called MathVec3D::normalize on the zero vector
Warning: called MathVec3D::normalize on the zero vector
Warning: called MathVec3D::normalize on the zero vector
Warning: called MathVec3D::normalize on the zero vector
Warning: called MathVec3D::normalize on the zero vector
Warning: called MathVec3D::normalize on the zero vector
Warning: called MathVec3D::normalize on the zero vector
Warning: called MathVec3D::normalize on the zero vector
Warning: called MathVec3D::normalize on the zero vector
Warning: called MathVec3D::normalize on the zero vector
Warning: called MathVec3D::normalize on the zero vector
Warning: called MathVec3D::normalize on the zero vector
Warning: called MathVec3D::normalize on the zero vector
Warning: called MathVec3D::normalize on the zero vector
Warning: called MathVec3D::normalize on the zero vector
Warning: called MathVec3D::normalize on the zero vector
Warning: called MathVec3D::normalize on the zero vector
Warning: called MathVec3D::normalize on the zero vector
Warning: called MathVec3D::normalize on the zero vector
Warning: called MathVec3D::normalize on the zero vector
Warning: called MathVec3D::normalize on the zero vector
Warning: called MathVec3D::normalize on the zero vector
Warning: called MathVec3D::normalize on the zero vector
Warning: called MathVec3D::normalize on the zero vector
Warning: called MathVec3D::normalize on the zero vector
Warning: called MathVec3D::normalize on the zero vector
Warning: called MathVec3D::normalize on the zero vector
Warning: called MathVec3D::normalize on the zero vector
Warning: called MathVec3D::normalize on the zero vector
Warning: called MathVec3D::normalize on the zero vector
Warning: called MathVec3D::normalize on the zero vector
Warning: called MathVec3D::normalize on the zero vector
Warning: called MathVec3D::normalize on the zero vector
Warning: called MathVec3D::normalize on the zero vector
Warning: called MathVec3D::normalize on the zero vector
Warning: called MathVec3D::normalize on the zero vector
Warning: called MathVec3D::normalize on the zero vector
Warning: called MathVec3D::normalize on the zero vector
Warning: called MathVec3D::normalize on the zero vector
Warning: called MathVec3D::normalize on the zero vector
Warning: called MathVec3D::normalize on the zero vector
Warning: called MathVec3D::normalize on the zero vector
Warning: called MathVec3D::normalize on the zero vector
Warning: called MathVec3D::normalize on the zero vector
Warning: called MathVec3D::normalize on the zero vector
Warning: called MathVec3D::normalize on the zero vector
Warning: called MathVec3D::normalize on the zero vector
Warning: called MathVec3D::normalize on the zero vector
Warning: called MathVec3D::normalize on the zero vector
Warning: called MathVec3D::normalize on the zero vector
Warning: called MathVec3D::normalize on the zero vector
Warning: called MathVec3D::normalize on the zero vector
Warning: called MathVec3D::normalize on the zero vector
Warning: called MathVec3D::normalize on the zero vector
Warning: called MathVec3D::normalize on the zero vector
Warning: called MathVec3D::normalize on the zero vector
Warning: called MathVec3D::normalize on the zero vector
Warning: called MathVec3D::normalize on the zero vector
Warning: called MathVec3D::normalize on the zero vector
Warning: called MathVec3D::normalize on the zero vector
Warning: called MathVec3D::normalize on the zero vector
Warning: called MathVec3D::normalize on the zero vector
Warning: called MathVec3D::normalize on the zero vector
Warning: called MathVec3D::normalize on the zero vector
Warning: called MathVec3D::normalize on the zero vector
Warning: called MathVec3D::normalize on the zero vector
Warning: called MathVec3D::normalize on the zero vector
Warning: called MathVec3D::normalize on the zero vector
Warning: called MathVec3D::normalize on the zero vector
Warning: called MathVec3D::normalize on the zero vector
Warning: called MathVec3D::normalize on the zero vector
Warning: called MathVec3D::normalize on the zero vector
Warning: called MathVec3D::normalize on the zero vector
Warning: called MathVec3D::normalize on the zero vector
Warning: called MathVec3D::normalize on the zero vector
Warning: called MathVec3D::normalize on the zero vector
Warning: called MathVec3D::normalize on the zero vector
Warning: called MathVec3D::normalize on the zero vector
Warning: called MathVec3D::normalize on the zero vector
Warning: called MathVec3D::normalize on the zero vector
Warning: called MathVec3D::normalize on the zero vector
Warning: called MathVec3D::normalize on the zero vector
Warning: called MathVec3D::normalize on the zero vector
Warning: called MathVec3D::normalize on the zero vector
Warning: called MathVec3D::normalize on the zero vector
Warning: called MathVec3D::normalize on the zero vector
Warning: called MathVec3D::normalize on the zero vector
Warning: called MathVec3D::normalize on the zero vector
Warning: called MathVec3D::normalize on the zero vector
Warning: called MathVec3D::normalize on the zero vector
Warning: called MathVec3D::normalize on the zero vector
Warning: called MathVec3D::normalize on the zero vector
Warning: called MathVec3D::normalize on the zero vector
Warning: called MathVec3D::normalize on the zero vector
Warning: called MathVec3D::normalize on the zero vector
Warning: called MathVec3D::normalize on the zero vector
Warning: called MathVec3D::normalize on the zero vector
Warning: called MathVec3D::normalize on the zero vector
Warning: called MathVec3D::normalize on the zero vector
Warning: called MathVec3D::normalize on the zero vector
Warning: called MathVec3D::normalize on the zero vector
Warning: called MathVec3D::normalize on the zero vector
Warning: called MathVec3D::normalize on the zero vector
Warning: called MathVec3D::normalize on the zero vector
Warning: called MathVec3D::normalize on the zero vector
Warning: called MathVec3D::normalize on the zero vector
Warning: called MathVec3D::normalize on the zero vector
Warning: called MathVec3D::normalize on the zero vector
Warning: called MathVec3D::normalize on the zero vector
Warning: called MathVec3D::normalize on the zero vector
Warning: called MathVec3D::normalize on the zero vector
Warning: called MathVec3D::normalize on the zero vector
Warning: called MathVec3D::normalize on the zero vector
Warning: called MathVec3D::normalize on the zero vector
Warning: called MathVec3D::normalize on the zero vector
Warning: called MathVec3D::normalize on the zero vector
Warning: called MathVec3D::normalize on the zero vector
Warning: called MathVec3D::normalize on the zero vector
Warning: called MathVec3D::normalize on the zero vector
Warning: called MathVec3D::normalize on the zero vector
Warning: called MathVec3D::normalize on the zero vector
Warning: called MathVec3D::normalize on the zero vector
Warning: called MathVec3D::normalize on the zero vector
Warning: called MathVec3D::normalize on the zero vector
Warning: called MathVec3D::normalize on the zero vector
Warning: called MathVec3D::normalize on the zero vector
Warning: called MathVec3D::normalize on the zero vector
Warning: called MathVec3D::normalize on the zero vector
Warning: called MathVec3D::normalize on the zero vector
Warning: called MathVec3D::normalize on the zero vector
Warning: called MathVec3D::normalize on the zero vector
Warning: called MathVec3D::normalize on the zero vector
Warning: called MathVec3D::normalize on the zero vector
Warning: called MathVec3D::normalize on the zero vector
Warning: called MathVec3D::normalize on the zero vector
Warning: called MathVec3D::normalize on the zero vector
Warning: called MathVec3D::normalize on the zero vector
Warning: called MathVec3D::normalize on the zero vector
Warning: called MathVec3D::normalize on the zero vector
Warning: called MathVec3D::normalize on the zero vector
Warning: called MathVec3D::normalize on the zero vector
Warning: called MathVec3D::normalize on the zero vector
Warning: called MathVec3D::normalize on the zero vector
Warning: called MathVec3D::normalize on the zero vector
Warning: called MathVec3D::normalize on the zero vector
Warning: called MathVec3D::normalize on the zero vector
Warning: called MathVec3D::normalize on the zero vector
Warning: called MathVec3D::normalize on the zero vector
Warning: called MathVec3D::normalize on the zero vector
Warning: called MathVec3D::normalize on the zero vector
Warning: called MathVec3D::normalize on the zero vector
Warning: called MathVec3D::normalize on the zero vector
Warning: called MathVec3D::normalize on the zero vector
Warning: called MathVec3D::normalize on the zero vector
Warning: called MathVec3D::normalize on the zero vector
Warning: called MathVec3D::normalize on the zero vector
Warning: called MathVec3D::normalize on the zero vector
Warning: called MathVec3D::normalize on the zero vector
Warning: called MathVec3D::normalize on the zero vector
Warning: called MathVec3D::normalize on the zero vector
Warning: called MathVec3D::normalize on the zero vector
Warning: called MathVec3D::normalize on the zero vector
Warning: called MathVec3D::normalize on the zero vector
Warning: called MathVec3D::normalize on the zero vector
Warning: called MathVec3D::normalize on the zero vector
Warning: called MathVec3D::normalize on the zero vector
Warning: called MathVec3D::normalize on the zero vector
Warning: called MathVec3D::normalize on the zero vector
Warning: called MathVec3D::normalize on the zero vector
Warning: called MathVec3D::normalize on the zero vector
Warning: called MathVec3D::normalize on the zero vector
Warning: called MathVec3D::normalize on the zero vector
Warning: called MathVec3D::normalize on the zero vector
Warning: called MathVec3D::normalize on the zero vector
Warning: called MathVec3D::normalize on the zero vector
Warning: called MathVec3D::normalize on the zero vector
Warning: called MathVec3D::normalize on the zero vector
Warning: called MathVec3D::normalize on the zero vector
Warning: called MathVec3D::normalize on the zero vector
Warning: called MathVec3D::normalize on the zero vector
Warning: called MathVec3D::normalize on the zero vector
Warning: called MathVec3D::normalize on the zero vector
Warning: called MathVec3D::normalize on the zero vector
Warning: called MathVec3D::normalize on the zero vector
Warning: called MathVec3D::normalize on the zero vector
Warning: called MathVec3D::normalize on the zero vector
Warning: called MathVec3D::normalize on the zero vector
Warning: called MathVec3D::normalize on the zero vector
Warning: called MathVec3D::normalize on the zero vector
Warning: called MathVec3D::normalize on the zero vector
Warning: called MathVec3D::normalize on the zero vector
Warning: called MathVec3D::normalize on the zero vector
Warning: called MathVec3D::normalize on the zero vector
Warning: called MathVec3D::normalize on the zero vector
Warning: called MathVec3D::normalize on the zero vector
Warning: called MathVec3D::normalize on the zero vector
Warning: called MathVec3D::normalize on the zero vector
Warning: called MathVec3D::normalize on the zero vector
Warning: called MathVec3D::normalize on the zero vector
Warning: called MathVec3D::normalize on the zero vector
Warning: called MathVec3D::normalize on the zero vector
Warning: called MathVec3D::normalize on the zero vector
Warning: called MathVec3D::normalize on the zero vector
Warning: called MathVec3D::normalize on the zero vector
Warning: called MathVec3D::normalize on the zero vector
Warning: called MathVec3D::normalize on the zero vector
Warning: called MathVec3D::normalize on the zero vector
Warning: called MathVec3D::normalize on the zero vector
Warning: called MathVec3D::normalize on the zero vector
Warning: called MathVec3D::normalize on the zero vector
Warning: called MathVec3D::normalize on the zero vector
Warning: called MathVec3D::normalize on the zero vector
Warning: called MathVec3D::normalize on the zero vector
Warning: called MathVec3D::normalize on the zero vector
Warning: called MathVec3D::normalize on the zero vector
Warning: called MathVec3D::normalize on the zero vector
Warning: called MathVec3D::normalize on the zero vector
Warning: called MathVec3D::normalize on the zero vector
Warning: called MathVec3D::normalize on the zero vector
Warning: called MathVec3D::normalize on the zero vector
Warning: called MathVec3D::normalize on the zero vector
Warning: called MathVec3D::normalize on the zero vector
Warning: called MathVec3D::normalize on the zero vector
Warning: called MathVec3D::normalize on the zero vector
Warning: called MathVec3D::normalize on the zero vector
Warning: called MathVec3D::normalize on the zero vector
Warning: called MathVec3D::normalize on the zero vector
Warning: called MathVec3D::normalize on the zero vector
Warning: called MathVec3D::normalize on the zero vector
Warning: called MathVec3D::normalize on the zero vector
Warning: called MathVec3D::normalize on the zero vector
Warning: called MathVec3D::normalize on the zero vector
Warning: called MathVec3D::normalize on the zero vector
Warning: called MathVec3D::normalize on the zero vector
Warning: called MathVec3D::normalize on the zero vector
Warning: called MathVec3D::normalize on the zero vector
Warning: called MathVec3D::normalize on the zero vector
Warning: called MathVec3D::normalize on the zero vector
Warning: called MathVec3D::normalize on the zero vector
Warning: called MathVec3D::normalize on the zero vector
Warning: called MathVec3D::normalize on the zero vector
Warning: called MathVec3D::normalize on the zero vector
Warning: called MathVec3D::normalize on the zero vector
Warning: called MathVec3D::normalize on the zero vector
Warning: called MathVec3D::normalize on the zero vector
Warning: called MathVec3D::normalize on the zero vector
Warning: called MathVec3D::normalize on the zero vector
Warning: called MathVec3D::normalize on the zero vector
Warning: called MathVec3D::normalize on the zero vector
Warning: called MathVec3D::normalize on the zero vector
Warning: called MathVec3D::normalize on the zero vector
Warning: called MathVec3D::normalize on the zero vector
Warning: called MathVec3D::normalize on the zero vector
Warning: called MathVec3D::normalize on the zero vector
Warning: called MathVec3D::normalize on the zero vector
Warning: called MathVec3D::normalize on the zero vector
Warning: called MathVec3D::normalize on the zero vector
Warning: called MathVec3D::normalize on the zero vector
Warning: called MathVec3D::normalize on the zero vector
Warning: called MathVec3D::normalize on the zero vector
Warning: called MathVec3D::normalize on the zero vector
Warning: called MathVec3D::normalize on the zero vector
Warning: called MathVec3D::normalize on the zero vector
Warning: called MathVec3D::normalize on the zero vector
Warning: called MathVec3D::normalize on the zero vector
Warning: called MathVec3D::normalize on the zero vector
Warning: called MathVec3D::normalize on the zero vector
Warning: called MathVec3D::normalize on the zero vector
Warning: called MathVec3D::normalize on the zero vector
Warning: called MathVec3D::normalize on the zero vector
Warning: called MathVec3D::normalize on the zero vector
Warning: called MathVec3D::normalize on the zero vector
Warning: called MathVec3D::normalize on the zero vector
Warning: called MathVec3D::normalize on the zero vector
Warning: called MathVec3D::normalize on the zero vector
Warning: called MathVec3D::normalize on the zero vector
Warning: called MathVec3D::normalize on the zero vector
Warning: called MathVec3D::normalize on the zero vector
Warning: called MathVec3D::normalize on the zero vector
Warning: called MathVec3D::normalize on the zero vector
Warning: called MathVec3D::normalize on the zero vector
Warning: called MathVec3D::normalize on the zero vector
Warning: called MathVec3D::normalize on the zero vector
Warning: called MathVec3D::normalize on the zero vector
Warning: called MathVec3D::normalize on the zero vector
Warning: called MathVec3D::normalize on the zero vector
Warning: called MathVec3D::normalize on the zero vector
Warning: called MathVec3D::normalize on the zero vector
Warning: called MathVec3D::normalize on the zero vector
Warning: called MathVec3D::normalize on the zero vector
Warning: called MathVec3D::normalize on the zero vector
Warning: called MathVec3D::normalize on the zero vector
Warning: called MathVec3D::normalize on the zero vector
Warning: called MathVec3D::normalize on the zero vector
Warning: called MathVec3D::normalize on the zero vector
Finding vertex neighbors... Done.
Computing point areas... Done.
Finding vertex to triangle maps... Done.
Computing normals... Done.
Computing curvatures... Done.
Warning: called MathVec3D::normalize on the zero vector
Warning: called MathVec3D::normalize on the zero vector
Warning: called MathVec3D::normalize on the zero vector
Warning: called MathVec3D::normalize on the zero vector
Warning: called MathVec3D::normalize on the zero vector
Warning: called MathVec3D::normalize on the zero vector
Warning: called MathVec3D::normalize on the zero vector
Warning: called MathVec3D::normalize on the zero vector
Warning: called MathVec3D::normalize on the zero vector
Warning: called MathVec3D::normalize on the zero vector
Warning: called MathVec3D::normalize on the zero vector
Warning: called MathVec3D::normalize on the zero vector
Warning: called MathVec3D::normalize on the zero vector
Warning: called MathVec3D::normalize on the zero vector
Warning: called MathVec3D::normalize on the zero vector
Warning: called MathVec3D::normalize on the zero vector
Warning: called MathVec3D::normalize on the zero vector
Warning: called MathVec3D::normalize on the zero vector
Warning: called MathVec3D::normalize on the zero vector
Warning: called MathVec3D::normalize on the zero vector
Warning: called MathVec3D::normalize on the zero vector
Warning: called MathVec3D::normalize on the zero vector
Warning: called MathVec3D::normalize on the zero vector
Warning: called MathVec3D::normalize on the zero vector
Warning: called MathVec3D::normalize on the zero vector
Warning: called MathVec3D::normalize on the zero vector
Warning: called MathVec3D::normalize on the zero vector
Warning: called MathVec3D::normalize on the zero vector
Warning: called MathVec3D::normalize on the zero vector
Warning: called MathVec3D::normalize on the zero vector
Warning: called MathVec3D::normalize on the zero vector
Warning: called MathVec3D::normalize on the zero vector
Warning: called MathVec3D::normalize on the zero vector
Warning: called MathVec3D::normalize on the zero vector
Warning: called MathVec3D::normalize on the zero vector
Warning: called MathVec3D::normalize on the zero vector
Warning: called MathVec3D::normalize on the zero vector
Warning: called MathVec3D::normalize on the zero vector
Warning: called MathVec3D::normalize on the zero vector
Warning: called MathVec3D::normalize on the zero vector
Warning: called MathVec3D::normalize on the zero vector
Warning: called MathVec3D::normalize on the zero vector
Warning: called MathVec3D::normalize on the zero vector
Warning: called MathVec3D::normalize on the zero vector
Warning: called MathVec3D::normalize on the zero vector
Warning: called MathVec3D::normalize on the zero vector
Warning: called MathVec3D::normalize on the zero vector
Warning: called MathVec3D::normalize on the zero vector
Warning: called MathVec3D::normalize on the zero vector
Warning: called MathVec3D::normalize on the zero vector
Warning: called MathVec3D::normalize on the zero vector
Warning: called MathVec3D::normalize on the zero vector
Warning: called MathVec3D::normalize on the zero vector
Warning: called MathVec3D::normalize on the zero vector
Warning: called MathVec3D::normalize on the zero vector
Warning: called MathVec3D::normalize on the zero vector
Warning: called MathVec3D::normalize on the zero vector
Computing normals... Done.
Finding vertex to triangle maps... Done.
Finding across-edge maps... Done.
Building triangle strips... Done.
  23138 strips (Avg. length 7.4)
Finding vertex neighbors... Done.
Computing point areas... Done.
Finding vertex neighbors... Done.
Computing point areas... Done.
Finding vertex to triangle maps... Done.
Computing normals... Done.
Computing curvatures... Done.
Computing normals... Done.
Finding vertex to triangle maps... Done.
Finding across-edge maps... Done.
Building triangle strips... Done.
  17769 strips (Avg. length 7.5)
Finding vertex neighbors... Done.
Computing point areas... Done.
Finding vertex neighbors... Done.
Computing point areas... Done.
Finding vertex to triangle maps... Done.
Computing normals... Done.
Computing curvatures... Done.
Warning: called MathVec3D::normalize on the zero vector
Warning: called MathVec3D::normalize on the zero vector
Warning: called MathVec3D::normalize on the zero vector
Warning: called MathVec3D::normalize on the zero vector
Warning: called MathVec3D::normalize on the zero vector
Warning: called MathVec3D::normalize on the zero vector
Warning: called MathVec3D::normalize on the zero vector
Computing normals... Done.
Finding vertex to triangle maps... Done.
Finding across-edge maps... Done.
Building triangle strips... Done.
  14419 strips (Avg. length 7.5)
Finding vertex neighbors... Done.
Computing point areas... Done.
Computing normals... Done.
Computing curvatures... Done.
Computing dcurv... Done.
Computing bounding box... Done.
  x = 43.9265 .. 119.618, y = 40.9798 .. 112.444, z = 44.8587 .. 123.678
Computing bounding sphere... Done.
  center = (82.4874, 68.9434, 82.3464), radius = 48.6575
Warning: called MathVec3D::normalize on the zero vector
Warning: called MathVec3D::normalize on the zero vector
Warning: called MathVec3D::normalize on the zero vector
Warning: called MathVec3D::normalize on the zero vector
Warning: called MathVec3D::normalize on the zero vector
Warning: called MathVec3D::normalize on the zero vector
Warning: called MathVec3D::normalize on the zero vector
Warning: called MathVec3D::normalize on the zero vector
Warning: called MathVec3D::normalize on the zero vector
Warning: called MathVec3D::normalize on the zero vector
Warning: called MathVec3D::normalize on the zero vector
Warning: called MathVec3D::normalize on the zero vector
Warning: called MathVec3D::normalize on the zero vector
Warning: called MathVec3D::normalize on the zero vector
Warning: called MathVec3D::normalize on the zero vector
Warning: called MathVec3D::normalize on the zero vector
Warning: called MathVec3D::normalize on the zero vector
Warning: called MathVec3D::normalize on the zero vector
Warning: called MathVec3D::normalize on the zero vector
Warning: called MathVec3D::normalize on the zero vector
Warning: called MathVec3D::normalize on the zero vector
Warning: called MathVec3D::normalize on the zero vector
Warning: called MathVec3D::normalize on the zero vector
Warning: called MathVec3D::normalize on the zero vector
Warning: called MathVec3D::normalize on the zero vector
Warning: called MathVec3D::normalize on the zero vector
Warning: called MathVec3D::normalize on the zero vector
Warning: called MathVec3D::normalize on the zero vector
Warning: called MathVec3D::normalize on the zero vector
Warning: called MathVec3D::normalize on the zero vector
Warning: called MathVec3D::normalize on the zero vector
Warning: called MathVec3D::normalize on the zero vector
Warning: called MathVec3D::normalize on the zero vector
Warning: called MathVec3D::normalize on the zero vector
Warning: called MathVec3D::normalize on the zero vector
Warning: called MathVec3D::normalize on the zero vector
Warning: called MathVec3D::normalize on the zero vector
Warning: called MathVec3D::normalize on the zero vector
Warning: called MathVec3D::normalize on the zero vector
Warning: called MathVec3D::normalize on the zero vector
Warning: called MathVec3D::normalize on the zero vector
Warning: called MathVec3D::normalize on the zero vector
Warning: called MathVec3D::normalize on the zero vector
Warning: called MathVec3D::normalize on the zero vector
Warning: called MathVec3D::normalize on the zero vector
Warning: called MathVec3D::normalize on the zero vector
Warning: called MathVec3D::normalize on the zero vector
Warning: called MathVec3D::normalize on the zero vector
Warning: called MathVec3D::normalize on the zero vector
Warning: called MathVec3D::normalize on the zero vector
Warning: called MathVec3D::normalize on the zero vector
Warning: called MathVec3D::normalize on the zero vector
Warning: called MathVec3D::normalize on the zero vector
Warning: called MathVec3D::normalize on the zero vector
Warning: called MathVec3D::normalize on the zero vector
Warning: called MathVec3D::normalize on the zero vector
Warning: called MathVec3D::normalize on the zero vector
Warning: called MathVec3D::normalize on the zero vector
Warning: called MathVec3D::normalize on the zero vector
Warning: called MathVec3D::normalize on the zero vector
Warning: called MathVec3D::normalize on the zero vector
Warning: called MathVec3D::normalize on the zero vector
Warning: called MathVec3D::normalize on the zero vector
Warning: called MathVec3D::normalize on the zero vector
Warning: called MathVec3D::normalize on the zero vector
Warning: called MathVec3D::normalize on the zero vector
Warning: called MathVec3D::normalize on the zero vector
Warning: called MathVec3D::normalize on the zero vector
Warning: called MathVec3D::normalize on the zero vector
Warning: called MathVec3D::normalize on the zero vector
Warning: called MathVec3D::normalize on the zero vector
Warning: called MathVec3D::normalize on the zero vector
Warning: called MathVec3D::normalize on the zero vector
Warning: called MathVec3D::normalize on the zero vector
Warning: called MathVec3D::normalize on the zero vector
Warning: called MathVec3D::normalize on the zero vector
Warning: called MathVec3D::normalize on the zero vector
Warning: called MathVec3D::normalize on the zero vector
Warning: called MathVec3D::normalize on the zero vector
Warning: called MathVec3D::normalize on the zero vector
Warning: called MathVec3D::normalize on the zero vector
Warning: called MathVec3D::normalize on the zero vector
Warning: called MathVec3D::normalize on the zero vector
Warning: called MathVec3D::normalize on the zero vector
Warning: called MathVec3D::normalize on the zero vector
Warning: called MathVec3D::normalize on the zero vector
Warning: called MathVec3D::normalize on the zero vector
Warning: called MathVec3D::normalize on the zero vector
Warning: called MathVec3D::normalize on the zero vector
Warning: called MathVec3D::normalize on the zero vector
Warning: called MathVec3D::normalize on the zero vector
Warning: called MathVec3D::normalize on the zero vector
Warning: called MathVec3D::normalize on the zero vector
Warning: called MathVec3D::normalize on the zero vector
Warning: called MathVec3D::normalize on the zero vector
Warning: called MathVec3D::normalize on the zero vector
Warning: called MathVec3D::normalize on the zero vector
Warning: called MathVec3D::normalize on the zero vector
Warning: called MathVec3D::normalize on the zero vector
Warning: called MathVec3D::normalize on the zero vector
Warning: called MathVec3D::normalize on the zero vector
Warning: called MathVec3D::normalize on the zero vector
Warning: called MathVec3D::normalize on the zero vector
Warning: called MathVec3D::normalize on the zero vector
Warning: called MathVec3D::normalize on the zero vector
Warning: called MathVec3D::normalize on the zero vector
Warning: called MathVec3D::normalize on the zero vector
Warning: called MathVec3D::normalize on the zero vector
Warning: called MathVec3D::normalize on the zero vector
Warning: called MathVec3D::normalize on the zero vector
Warning: called MathVec3D::normalize on the zero vector
Warning: called MathVec3D::normalize on the zero vector
Warning: called MathVec3D::normalize on the zero vector
Warning: called MathVec3D::normalize on the zero vector
Warning: called MathVec3D::normalize on the zero vector
Warning: called MathVec3D::normalize on the zero vector
Warning: called MathVec3D::normalize on the zero vector
Warning: called MathVec3D::normalize on the zero vector
Warning: called MathVec3D::normalize on the zero vector
Warning: called MathVec3D::normalize on the zero vector
Warning: called MathVec3D::normalize on the zero vector
Warning: called MathVec3D::normalize on the zero vector
Warning: called MathVec3D::normalize on the zero vector
Warning: called MathVec3D::normalize on the zero vector
Warning: called MathVec3D::normalize on the zero vector
Warning: called MathVec3D::normalize on the zero vector
Warning: called MathVec3D::normalize on the zero vector
Warning: called MathVec3D::normalize on the zero vector
Warning: called MathVec3D::normalize on the zero vector
Warning: called MathVec3D::normalize on the zero vector
Warning: called MathVec3D::normalize on the zero vector
Warning: called MathVec3D::normalize on the zero vector
Warning: called MathVec3D::normalize on the zero vector
Warning: called MathVec3D::normalize on the zero vector
Warning: called MathVec3D::normalize on the zero vector
Warning: called MathVec3D::normalize on the zero vector
Warning: called MathVec3D::normalize on the zero vector
Warning: called MathVec3D::normalize on the zero vector
Warning: called MathVec3D::normalize on the zero vector
Warning: called MathVec3D::normalize on the zero vector
Warning: called MathVec3D::normalize on the zero vector
Warning: called MathVec3D::normalize on the zero vector
Warning: called MathVec3D::normalize on the zero vector
Warning: called MathVec3D::normalize on the zero vector
Warning: called MathVec3D::normalize on the zero vector
Warning: called MathVec3D::normalize on the zero vector
Warning: called MathVec3D::normalize on the zero vector
Warning: called MathVec3D::normalize on the zero vector
Warning: called MathVec3D::normalize on the zero vector
Warning: called MathVec3D::normalize on the zero vector
Warning: called MathVec3D::normalize on the zero vector
Warning: called MathVec3D::normalize on the zero vector
Warning: called MathVec3D::normalize on the zero vector
Warning: called MathVec3D::normalize on the zero vector
Warning: called MathVec3D::normalize on the zero vector
Warning: called MathVec3D::normalize on the zero vector
Warning: called MathVec3D::normalize on the zero vector
Warning: called MathVec3D::normalize on the zero vector
Warning: called MathVec3D::normalize on the zero vector
Warning: called MathVec3D::normalize on the zero vector
Warning: called MathVec3D::normalize on the zero vector
Warning: called MathVec3D::normalize on the zero vector
Warning: called MathVec3D::normalize on the zero vector
Warning: called MathVec3D::normalize on the zero vector
Warning: called MathVec3D::normalize on the zero vector
Warning: called MathVec3D::normalize on the zero vector
Warning: called MathVec3D::normalize on the zero vector
Warning: called MathVec3D::normalize on the zero vector
Warning: called MathVec3D::normalize on the zero vector
Warning: called MathVec3D::normalize on the zero vector
Warning: called MathVec3D::normalize on the zero vector
Warning: called MathVec3D::normalize on the zero vector
Warning: called MathVec3D::normalize on the zero vector
Warning: called MathVec3D::normalize on the zero vector
Warning: called MathVec3D::normalize on the zero vector
Warning: called MathVec3D::normalize on the zero vector
Warning: called MathVec3D::normalize on the zero vector
Warning: called MathVec3D::normalize on the zero vector
Warning: called MathVec3D::normalize on the zero vector
Warning: called MathVec3D::normalize on the zero vector
Warning: called MathVec3D::normalize on the zero vector
Warning: called MathVec3D::normalize on the zero vector
Warning: called MathVec3D::normalize on the zero vector
Warning: called MathVec3D::normalize on the zero vector
Warning: called MathVec3D::normalize on the zero vector
Warning: called MathVec3D::normalize on the zero vector
Warning: called MathVec3D::normalize on the zero vector
Warning: called MathVec3D::normalize on the zero vector
Warning: called MathVec3D::normalize on the zero vector
Warning: called MathVec3D::normalize on the zero vector
Writing /Storage/bacterjobs/2523/decal-2523_00_0_.face_abstracted.ply... Done.
Writing /Storage/bacterjobs/2523/decal-2523_00_0_.face.ply... Done.
