Finding vertex to triangle maps... Done.
Finding across-edge maps... Done.
Building triangle strips... Done.
  2222 strips (Avg. length 6.6)
Computing bounding box... Done.
  x = -16.105 .. 9.197, y = -18.424 .. 17.82, z = -17.889 .. 5.938
Computing bounding sphere... Done.
  center = (-4.29494, -0.235069, -2.58365), radius = 18.8603
Computing point areas... Done.
Computing curvatures... Done.
Computing dcurv... Done.

Warning: Missing either "hbondwhatif" or "usage" functions in hbondwhatif.py!
This extension will not be included.

VASSERT: ASSERTION FAILURE!  filename vmem.c, line 241, ((num > 0) && (size > 0))
sh: line 1: 98327 Abort trap              /usr/local/grape/Release/apbs-tools/bin/apbs "2487.in"
Finding vertex neighbors... Done.
Finding vertex neighbors... Done.
Computing point areas... Done.
Finding vertex to triangle maps... Done.
Computing normals... Done.
Computing curvatures... Done.
Computing normals... Done.
Finding vertex to triangle maps... Done.
Finding across-edge maps... Done.
Building triangle strips... Done.
  1526 strips (Avg. length 7.3)
Finding vertex neighbors... Done.
Computing point areas... Done.
Finding vertex neighbors... Done.
Computing point areas... Done.
Finding vertex to triangle maps... Done.
Computing normals... Done.
Computing curvatures... Done.
Computing normals... Done.
Finding vertex to triangle maps... Done.
Finding across-edge maps... Done.
Building triangle strips... Done.
  1269 strips (Avg. length 7.4)
Finding vertex neighbors... Done.
Computing point areas... Done.
Finding vertex neighbors... Done.
Computing point areas... Done.
Finding vertex to triangle maps... Done.
Computing normals... Done.
Computing curvatures... Done.
Computing normals... Done.
Finding vertex to triangle maps... Done.
Finding across-edge maps... Done.
Building triangle strips... Done.
  956 strips (Avg. length 7.6)
Finding vertex neighbors... Done.
Computing point areas... Done.
Computing normals... Done.
Computing curvatures... Done.
Computing dcurv... Done.
Computing bounding box... Done.
  x = -14.4357 .. 6.80834, y = -15.8786 .. 16.6409, z = -14.6093 .. 3.35774
Computing bounding sphere... Done.
  center = (-3.88337, 0.449368, -2.3663), radius = 16.5106
VASSERT: ASSERTION FAILURE!  filename vmem.c, line 241, ((num > 0) && (size > 0))
sh: line 1: 98332 Abort trap              /usr/local/grape/Release/apbs-tools/bin/apbs "2487.in"
Finding vertex to triangle maps... Done.
Finding across-edge maps... Done.
Building triangle strips... Done.
  204 strips (Avg. length 6.4)
Computing bounding box... Done.
  x = -6.232 .. 3.941, y = -5.934 .. 0.962, z = -7.085 .. 5.603
Computing bounding sphere... Done.
  center = (-1.61496, -2.74414, -0.599044), radius = 6.57988
Computing point areas... Done.
Computing curvatures... Done.
Computing dcurv... Done.
VASSERT: ASSERTION FAILURE!  filename vmem.c, line 241, ((num > 0) && (size > 0))
sh: line 1: 98335 Abort trap              /usr/local/grape/Release/apbs-tools/bin/apbs "2487.in"
Finding vertex to triangle maps... Done.
Finding across-edge maps... Done.
Building triangle strips... Done.
  187 strips (Avg. length 6.8)
Computing bounding box... Done.
  x = -2.103 .. 10.067, y = 2.961 .. 11.313, z = -10.978 .. -1.074
Computing bounding sphere... Done.
  center = (3.95088, 6.56693, -5.90521), radius = 6.19718
Computing point areas... Done.
Computing curvatures... Done.
Computing dcurv... Done.
VASSERT: ASSERTION FAILURE!  filename vmem.c, line 241, ((num > 0) && (size > 0))
sh: line 1: 98339 Abort trap              /usr/local/grape/Release/apbs-tools/bin/apbs "2487.in"
Finding vertex to triangle maps... Done.
Finding across-edge maps... Done.
Building triangle strips... Done.
  206 strips (Avg. length 6.2)
Computing bounding box... Done.
  x = -8.938 .. 1.585, y = 7.537 .. 17.641, z = -13.097 .. -3.325
Computing bounding sphere... Done.
  center = (-3.63118, 12.6655, -8.26133), radius = 6.46197
Computing point areas... Done.
Computing curvatures... Done.
Computing dcurv... Done.
VASSERT: ASSERTION FAILURE!  filename vmem.c, line 241, ((num > 0) && (size > 0))
sh: line 1: 98343 Abort trap              /usr/local/grape/Release/apbs-tools/bin/apbs "2487.in"
Finding vertex to triangle maps... Done.
Finding across-edge maps... Done.
Building triangle strips... Done.
  201 strips (Avg. length 6.3)
Computing bounding box... Done.
  x = -14.149 .. -3.176, y = 5.815 .. 12.859, z = -5.392 .. 8.402
Computing bounding sphere... Done.
  center = (-8.58116, 10.289, 1.63184), radius = 7.10255
Computing point areas... Done.
Computing curvatures... Done.
Computing dcurv... Done.
VASSERT: ASSERTION FAILURE!  filename vmem.c, line 241, ((num > 0) && (size > 0))
sh: line 1: 98347 Abort trap              /usr/local/grape/Release/apbs-tools/bin/apbs "2487.in"
Finding vertex to triangle maps... Done.
Finding across-edge maps... Done.
Building triangle strips... Done.
  187 strips (Avg. length 6.9)
Computing bounding box... Done.
  x = -9.35 .. 1.845, y = -4.927 .. 1.313, z = -17.463 .. -5.953
Computing bounding sphere... Done.
  center = (-3.58553, -1.29936, -12.4657), radius = 6.57359
Computing point areas... Done.
Computing curvatures... Done.
Computing dcurv... Done.
VASSERT: ASSERTION FAILURE!  filename vmem.c, line 241, ((num > 0) && (size > 0))
sh: line 1: 98351 Abort trap              /usr/local/grape/Release/apbs-tools/bin/apbs "2487.in"
Writing /Storage/bacterjobs/2487/decal-2487_00_0_A.face_abstracted.ply... Done.
Writing /Storage/bacterjobs/2487/decal-2487_00_0_A.face.ply... Done.
Writing /Storage/bacterjobs/2487/decal-2487_01_20_SRA.face.ply... Done.
Writing /Storage/bacterjobs/2487/decal-2487_02_3_SRA.face.ply... Done.
Writing /Storage/bacterjobs/2487/decal-2487_03_6_SRA.face.ply... Done.
Writing /Storage/bacterjobs/2487/decal-2487_04_9_SRA.face.ply... Done.
Writing /Storage/bacterjobs/2487/decal-2487_05_12_SRA.face.ply... Done.
